#
# A fatal error has been detected by the Java Runtime Environment:
#
#  EXCEPTION_ACCESS_VIOLATION (0xc0000005) at pc=0x000001bb5a685b00, pid=21240, tid=0x0000000000002190
#
# JRE version: OpenJDK Runtime Environment (8.0_322-b06) (build 1.8.0_322-b06)
# Java VM: OpenJDK 64-Bit Server VM (25.322-b06 mixed mode windows-amd64 compressed oops)
# Problematic frame:
# C  [rxtxSerial.dll+0x5b00]
#
# Failed to write core dump. Minidumps are not enabled by default on client versions of Windows
#
# If you would like to submit a bug report, please visit:
#   https://github.com/corretto/corretto-8/issues/
# The crash happened outside the Java Virtual Machine in native code.
# See problematic frame for where to report the bug.
#

---------------  T H R E A D  ---------------

Current thread (0x000001bb58507000):  JavaThread "Thread-13" daemon [_thread_in_native, id=8592, stack(0x000000576c700000,0x000000576c800000)]

siginfo: ExceptionCode=0xc0000005, reading address 0x000000006c7ff1a8

Registers:
RAX=0x0000000000000001, RBX=0x0000000000000000, RCX=0x000001bb5a69d4d5, RDX=0xfffffffffffff665
RSP=0x000000576c7fe7a0, RBP=0x00000000ffffffff, RSI=0x0000000000000000, RDI=0x000001bb58507258
R8 =0x0000000000000002, R9 =0xfffffffffffff63c, R10=0x000000000000006a, R11=0x8101010101010100
R12=0x000000006c7ff1a0, R13=0x0000000000000001, R14=0x000000576c7fe980, R15=0x0000000000000000
RIP=0x000001bb5a685b00, EFLAGS=0x0000000000010202

Top of Stack: (sp=0x000000576c7fe7a0)
0x000000576c7fe7a0:   0000000000000000 0000000000000000
0x000000576c7fe7b0:   000000576c7fe988 0000000000000000
0x000000576c7fe7c0:   0000000000000000 000000576c7fe980
0x000000576c7fe7d0:   000001bb5a2f85a0 0000000000000001
0x000000576c7fe7e0:   000001bb58507258 0000000000000001
0x000000576c7fe7f0:   ffffffffffffffff 000001bb5a686211
0x000000576c7fe800:   000001bb5570bd00 0000000000000001
0x000000576c7fe810:   0000000000000001 000001bb5570bd00
0x000000576c7fe820:   000001bb00000001 000001bbffffffff
0x000000576c7fe830:   000000576c7fe988 000001bb5a2f85a0
0x000000576c7fe840:   000001bb58968e00 0000000063d8baa5
0x000000576c7fe850:   000000576c7fee00 000001bb58507000
0x000000576c7fe860:   000001bb5a2f85a8 0000000063dfc75c
0x000000576c7fe870:   000001bb5a2f85a8 000088cd2f1c5f0f
0x000000576c7fe880:   000001bb5a2f85a8 000001bb5a2f85a0
0x000000576c7fe890:   000001bb58507000 000000576c7fe988 

Instructions: (pc=0x000001bb5a685b00)
0x000001bb5a685ae0:   15 23 7a 01 00 48 8d 48 60 e8 3a 5d 00 00 4c 8b
0x000001bb5a685af0:   e5 8b ac 24 88 00 00 00 44 8b ac 24 80 00 00 00
0x000001bb5a685b00:   45 8b 74 24 08 41 89 5c 24 08 41 8b fd 85 ed 78
0x000001bb5a685b10:   09 ff 15 e9 14 01 00 44 8b f8 45 85 ed 7e 4a 90 


Register to memory mapping:

RAX=0x0000000000000001 is an unknown value
RBX=0x0000000000000000 is an unknown value
RCX=0x000001bb5a69d4d5 is an unknown value
RDX=0xfffffffffffff665 is an unknown value
RSP=0x000000576c7fe7a0 is pointing into the stack for thread: 0x000001bb58507000
RBP=0x00000000ffffffff is an unknown value
RSI=0x0000000000000000 is an unknown value
RDI=0x000001bb58507258 is an unknown value
R8 =0x0000000000000002 is an unknown value
R9 =0xfffffffffffff63c is an unknown value
R10=0x000000000000006a is an unknown value
R11=0x8101010101010100 is an unknown value
R12=0x000000006c7ff1a0 is an unknown value
R13=0x0000000000000001 is an unknown value
R14=0x000000576c7fe980 is pointing into the stack for thread: 0x000001bb58507000
R15=0x0000000000000000 is an unknown value


Stack: [0x000000576c700000,0x000000576c800000],  sp=0x000000576c7fe7a0,  free space=1017k
Native frames: (J=compiled Java code, j=interpreted, Vv=VM code, C=native code)
C  [rxtxSerial.dll+0x5b00]
C  [rxtxSerial.dll+0x6211]
C  0x000001bb2f7b9c8e

Java frames: (J=compiled Java code, j=interpreted, Vv=VM code)
j  gnu.io.RXTXPort.readArray([BII)I+0
j  gnu.io.RXTXPort$SerialInputStream.read([BII)I+212
j  gnu.io.RXTXPort$SerialInputStream.read([B)I+60
j  com.example.ppqppl_inpatient_ward_server.utils.SerialCom.serialEvent(Lgnu/io/SerialPortEvent;)V+99
j  gnu.io.RXTXPort.sendEvent(IZ)Z+382
v  ~StubRoutines::call_stub
j  gnu.io.RXTXPort.eventLoop()V+0
j  gnu.io.RXTXPort$MonitorThread.run()V+12
v  ~StubRoutines::call_stub

---------------  P R O C E S S  ---------------

Java Threads: ( => current thread )
  0x000001bb58511000 JavaThread "RMI TCP Connection(idle)" daemon [_thread_blocked, id=27604, stack(0x000000576ad00000,0x000000576ae00000)]
  0x000001bb58510800 JavaThread "RMI TCP Connection(idle)" daemon [_thread_blocked, id=27208, stack(0x000000576ac00000,0x000000576ad00000)]
  0x000001bb5850f800 JavaThread "DestroyJavaVM" [_thread_blocked, id=11492, stack(0x0000005768900000,0x0000005768a00000)]
  0x000001bb5850f000 JavaThread "Thread-12" [_thread_in_Java, id=360, stack(0x000000576c800000,0x000000576c900000)]
=>0x000001bb58507000 JavaThread "Thread-13" daemon [_thread_in_native, id=8592, stack(0x000000576c700000,0x000000576c800000)]
  0x000001bb5850e000 JavaThread "http-nio-8081-Acceptor" daemon [_thread_in_native, id=2448, stack(0x000000576c600000,0x000000576c700000)]
  0x000001bb5850d800 JavaThread "http-nio-8081-ClientPoller" daemon [_thread_in_native, id=1868, stack(0x000000576c500000,0x000000576c600000)]
  0x000001bb5850c800 JavaThread "http-nio-8081-exec-10" daemon [_thread_blocked, id=26784, stack(0x000000576c400000,0x000000576c500000)]
  0x000001bb5850b800 JavaThread "http-nio-8081-exec-9" daemon [_thread_blocked, id=12940, stack(0x000000576c300000,0x000000576c400000)]
  0x000001bb5850b000 JavaThread "http-nio-8081-exec-8" daemon [_thread_blocked, id=14096, stack(0x000000576c200000,0x000000576c300000)]
  0x000001bb58508800 JavaThread "http-nio-8081-exec-7" daemon [_thread_blocked, id=24080, stack(0x000000576c100000,0x000000576c200000)]
  0x000001bb58508000 JavaThread "http-nio-8081-exec-6" daemon [_thread_blocked, id=18184, stack(0x000000576c000000,0x000000576c100000)]
  0x000001bb58504000 JavaThread "http-nio-8081-exec-5" daemon [_thread_blocked, id=7856, stack(0x000000576bf00000,0x000000576c000000)]
  0x000001bb58509800 JavaThread "http-nio-8081-exec-4" daemon [_thread_blocked, id=26672, stack(0x000000576be00000,0x000000576bf00000)]
  0x000001bb58506000 JavaThread "http-nio-8081-exec-3" daemon [_thread_blocked, id=21040, stack(0x000000576bd00000,0x000000576be00000)]
  0x000001bb5850a000 JavaThread "http-nio-8081-exec-2" daemon [_thread_blocked, id=2452, stack(0x000000576bc00000,0x000000576bd00000)]
  0x000001bb58502800 JavaThread "http-nio-8081-exec-1" daemon [_thread_blocked, id=29740, stack(0x000000576bb00000,0x000000576bc00000)]
  0x000001bb58503000 JavaThread "http-nio-8081-BlockPoller" daemon [_thread_in_native, id=25760, stack(0x000000576ba00000,0x000000576bb00000)]
  0x000001bb58504800 JavaThread "File Watcher" daemon [_thread_blocked, id=25552, stack(0x000000576b900000,0x000000576ba00000)]
  0x000001bb58505800 JavaThread "RMI TCP Connection(idle)" daemon [_thread_blocked, id=15836, stack(0x000000576b700000,0x000000576b800000)]
  0x000001bb553bc800 JavaThread "Live Reload Server" daemon [_thread_in_native, id=6424, stack(0x000000576b800000,0x000000576b900000)]
  0x000001bb553bf000 JavaThread "HikariPool-1 housekeeper" daemon [_thread_blocked, id=8800, stack(0x000000576b500000,0x000000576b600000)]
  0x000001bb56dea800 JavaThread "mysql-cj-abandoned-connection-cleanup" daemon [_thread_blocked, id=2928, stack(0x000000576b300000,0x000000576b400000)]
  0x000001bb56e2e800 JavaThread "container-0" [_thread_blocked, id=25420, stack(0x000000576b200000,0x000000576b300000)]
  0x000001bb56b34800 JavaThread "Catalina-utility-2" [_thread_blocked, id=25320, stack(0x000000576b100000,0x000000576b200000)]
  0x000001bb56b49000 JavaThread "Catalina-utility-1" [_thread_blocked, id=19100, stack(0x000000576b000000,0x000000576b100000)]
  0x000001bb557cc000 JavaThread "RMI Scheduler(0)" daemon [_thread_blocked, id=29632, stack(0x000000576af00000,0x000000576b000000)]
  0x000001bb5662a000 JavaThread "RMI TCP Connection(idle)" daemon [_thread_blocked, id=19028, stack(0x000000576ae00000,0x000000576af00000)]
  0x000001bb55717800 JavaThread "RMI TCP Accept-0" daemon [_thread_in_native, id=8028, stack(0x000000576aa00000,0x000000576ab00000)]
  0x000001bb55466000 JavaThread "Service Thread" daemon [_thread_blocked, id=12776, stack(0x000000576a900000,0x000000576aa00000)]
  0x000001bb553bd800 JavaThread "C1 CompilerThread11" daemon [_thread_blocked, id=19436, stack(0x000000576a800000,0x000000576a900000)]
  0x000001bb553c0800 JavaThread "C1 CompilerThread10" daemon [_thread_blocked, id=17748, stack(0x000000576a700000,0x000000576a800000)]
  0x000001bb553bc000 JavaThread "C1 CompilerThread9" daemon [_thread_blocked, id=6908, stack(0x000000576a600000,0x000000576a700000)]
  0x000001bb553be000 JavaThread "C1 CompilerThread8" daemon [_thread_blocked, id=4292, stack(0x000000576a500000,0x000000576a600000)]
  0x000001bb553bf800 JavaThread "C2 CompilerThread7" daemon [_thread_blocked, id=22308, stack(0x000000576a400000,0x000000576a500000)]
  0x000001bb553b8800 JavaThread "C2 CompilerThread6" daemon [_thread_blocked, id=27052, stack(0x000000576a300000,0x000000576a400000)]
  0x000001bb55390000 JavaThread "C2 CompilerThread5" daemon [_thread_blocked, id=23124, stack(0x000000576a200000,0x000000576a300000)]
  0x000001bb5537f000 JavaThread "C2 CompilerThread4" daemon [_thread_blocked, id=672, stack(0x000000576a100000,0x000000576a200000)]
  0x000001bb5537a800 JavaThread "C2 CompilerThread3" daemon [_thread_blocked, id=24972, stack(0x000000576a000000,0x000000576a100000)]
  0x000001bb55377800 JavaThread "C2 CompilerThread2" daemon [_thread_blocked, id=3472, stack(0x0000005769f00000,0x000000576a000000)]
  0x000001bb55373800 JavaThread "C2 CompilerThread1" daemon [_thread_blocked, id=23776, stack(0x0000005769e00000,0x0000005769f00000)]
  0x000001bb55372800 JavaThread "C2 CompilerThread0" daemon [_thread_blocked, id=3432, stack(0x0000005769d00000,0x0000005769e00000)]
  0x000001bb55309800 JavaThread "Monitor Ctrl-Break" daemon [_thread_in_native, id=29112, stack(0x0000005769c00000,0x0000005769d00000)]
  0x000001bb5403f000 JavaThread "Attach Listener" daemon [_thread_blocked, id=28144, stack(0x0000005769b00000,0x0000005769c00000)]
  0x000001bb53fe5000 JavaThread "Signal Dispatcher" daemon [_thread_blocked, id=25488, stack(0x0000005769a00000,0x0000005769b00000)]
  0x000001bb522cb800 JavaThread "Finalizer" daemon [_thread_blocked, id=7120, stack(0x0000005769900000,0x0000005769a00000)]
  0x000001bb53fc2000 JavaThread "Reference Handler" daemon [_thread_blocked, id=7428, stack(0x0000005769800000,0x0000005769900000)]

Other Threads:
  0x000001bb2db5a800 VMThread [stack: 0x0000005769700000,0x0000005769800000] [id=19588]
  0x000001bb5571f000 WatcherThread [stack: 0x000000576ab00000,0x000000576ac00000] [id=24188]

VM state:not at safepoint (normal execution)

VM Mutex/Monitor currently owned by a thread: None

heap address: 0x00000005c1600000, size: 8170 MB, Compressed Oops mode: Zero based, Oop shift amount: 3
Narrow klass base: 0x0000000000000000, Narrow klass shift: 3
Compressed class space size: 1073741824 Address: 0x00000007c0000000

Heap:
 PSYoungGen      total 235008K, used 60411K [0x0000000715d00000, 0x000000072bb00000, 0x00000007c0000000)
  eden space 213504K, 18% used [0x0000000715d00000,0x00000007182ff218,0x0000000722d80000)
  from space 21504K, 99% used [0x0000000722d80000,0x000000072427faa0,0x0000000724280000)
  to   space 21504K, 0% used [0x000000072a600000,0x000000072a600000,0x000000072bb00000)
 ParOldGen       total 272384K, used 19102K [0x00000005c1600000, 0x00000005d2000000, 0x0000000715d00000)
  object space 272384K, 7% used [0x00000005c1600000,0x00000005c28a7af0,0x00000005d2000000)
 Metaspace       used 52899K, capacity 55924K, committed 56064K, reserved 1097728K
  class space    used 7513K, capacity 8079K, committed 8192K, reserved 1048576K

Card table byte_map: [0x000001bb3eb60000,0x000001bb3fb60000] byte_map_base: 0x000001bb3bd55000

Marking Bits: (ParMarkBitMap*) 0x00000000644e7860
 Begin Bits: [0x000001bb40610000, 0x000001bb485b8000)
 End Bits:   [0x000001bb485b8000, 0x000001bb50560000)

Polling page: 0x000001bb2dc00000

CodeCache: size=245760Kb used=10798Kb max_used=10798Kb free=234961Kb
 bounds [0x000001bb2f7a0000, 0x000001bb30230000, 0x000001bb3e7a0000]
 total_blobs=5347 nmethods=4765 adapters=490
 compilation: enabled

Compilation events (10 events):
Event: 69.301 Thread 0x000001bb553bc000 nmethod 4760 0x000001bb30229ad0 code [0x000001bb30229c20, 0x000001bb30229d18]
Event: 69.301 Thread 0x000001bb553bd800 nmethod 4761 0x000001bb30229d90 code [0x000001bb30229ee0, 0x000001bb30229fd8]
Event: 70.297 Thread 0x000001bb553be000 4762   !   1       sun.nio.ch.SelectorImpl::processDeregisterQueue (101 bytes)
Event: 70.298 Thread 0x000001bb553be000 nmethod 4762 0x000001bb3022a050 code [0x000001bb3022a240, 0x000001bb3022a760]
Event: 71.270 Thread 0x000001bb553bc000 4763       1       java.util.concurrent.ScheduledThreadPoolExecutor::canRunInCurrentRunState (20 bytes)
Event: 71.270 Thread 0x000001bb553bd800 4764       1       java.util.concurrent.ThreadPoolExecutor::isRunningOrShutdown (31 bytes)
Event: 71.270 Thread 0x000001bb553bd800 nmethod 4764 0x000001bb3022ac50 code [0x000001bb3022ada0, 0x000001bb3022af18]
Event: 71.270 Thread 0x000001bb553bc000 nmethod 4763 0x000001bb3022af90 code [0x000001bb3022b0e0, 0x000001bb3022b258]
Event: 71.326 Thread 0x000001bb553c0800 4765       1       org.springframework.boot.devtools.filewatch.FolderSnapshot::filter (72 bytes)
Event: 71.326 Thread 0x000001bb553c0800 nmethod 4765 0x000001bb3022b310 code [0x000001bb3022b4e0, 0x000001bb3022b8e0]

GC Heap History (10 events):
Event: 2.648 GC heap before
{Heap before GC invocations=3 (full 1):
 PSYoungGen      total 153088K, used 9298K [0x0000000715d00000, 0x0000000728800000, 0x00000007c0000000)
  eden space 131584K, 0% used [0x0000000715d00000,0x0000000715d00000,0x000000071dd80000)
  from space 21504K, 43% used [0x000000071f280000,0x000000071fb949d0,0x0000000720780000)
  to   space 21504K, 0% used [0x000000071dd80000,0x000000071dd80000,0x000000071f280000)
 ParOldGen       total 349696K, used 24K [0x00000005c1600000, 0x00000005d6b80000, 0x0000000715d00000)
  object space 349696K, 0% used [0x00000005c1600000,0x00000005c1606000,0x00000005d6b80000)
 Metaspace       used 20553K, capacity 21230K, committed 21296K, reserved 1067008K
  class space    used 2750K, capacity 2920K, committed 2944K, reserved 1048576K
Event: 2.675 GC heap after
Heap after GC invocations=3 (full 1):
 PSYoungGen      total 153088K, used 0K [0x0000000715d00000, 0x0000000728800000, 0x00000007c0000000)
  eden space 131584K, 0% used [0x0000000715d00000,0x0000000715d00000,0x000000071dd80000)
  from space 21504K, 0% used [0x000000071f280000,0x000000071f280000,0x0000000720780000)
  to   space 21504K, 0% used [0x000000071dd80000,0x000000071dd80000,0x000000071f280000)
 ParOldGen       total 179712K, used 8806K [0x00000005c1600000, 0x00000005cc580000, 0x0000000715d00000)
  object space 179712K, 4% used [0x00000005c1600000,0x00000005c1e99b98,0x00000005cc580000)
 Metaspace       used 20551K, capacity 21224K, committed 21296K, reserved 1067008K
  class space    used 2749K, capacity 2919K, committed 2944K, reserved 1048576K
}
Event: 3.637 GC heap before
{Heap before GC invocations=4 (full 1):
 PSYoungGen      total 153088K, used 131584K [0x0000000715d00000, 0x0000000728800000, 0x00000007c0000000)
  eden space 131584K, 100% used [0x0000000715d00000,0x000000071dd80000,0x000000071dd80000)
  from space 21504K, 0% used [0x000000071f280000,0x000000071f280000,0x0000000720780000)
  to   space 21504K, 0% used [0x000000071dd80000,0x000000071dd80000,0x000000071f280000)
 ParOldGen       total 179712K, used 8806K [0x00000005c1600000, 0x00000005cc580000, 0x0000000715d00000)
  object space 179712K, 4% used [0x00000005c1600000,0x00000005c1e99b98,0x00000005cc580000)
 Metaspace       used 26535K, capacity 27882K, committed 28032K, reserved 1073152K
  class space    used 3649K, capacity 3903K, committed 3968K, reserved 1048576K
Event: 3.642 GC heap after
Heap after GC invocations=4 (full 1):
 PSYoungGen      total 153088K, used 10263K [0x0000000715d00000, 0x0000000725a00000, 0x00000007c0000000)
  eden space 131584K, 0% used [0x0000000715d00000,0x0000000715d00000,0x000000071dd80000)
  from space 21504K, 47% used [0x000000071dd80000,0x000000071e785e10,0x000000071f280000)
  to   space 21504K, 0% used [0x0000000724500000,0x0000000724500000,0x0000000725a00000)
 ParOldGen       total 179712K, used 8814K [0x00000005c1600000, 0x00000005cc580000, 0x0000000715d00000)
  object space 179712K, 4% used [0x00000005c1600000,0x00000005c1e9bb98,0x00000005cc580000)
 Metaspace       used 26535K, capacity 27882K, committed 28032K, reserved 1073152K
  class space    used 3649K, capacity 3903K, committed 3968K, reserved 1048576K
}
Event: 4.417 GC heap before
{Heap before GC invocations=5 (full 1):
 PSYoungGen      total 153088K, used 99864K [0x0000000715d00000, 0x0000000725a00000, 0x00000007c0000000)
  eden space 131584K, 68% used [0x0000000715d00000,0x000000071b480488,0x000000071dd80000)
  from space 21504K, 47% used [0x000000071dd80000,0x000000071e785e10,0x000000071f280000)
  to   space 21504K, 0% used [0x0000000724500000,0x0000000724500000,0x0000000725a00000)
 ParOldGen       total 179712K, used 8814K [0x00000005c1600000, 0x00000005cc580000, 0x0000000715d00000)
  object space 179712K, 4% used [0x00000005c1600000,0x00000005c1e9bb98,0x00000005cc580000)
 Metaspace       used 33540K, capacity 35402K, committed 35496K, reserved 1079296K
  class space    used 4678K, capacity 5035K, committed 5120K, reserved 1048576K
Event: 4.426 GC heap after
Heap after GC invocations=5 (full 1):
 PSYoungGen      total 232448K, used 13221K [0x0000000715d00000, 0x0000000725780000, 0x00000007c0000000)
  eden space 213504K, 0% used [0x0000000715d00000,0x0000000715d00000,0x0000000722d80000)
  from space 18944K, 69% used [0x0000000724500000,0x00000007251e95d8,0x0000000725780000)
  to   space 21504K, 0% used [0x0000000722d80000,0x0000000722d80000,0x0000000724280000)
 ParOldGen       total 179712K, used 8822K [0x00000005c1600000, 0x00000005cc580000, 0x0000000715d00000)
  object space 179712K, 4% used [0x00000005c1600000,0x00000005c1e9db98,0x00000005cc580000)
 Metaspace       used 33540K, capacity 35402K, committed 35496K, reserved 1079296K
  class space    used 4678K, capacity 5035K, committed 5120K, reserved 1048576K
}
Event: 4.426 GC heap before
{Heap before GC invocations=6 (full 2):
 PSYoungGen      total 232448K, used 13221K [0x0000000715d00000, 0x0000000725780000, 0x00000007c0000000)
  eden space 213504K, 0% used [0x0000000715d00000,0x0000000715d00000,0x0000000722d80000)
  from space 18944K, 69% used [0x0000000724500000,0x00000007251e95d8,0x0000000725780000)
  to   space 21504K, 0% used [0x0000000722d80000,0x0000000722d80000,0x0000000724280000)
 ParOldGen       total 179712K, used 8822K [0x00000005c1600000, 0x00000005cc580000, 0x0000000715d00000)
  object space 179712K, 4% used [0x00000005c1600000,0x00000005c1e9db98,0x00000005cc580000)
 Metaspace       used 33540K, capacity 35402K, committed 35496K, reserved 1079296K
  class space    used 4678K, capacity 5035K, committed 5120K, reserved 1048576K
Event: 4.464 GC heap after
Heap after GC invocations=6 (full 2):
 PSYoungGen      total 232448K, used 0K [0x0000000715d00000, 0x0000000725780000, 0x00000007c0000000)
  eden space 213504K, 0% used [0x0000000715d00000,0x0000000715d00000,0x0000000722d80000)
  from space 18944K, 0% used [0x0000000724500000,0x0000000724500000,0x0000000725780000)
  to   space 21504K, 0% used [0x0000000722d80000,0x0000000722d80000,0x0000000724280000)
 ParOldGen       total 272384K, used 17938K [0x00000005c1600000, 0x00000005d2000000, 0x0000000715d00000)
  object space 272384K, 6% used [0x00000005c1600000,0x00000005c2784998,0x00000005d2000000)
 Metaspace       used 33540K, capacity 35402K, committed 35496K, reserved 1079296K
  class space    used 4678K, capacity 5035K, committed 5120K, reserved 1048576K
}
Event: 6.219 GC heap before
{Heap before GC invocations=7 (full 2):
 PSYoungGen      total 232448K, used 213504K [0x0000000715d00000, 0x0000000725780000, 0x00000007c0000000)
  eden space 213504K, 100% used [0x0000000715d00000,0x0000000722d80000,0x0000000722d80000)
  from space 18944K, 0% used [0x0000000724500000,0x0000000724500000,0x0000000725780000)
  to   space 21504K, 0% used [0x0000000722d80000,0x0000000722d80000,0x0000000724280000)
 ParOldGen       total 272384K, used 17938K [0x00000005c1600000, 0x00000005d2000000, 0x0000000715d00000)
  object space 272384K, 6% used [0x00000005c1600000,0x00000005c2784998,0x00000005d2000000)
 Metaspace       used 52269K, capacity 55132K, committed 55424K, reserved 1097728K
  class space    used 7416K, capacity 7957K, committed 8064K, reserved 1048576K
Event: 6.232 GC heap after
Heap after GC invocations=7 (full 2):
 PSYoungGen      total 235008K, used 21502K [0x0000000715d00000, 0x000000072bb00000, 0x00000007c0000000)
  eden space 213504K, 0% used [0x0000000715d00000,0x0000000715d00000,0x0000000722d80000)
  from space 21504K, 99% used [0x0000000722d80000,0x000000072427faa0,0x0000000724280000)
  to   space 21504K, 0% used [0x000000072a600000,0x000000072a600000,0x000000072bb00000)
 ParOldGen       total 272384K, used 19102K [0x00000005c1600000, 0x00000005d2000000, 0x0000000715d00000)
  object space 272384K, 7% used [0x00000005c1600000,0x00000005c28a7af0,0x00000005d2000000)
 Metaspace       used 52269K, capacity 55132K, committed 55424K, reserved 1097728K
  class space    used 7416K, capacity 7957K, committed 8064K, reserved 1048576K
}

Deoptimization events (0 events):
No events

Classes redefined (0 events):
No events

Internal exceptions (10 events):
Event: 5.876 Thread 0x000001bb559b1000 Exception <a 'java/lang/ClassNotFoundException': org/springframework/web/servlet/config/annotation/WebMvcConfigurationSupportCustomizer> (0x0000000720a760a0) thrown at [C:\wsjdk\Corretto8Src\installers\windows\zip\corretto-build\buildRoot\src\hotspot\src\
Event: 5.876 Thread 0x000001bb559b1000 Exception <a 'java/lang/ClassNotFoundException': org/springframework/web/servlet/config/annotation/DelegatingWebMvcConfigurationCustomizer> (0x0000000720aac468) thrown at [C:\wsjdk\Corretto8Src\installers\windows\zip\corretto-build\buildRoot\src\hotspot\s
Event: 5.877 Thread 0x000001bb559b1000 Exception <a 'java/lang/ClassNotFoundException': org/springframework/boot/autoconfigure/web/servlet/WebMvcAutoConfiguration$EnableWebMvcConfigurationCustomizer> (0x0000000720ad8760) thrown at [C:\wsjdk\Corretto8Src\installers\windows\zip\corretto-build\bu
Event: 5.878 Thread 0x000001bb559b1000 Exception <a 'java/lang/ClassNotFoundException': org/springframework/context/ResourceLoaderAwareCustomizer> (0x0000000720b01c30) thrown at [C:\wsjdk\Corretto8Src\installers\windows\zip\corretto-build\buildRoot\src\hotspot\src\share\vm\classfile\systemDict
Event: 5.878 Thread 0x000001bb559b1000 Exception <a 'java/lang/ClassNotFoundException': org/springframework/beans/factory/AwareCustomizer> (0x0000000720b188e8) thrown at [C:\wsjdk\Corretto8Src\installers\windows\zip\corretto-build\buildRoot\src\hotspot\src\share\vm\classfile\systemDictionary.c
Event: 5.878 Thread 0x000001bb559b1000 Exception <a 'java/lang/ClassNotFoundException': org/springframework/context/ApplicationContextAwareCustomizer> (0x0000000720b31fb8) thrown at [C:\wsjdk\Corretto8Src\installers\windows\zip\corretto-build\buildRoot\src\hotspot\src\share\vm\classfile\system
Event: 5.879 Thread 0x000001bb559b1000 Exception <a 'java/lang/ClassNotFoundException': org/springframework/beans/factory/AwareCustomizer> (0x0000000720b49278) thrown at [C:\wsjdk\Corretto8Src\installers\windows\zip\corretto-build\buildRoot\src\hotspot\src\share\vm\classfile\systemDictionary.c
Event: 5.879 Thread 0x000001bb559b1000 Exception <a 'java/lang/ClassNotFoundException': org/springframework/web/context/ServletContextAwareCustomizer> (0x0000000720b62970) thrown at [C:\wsjdk\Corretto8Src\installers\windows\zip\corretto-build\buildRoot\src\hotspot\src\share\vm\classfile\system
Event: 5.879 Thread 0x000001bb559b1000 Exception <a 'java/lang/ClassNotFoundException': org/springframework/beans/factory/AwareCustomizer> (0x0000000720b796a0) thrown at [C:\wsjdk\Corretto8Src\installers\windows\zip\corretto-build\buildRoot\src\hotspot\src\share\vm\classfile\systemDictionary.c
Event: 6.086 Thread 0x000001bb559b1000 Exception <a 'java/lang/IncompatibleClassChangeError': Found class java.lang.Object, but interface was expected> (0x000000072226dbb8) thrown at [C:\wsjdk\Corretto8Src\installers\windows\zip\corretto-build\buildRoot\src\hotspot\src\share\vm\interpreter\lin

Events (10 events):
Event: 14.144 loading class org/apache/tomcat/PeriodicEventListener
Event: 14.144 loading class org/apache/tomcat/PeriodicEventListener done
Event: 64.148 loading class org/apache/catalina/Session
Event: 64.148 loading class org/apache/catalina/Session done
Event: 76.095 loading class gnu/io/SerialPortEvent
Event: 76.095 loading class gnu/io/SerialPortEvent done
Event: 76.095 Executing VM operation: RevokeBias
Event: 76.095 Executing VM operation: RevokeBias done
Event: 76.095 Executing VM operation: RevokeBias
Event: 76.095 Executing VM operation: RevokeBias done


Dynamic libraries:
0x00007ff64e470000 - 0x00007ff64e4aa000 	D:\environment\java_environment\jdk-1.8\bin\java.exe
0x00007ff8211f0000 - 0x00007ff821404000 	C:\WINDOWS\SYSTEM32\ntdll.dll
0x00007ff81f620000 - 0x00007ff81f6e2000 	C:\WINDOWS\System32\KERNEL32.DLL
0x00007ff81e9d0000 - 0x00007ff81ed73000 	C:\WINDOWS\System32\KERNELBASE.dll
0x00007ff8205a0000 - 0x00007ff82064e000 	C:\WINDOWS\System32\ADVAPI32.dll
0x00007ff81fd10000 - 0x00007ff81fdb7000 	C:\WINDOWS\System32\msvcrt.dll
0x00007ff8204f0000 - 0x00007ff820594000 	C:\WINDOWS\System32\sechost.dll
0x00007ff820250000 - 0x00007ff820367000 	C:\WINDOWS\System32\RPCRT4.dll
0x00007ff81f280000 - 0x00007ff81f42b000 	C:\WINDOWS\System32\USER32.dll
0x00007ff81e830000 - 0x00007ff81e856000 	C:\WINDOWS\System32\win32u.dll
0x00007ff81f1f0000 - 0x00007ff81f219000 	C:\WINDOWS\System32\GDI32.dll
0x00007ff81e670000 - 0x00007ff81e788000 	C:\WINDOWS\System32\gdi32full.dll
0x00007ff81e790000 - 0x00007ff81e82a000 	C:\WINDOWS\System32\msvcp_win.dll
0x00007ff81ee40000 - 0x00007ff81ef51000 	C:\WINDOWS\System32\ucrtbase.dll
0x00007ff8036e0000 - 0x00007ff80396e000 	C:\WINDOWS\WinSxS\amd64_microsoft.windows.common-controls_6595b64144ccf1df_6.0.22621.1465_none_271271ab738361f1\COMCTL32.dll
0x00007ff820650000 - 0x00007ff820681000 	C:\WINDOWS\System32\IMM32.DLL
0x00007ff803f10000 - 0x00007ff803fff000 	D:\environment\java_environment\jdk-1.8\jre\bin\msvcr120.dll
0x00007ff803e60000 - 0x00007ff803f06000 	D:\environment\java_environment\jdk-1.8\jre\bin\msvcp120.dll
0x0000000063cf0000 - 0x0000000064566000 	D:\environment\java_environment\jdk-1.8\jre\bin\server\jvm.dll
0x00007ff81fd00000 - 0x00007ff81fd08000 	C:\WINDOWS\System32\PSAPI.DLL
0x00007ff8199a0000 - 0x00007ff8199a9000 	C:\WINDOWS\SYSTEM32\WSOCK32.dll
0x00007ff820370000 - 0x00007ff8203e1000 	C:\WINDOWS\System32\WS2_32.dll
0x00007ff817c50000 - 0x00007ff817c84000 	C:\WINDOWS\SYSTEM32\WINMM.dll
0x00007ff817f80000 - 0x00007ff817f8a000 	C:\WINDOWS\SYSTEM32\VERSION.dll
0x00007ff819c00000 - 0x00007ff819c0f000 	D:\environment\java_environment\jdk-1.8\jre\bin\verify.dll
0x00007ff819800000 - 0x00007ff819829000 	D:\environment\java_environment\jdk-1.8\jre\bin\java.dll
0x00007ffffcd70000 - 0x00007ffffcd9a000 	D:\environment\java_environment\jdk-1.8\jre\bin\instrument.dll
0x00007ff819bb0000 - 0x00007ff819bc6000 	D:\environment\java_environment\jdk-1.8\jre\bin\zip.dll
0x00007ff820690000 - 0x00007ff820e8a000 	C:\WINDOWS\System32\SHELL32.dll
0x00007ff81c5a0000 - 0x00007ff81ce6e000 	C:\WINDOWS\SYSTEM32\windows.storage.dll
0x00007ff81f970000 - 0x00007ff81fcf9000 	C:\WINDOWS\System32\combase.dll
0x00007ff81c460000 - 0x00007ff81c59e000 	C:\WINDOWS\SYSTEM32\wintypes.dll
0x00007ff81f0f0000 - 0x00007ff81f1e1000 	C:\WINDOWS\System32\SHCORE.dll
0x00007ff821050000 - 0x00007ff8210ae000 	C:\WINDOWS\System32\shlwapi.dll
0x00007ff81e530000 - 0x00007ff81e551000 	C:\WINDOWS\SYSTEM32\profapi.dll
0x00007ff8025b0000 - 0x00007ff8025ca000 	D:\environment\IDE\IntelliJ IDEA 2021.3.3\bin\breakgen64.dll
0x00007ff818da0000 - 0x00007ff818dba000 	D:\environment\java_environment\jdk-1.8\jre\bin\net.dll
0x00007ff81da70000 - 0x00007ff81dad9000 	C:\WINDOWS\system32\mswsock.dll
0x00007ff8022b0000 - 0x00007ff8022e3000 	C:\Program Files (x86)\Sangfor\SSL\ClientComponent\SangforNspX64.dll
0x00007ff81f7d0000 - 0x00007ff81f96c000 	C:\WINDOWS\System32\ole32.dll
0x00007ff81f6f0000 - 0x00007ff81f7c7000 	C:\WINDOWS\System32\OLEAUT32.dll
0x00007ff81d140000 - 0x00007ff81d233000 	C:\WINDOWS\SYSTEM32\DNSAPI.dll
0x00007ff81d0d0000 - 0x00007ff81d0fd000 	C:\WINDOWS\SYSTEM32\IPHLPAPI.DLL
0x00007ff81f610000 - 0x00007ff81f619000 	C:\WINDOWS\System32\NSI.dll
0x00000000648f0000 - 0x0000000064916000 	C:\Program Files\Bonjour\mdnsNSP.dll
0x00007ff8130b0000 - 0x00007ff8130ba000 	C:\Windows\System32\rasadhlp.dll
0x00007ff815af0000 - 0x00007ff815b74000 	C:\WINDOWS\System32\fwpuclnt.dll
0x00007ff802bc0000 - 0x00007ff802bcd000 	D:\environment\java_environment\jdk-1.8\jre\bin\management.dll
0x00007ff818d80000 - 0x00007ff818d92000 	D:\environment\java_environment\jdk-1.8\jre\bin\nio.dll
0x00007ff81dd90000 - 0x00007ff81ddab000 	C:\WINDOWS\SYSTEM32\CRYPTSP.dll
0x00007ff81d580000 - 0x00007ff81d5b5000 	C:\WINDOWS\system32\rsaenh.dll
0x00007ff81db10000 - 0x00007ff81db38000 	C:\WINDOWS\SYSTEM32\USERENV.dll
0x00007ff81dec0000 - 0x00007ff81dee8000 	C:\WINDOWS\SYSTEM32\bcrypt.dll
0x00007ff81ef60000 - 0x00007ff81efdb000 	C:\WINDOWS\System32\bcryptprimitives.dll
0x00007ff81dd70000 - 0x00007ff81dd7c000 	C:\WINDOWS\SYSTEM32\CRYPTBASE.dll
0x00007ff817360000 - 0x00007ff817379000 	C:\WINDOWS\SYSTEM32\dhcpcsvc6.DLL
0x00007ff8172e0000 - 0x00007ff8172ff000 	C:\WINDOWS\SYSTEM32\dhcpcsvc.DLL
0x00007ffffdde0000 - 0x00007ffffddf7000 	C:\WINDOWS\system32\napinsp.dll
0x00007ffffd9b0000 - 0x00007ffffd9cb000 	C:\WINDOWS\system32\pnrpnsp.dll
0x00007ffffd7d0000 - 0x00007ffffd7e1000 	C:\WINDOWS\System32\winrnr.dll
0x00007ffffe840000 - 0x00007ffffe855000 	C:\WINDOWS\system32\wshbth.dll
0x00007ffffe6b0000 - 0x00007ffffe6d1000 	C:\WINDOWS\system32\nlansp_c.dll
0x0000000180000000 - 0x0000000180286000 	D:\environment\server_environment\tomcat8\bin\tcnative-1.dll
0x00007ff81e860000 - 0x00007ff81e9c7000 	C:\WINDOWS\System32\CRYPT32.dll
0x00007ff804620000 - 0x00007ff804643000 	D:\environment\java_environment\jdk-1.8\jre\bin\sunec.dll
0x00007ff805ba0000 - 0x00007ff805bac000 	D:\environment\java_environment\jdk-1.8\jre\bin\sunmscapi.dll
0x00007ff81de90000 - 0x00007ff81debe000 	C:\WINDOWS\SYSTEM32\ncrypt.dll
0x00007ff81de50000 - 0x00007ff81de87000 	C:\WINDOWS\SYSTEM32\NTASN1.dll
0x000001bb5a680000 - 0x000001bb5a6a5000 	D:\environment\java_environment\jdk-1.8\bin\rxtxSerial.dll
0x00007ff81bf30000 - 0x00007ff81c15e000 	C:\WINDOWS\SYSTEM32\dbghelp.dll

VM Arguments:
jvm_args: -XX:TieredStopAtLevel=1 -Xverify:none -Dspring.output.ansi.enabled=always -Dcom.sun.management.jmxremote -Dspring.jmx.enabled=true -Dspring.liveBeansView.mbeanDomain -Dspring.application.admin.enabled=true -javaagent:D:\environment\IDE\IntelliJ IDEA 2021.3.3\lib\idea_rt.jar=3465:D:\environment\IDE\IntelliJ IDEA 2021.3.3\bin -Dfile.encoding=GBK 
java_command: com.example.ppqppl_inpatient_ward_server.PpqpplInpatientWardServerApplication
java_class_path (initial): D:\environment\java_environment\jdk-1.8\jre\lib\charsets.jar;D:\environment\java_environment\jdk-1.8\jre\lib\ext\access-bridge-64.jar;D:\environment\java_environment\jdk-1.8\jre\lib\ext\cldrdata.jar;D:\environment\java_environment\jdk-1.8\jre\lib\ext\dnsns.jar;D:\environment\java_environment\jdk-1.8\jre\lib\ext\jaccess.jar;D:\environment\java_environment\jdk-1.8\jre\lib\ext\jfxrt.jar;D:\environment\java_environment\jdk-1.8\jre\lib\ext\localedata.jar;D:\environment\java_environment\jdk-1.8\jre\lib\ext\nashorn.jar;D:\environment\java_environment\jdk-1.8\jre\lib\ext\sunec.jar;D:\environment\java_environment\jdk-1.8\jre\lib\ext\sunjce_provider.jar;D:\environment\java_environment\jdk-1.8\jre\lib\ext\sunmscapi.jar;D:\environment\java_environment\jdk-1.8\jre\lib\ext\sunpkcs11.jar;D:\environment\java_environment\jdk-1.8\jre\lib\ext\zipfs.jar;D:\environment\java_environment\jdk-1.8\jre\lib\jce.jar;D:\environment\java_environment\jdk-1.8\jre\lib\jfr.jar;D:\environment\java_environment\jdk-1.8\jre\lib\jfxswt.jar;D:\environment\java_environment\jdk-1.8\jre\lib\jsse.jar;D:\environment\java_environment\jdk-1.8\jre\lib\management-agent.jar;D:\environment\java_environment\jdk-1.8\jre\lib\resources.jar;D:\environment\java_environment\jdk-1.8\jre\lib\rt.jar;D:\code-file\Ppqppl_Inpatient_Ward_Server\target\classes;C:\Users\ppqpp\.m2\repository\org\springframework\boot\spring-boot-starter-data-jpa\2.2.4.RELEASE\spring-boot-starter-data-jpa-2.2.4.RELEASE.jar;C:\Users\ppqpp\.m2\repository\org\springframework\boot\spring-boot-starter-aop\2.2.4.RELEASE\spring-boot-starter-aop-2.2.4.RELEASE.jar;C:\Users\ppqpp\.m2\repository\org\springframework\spring-aop\5.2.3.RELEASE\spring-aop-5.2.3.RELEASE.jar;C:\Users\ppqpp\.m2\repository\org\aspectj\aspectjweaver\1.9.5\aspectjweaver-1.9.5.jar;C:\Users\ppqpp\.m2\repository\jakarta\activation\jakarta.activation-api\1.2.1\jakarta.activation-api-1.2.1.jar;C:\Users\ppqpp\.m2\repository\jakarta\persistence\jakarta.persistence-api
Launcher Type: SUN_STANDARD

Environment Variables:
JAVA_HOME=D:\environment\java_environment\jdk1.8.0_331
USERNAME=ppqpp
OS=Windows_NT
PROCESSOR_IDENTIFIER=Intel64 Family 6 Model 165 Stepping 2, GenuineIntel



---------------  S Y S T E M  ---------------

OS: Windows 10.0 , 64 bit Build 22621 (10.0.22621.1680)

CPU:total 16 (initial active 16) (8 cores per cpu, 2 threads per core) family 6 model 165 stepping 2, cmov, cx8, fxsr, mmx, sse, sse2, sse3, ssse3, sse4.1, sse4.2, popcnt, avx, avx2, aes, clmul, erms, 3dnowpref, lzcnt, ht, tsc, tscinvbit, bmi1, bmi2, adx

Memory: 4k page, physical 33458992k(17551524k free), swap 35556144k(13806220k free)

vm_info: OpenJDK 64-Bit Server VM (25.322-b06) for windows-amd64 JRE (1.8.0_322-b06), built on Jan 13 2022 23:37:51 by "Administrator" with MS VC++ 12.0 (VS2013)

time: Wed May 17 20:12:43 2023
timezone: ?D1¨²¡À¨º¡Á?¨º¡À??
elapsed time: 76.121394 seconds (0d 0h 1m 16s)

