#
# A fatal error has been detected by the Java Runtime Environment:
#
#  EXCEPTION_ACCESS_VIOLATION (0xc0000005) at pc=0x0000028d80945b00, pid=21048, tid=0x00000000000066cc
#
# JRE version: OpenJDK Runtime Environment (8.0_322-b06) (build 1.8.0_322-b06)
# Java VM: OpenJDK 64-Bit Server VM (25.322-b06 mixed mode windows-amd64 compressed oops)
# Problematic frame:
# C  [rxtxSerial.dll+0x5b00]
#
# Failed to write core dump. Minidumps are not enabled by default on client versions of Windows
#
# If you would like to submit a bug report, please visit:
#   https://github.com/corretto/corretto-8/issues/
# The crash happened outside the Java Virtual Machine in native code.
# See problematic frame for where to report the bug.
#

---------------  T H R E A D  ---------------

Current thread (0x0000028d83b34800):  JavaThread "Thread-16" daemon [_thread_in_native, id=26316, stack(0x000000af74000000,0x000000af74100000)]

siginfo: ExceptionCode=0xc0000005, reading address 0x00000000740febc8

Registers:
RAX=0x0000000000000001, RBX=0x0000000000000000, RCX=0x0000028d8095d4d5, RDX=0xfffffffffffff665
RSP=0x000000af740fe1c0, RBP=0x00000000ffffffff, RSI=0x0000000000000000, RDI=0x0000028d83b34a58
R8 =0x0000000000000002, R9 =0xfffffffffffff63c, R10=0x0000000000000056, R11=0x8101010101010100
R12=0x00000000740febc0, R13=0x0000000000000007, R14=0x000000af740fe3a0, R15=0x0000000000000000
RIP=0x0000028d80945b00, EFLAGS=0x0000000000010202

Top of Stack: (sp=0x000000af740fe1c0)
0x000000af740fe1c0:   0000000000000000 0000000000000000
0x000000af740fe1d0:   000000af740fe3a8 0000000000000000
0x000000af740fe1e0:   0000000000000000 000000af740fe3a0
0x000000af740fe1f0:   0000028d84ffff30 0000000000000001
0x000000af740fe200:   0000028d83b34a58 0000000000000007
0x000000af740fe210:   ffffffffffffffff 0000028d80946211
0x000000af740fe220:   0000028d8045b4d0 0000000000000007
0x000000af740fe230:   0000000000000001 0000028d8045b4d0
0x000000af740fe240:   0000028d00000007 0000028dffffffff
0x000000af740fe250:   000000af740fe3a8 0000028d84ffff30
0x000000af740fe260:   0000028d8386e780 0000000063d8baa5
0x000000af740fe270:   000000af740fe820 0000028d83b34800
0x000000af740fe280:   0000028d84ffff38 0000000063dfc75c
0x000000af740fe290:   0000028d84ffff38 00008835c899e0c6
0x000000af740fe2a0:   0000028d84ffff38 0000028d84ffff30
0x000000af740fe2b0:   0000028d83b34800 000000af740fe3a8 

Instructions: (pc=0x0000028d80945b00)
0x0000028d80945ae0:   15 23 7a 01 00 48 8d 48 60 e8 3a 5d 00 00 4c 8b
0x0000028d80945af0:   e5 8b ac 24 88 00 00 00 44 8b ac 24 80 00 00 00
0x0000028d80945b00:   45 8b 74 24 08 41 89 5c 24 08 41 8b fd 85 ed 78
0x0000028d80945b10:   09 ff 15 e9 14 01 00 44 8b f8 45 85 ed 7e 4a 90 


Register to memory mapping:

RAX=0x0000000000000001 is an unknown value
RBX=0x0000000000000000 is an unknown value
RCX=0x0000028d8095d4d5 is an unknown value
RDX=0xfffffffffffff665 is an unknown value
RSP=0x000000af740fe1c0 is pointing into the stack for thread: 0x0000028d83b34800
RBP=0x00000000ffffffff is an unknown value
RSI=0x0000000000000000 is an unknown value
RDI=0x0000028d83b34a58 is an unknown value
R8 =0x0000000000000002 is an unknown value
R9 =0xfffffffffffff63c is an unknown value
R10=0x0000000000000056 is an unknown value
R11=0x8101010101010100 is an unknown value
R12=0x00000000740febc0 is an unknown value
R13=0x0000000000000007 is an unknown value
R14=0x000000af740fe3a0 is pointing into the stack for thread: 0x0000028d83b34800
R15=0x0000000000000000 is an unknown value


Stack: [0x000000af74000000,0x000000af74100000],  sp=0x000000af740fe1c0,  free space=1016k
Native frames: (J=compiled Java code, j=interpreted, Vv=VM code, C=native code)
C  [rxtxSerial.dll+0x5b00]
C  [rxtxSerial.dll+0x6211]
C  0x0000028dda369c8e

Java frames: (J=compiled Java code, j=interpreted, Vv=VM code)
j  gnu.io.RXTXPort.readArray([BII)I+0
j  gnu.io.RXTXPort$SerialInputStream.read([BII)I+212
j  gnu.io.RXTXPort$SerialInputStream.read([B)I+60
j  com.example.ppqppl_inpatient_ward_server.utils.SerialCom.serialEvent(Lgnu/io/SerialPortEvent;)V+99
j  gnu.io.RXTXPort.sendEvent(IZ)Z+382
v  ~StubRoutines::call_stub
j  gnu.io.RXTXPort.eventLoop()V+0
j  gnu.io.RXTXPort$MonitorThread.run()V+12
v  ~StubRoutines::call_stub

---------------  P R O C E S S  ---------------

Java Threads: ( => current thread )
  0x0000028d83b38000 JavaThread "RMI TCP Connection(idle)" daemon [_thread_blocked, id=25180, stack(0x000000af72600000,0x000000af72700000)]
  0x0000028d83b32800 JavaThread "DestroyJavaVM" [_thread_blocked, id=15864, stack(0x000000af70300000,0x000000af70400000)]
  0x0000028d83b35800 JavaThread "Thread-15" [_thread_in_Java, id=20992, stack(0x000000af74100000,0x000000af74200000)]
=>0x0000028d83b34800 JavaThread "Thread-16" daemon [_thread_in_native, id=26316, stack(0x000000af74000000,0x000000af74100000)]
  0x0000028d83b36800 JavaThread "http-nio-8081-Acceptor" daemon [_thread_in_native, id=23056, stack(0x000000af73f00000,0x000000af74000000)]
  0x0000028d83b33000 JavaThread "http-nio-8081-ClientPoller" daemon [_thread_in_native, id=17196, stack(0x000000af73e00000,0x000000af73f00000)]
  0x0000028d83b2a800 JavaThread "http-nio-8081-exec-10" daemon [_thread_blocked, id=28976, stack(0x000000af73d00000,0x000000af73e00000)]
  0x0000028d83b31800 JavaThread "http-nio-8081-exec-9" daemon [_thread_blocked, id=24312, stack(0x000000af73c00000,0x000000af73d00000)]
  0x0000028d83b2d000 JavaThread "http-nio-8081-exec-8" daemon [_thread_blocked, id=28744, stack(0x000000af73b00000,0x000000af73c00000)]
  0x0000028d83b29800 JavaThread "http-nio-8081-exec-7" daemon [_thread_blocked, id=30116, stack(0x000000af73a00000,0x000000af73b00000)]
  0x0000028d83b2b800 JavaThread "http-nio-8081-exec-6" daemon [_thread_blocked, id=12752, stack(0x000000af73900000,0x000000af73a00000)]
  0x0000028d83b31000 JavaThread "http-nio-8081-exec-5" daemon [_thread_blocked, id=15856, stack(0x000000af73800000,0x000000af73900000)]
  0x0000028d83b2c000 JavaThread "http-nio-8081-exec-4" daemon [_thread_blocked, id=22824, stack(0x000000af73700000,0x000000af73800000)]
  0x0000028d83b2d800 JavaThread "http-nio-8081-exec-3" daemon [_thread_blocked, id=25368, stack(0x000000af73600000,0x000000af73700000)]
  0x0000028d83b30000 JavaThread "http-nio-8081-exec-2" daemon [_thread_blocked, id=14588, stack(0x000000af73500000,0x000000af73600000)]
  0x0000028d83b2e800 JavaThread "http-nio-8081-exec-1" daemon [_thread_blocked, id=28040, stack(0x000000af73400000,0x000000af73500000)]
  0x0000028d83b2f000 JavaThread "http-nio-8081-BlockPoller" daemon [_thread_in_native, id=29120, stack(0x000000af73300000,0x000000af73400000)]
  0x0000028d8013c000 JavaThread "File Watcher" daemon [_thread_blocked, id=4344, stack(0x000000af73100000,0x000000af73200000)]
  0x0000028d80142000 JavaThread "Live Reload Server" daemon [_thread_in_native, id=29152, stack(0x000000af73200000,0x000000af73300000)]
  0x0000028d80140800 JavaThread "HikariPool-1 housekeeper" daemon [_thread_blocked, id=3308, stack(0x000000af72f00000,0x000000af73000000)]
  0x0000028d81b00800 JavaThread "mysql-cj-abandoned-connection-cleanup" daemon [_thread_blocked, id=25652, stack(0x000000af72d00000,0x000000af72e00000)]
  0x0000028d81af5000 JavaThread "container-0" [_thread_blocked, id=27260, stack(0x000000af72c00000,0x000000af72d00000)]
  0x0000028d81af4800 JavaThread "Catalina-utility-2" [_thread_blocked, id=24964, stack(0x000000af72b00000,0x000000af72c00000)]
  0x0000028d81a3e000 JavaThread "Catalina-utility-1" [_thread_blocked, id=1884, stack(0x000000af72a00000,0x000000af72b00000)]
  0x0000028dfeee4000 JavaThread "RMI Scheduler(0)" daemon [_thread_blocked, id=19048, stack(0x000000af72900000,0x000000af72a00000)]
  0x0000028d810cc800 JavaThread "RMI TCP Connection(3)-192.168.180.1" daemon [_thread_in_native, id=9344, stack(0x000000af72800000,0x000000af72900000)]
  0x0000028d80469000 JavaThread "RMI TCP Accept-0" daemon [_thread_in_native, id=17852, stack(0x000000af72400000,0x000000af72500000)]
  0x0000028d801da000 JavaThread "Service Thread" daemon [_thread_blocked, id=7792, stack(0x000000af72300000,0x000000af72400000)]
  0x0000028d8013f000 JavaThread "C1 CompilerThread11" daemon [_thread_blocked, id=24204, stack(0x000000af72200000,0x000000af72300000)]
  0x0000028d8013d800 JavaThread "C1 CompilerThread10" daemon [_thread_blocked, id=24744, stack(0x000000af72100000,0x000000af72200000)]
  0x0000028d80143000 JavaThread "C1 CompilerThread9" daemon [_thread_blocked, id=10708, stack(0x000000af72000000,0x000000af72100000)]
  0x0000028d8013e000 JavaThread "C1 CompilerThread8" daemon [_thread_blocked, id=25232, stack(0x000000af71f00000,0x000000af72000000)]
  0x0000028d80138800 JavaThread "C2 CompilerThread7" daemon [_thread_blocked, id=20164, stack(0x000000af71e00000,0x000000af71f00000)]
  0x0000028d8010f800 JavaThread "C2 CompilerThread6" daemon [_thread_blocked, id=1972, stack(0x000000af71d00000,0x000000af71e00000)]
  0x0000028d80106800 JavaThread "C2 CompilerThread5" daemon [_thread_blocked, id=16716, stack(0x000000af71c00000,0x000000af71d00000)]
  0x0000028d80102000 JavaThread "C2 CompilerThread4" daemon [_thread_blocked, id=17720, stack(0x000000af71b00000,0x000000af71c00000)]
  0x0000028d800fd000 JavaThread "C2 CompilerThread3" daemon [_thread_blocked, id=8072, stack(0x000000af71a00000,0x000000af71b00000)]
  0x0000028d800f8800 JavaThread "C2 CompilerThread2" daemon [_thread_blocked, id=20976, stack(0x000000af71900000,0x000000af71a00000)]
  0x0000028d800f5800 JavaThread "C2 CompilerThread1" daemon [_thread_blocked, id=22036, stack(0x000000af71800000,0x000000af71900000)]
  0x0000028d800f5000 JavaThread "C2 CompilerThread0" daemon [_thread_blocked, id=10112, stack(0x000000af71700000,0x000000af71800000)]
  0x0000028d800e6000 JavaThread "Monitor Ctrl-Break" daemon [_thread_in_native, id=10808, stack(0x000000af71600000,0x000000af71700000)]
  0x0000028dfec1f800 JavaThread "Attach Listener" daemon [_thread_blocked, id=13452, stack(0x000000af71500000,0x000000af71600000)]
  0x0000028dfebc9800 JavaThread "Signal Dispatcher" daemon [_thread_blocked, id=13216, stack(0x000000af71400000,0x000000af71500000)]
  0x0000028dd8742000 JavaThread "Finalizer" daemon [_thread_blocked, id=2020, stack(0x000000af71300000,0x000000af71400000)]
  0x0000028dfeba2000 JavaThread "Reference Handler" daemon [_thread_blocked, id=16364, stack(0x000000af71200000,0x000000af71300000)]

Other Threads:
  0x0000028dfeb81800 VMThread [stack: 0x000000af71100000,0x000000af71200000] [id=16268]
  0x0000028d80476800 WatcherThread [stack: 0x000000af72500000,0x000000af72600000] [id=29872]

VM state:not at safepoint (normal execution)

VM Mutex/Monitor currently owned by a thread: None

heap address: 0x00000005c1600000, size: 8170 MB, Compressed Oops mode: Zero based, Oop shift amount: 3
Narrow klass base: 0x0000000000000000, Narrow klass shift: 3
Compressed class space size: 1073741824 Address: 0x00000007c0000000

Heap:
 PSYoungGen      total 233984K, used 45027K [0x0000000715d00000, 0x000000072bc00000, 0x00000007c0000000)
  eden space 212480K, 11% used [0x0000000715d00000,0x00000007173fd7f0,0x0000000722c80000)
  from space 21504K, 99% used [0x0000000722c80000,0x000000072417b530,0x0000000724180000)
  to   space 21504K, 0% used [0x000000072a700000,0x000000072a700000,0x000000072bc00000)
 ParOldGen       total 276992K, used 19158K [0x00000005c1600000, 0x00000005d2480000, 0x0000000715d00000)
  object space 276992K, 6% used [0x00000005c1600000,0x00000005c28b59d8,0x00000005d2480000)
 Metaspace       used 52877K, capacity 55896K, committed 55936K, reserved 1097728K
  class space    used 7508K, capacity 8047K, committed 8064K, reserved 1048576K

Card table byte_map: [0x0000028de9710000,0x0000028dea710000] byte_map_base: 0x0000028de6905000

Marking Bits: (ParMarkBitMap*) 0x00000000644e7860
 Begin Bits: [0x0000028deb1c0000, 0x0000028df3168000)
 End Bits:   [0x0000028df3168000, 0x0000028dfb110000)

Polling page: 0x0000028dd87d0000

CodeCache: size=245760Kb used=10764Kb max_used=10764Kb free=234995Kb
 bounds [0x0000028dda350000, 0x0000028ddade0000, 0x0000028de9350000]
 total_blobs=5305 nmethods=4723 adapters=490
 compilation: enabled

Compilation events (10 events):
Event: 10.444 Thread 0x0000028d8013f000 nmethod 4718 0x0000028ddadd1010 code [0x0000028ddadd1160, 0x0000028ddadd1278]
Event: 10.444 Thread 0x0000028d80143000 nmethod 4719 0x0000028ddadd12d0 code [0x0000028ddadd1440, 0x0000028ddadd1610]
Event: 10.444 Thread 0x0000028d8013e000 nmethod 4717 0x0000028ddadd16d0 code [0x0000028ddadd1820, 0x0000028ddadd1938]
Event: 10.444 Thread 0x0000028d8013d800 nmethod 4720 0x0000028ddadd1990 code [0x0000028ddadd1ae0, 0x0000028ddadd1c70]
Event: 13.452 Thread 0x0000028d80143000 4721       1       java.util.EventObject::<init> (24 bytes)
Event: 13.452 Thread 0x0000028d80143000 nmethod 4721 0x0000028ddadd1d10 code [0x0000028ddadd1e80, 0x0000028ddadd2050]
Event: 18.923 Thread 0x0000028d8013f000 4722       1       java.io.File::listFiles (52 bytes)
Event: 18.923 Thread 0x0000028d8013f000 nmethod 4722 0x0000028ddadd2110 code [0x0000028ddadd22a0, 0x0000028ddadd2600]
Event: 19.939 Thread 0x0000028d8013d800 4723       1       org.springframework.boot.devtools.filewatch.FolderSnapshot::collectFiles (99 bytes)
Event: 19.940 Thread 0x0000028d8013d800 nmethod 4723 0x0000028ddadd27d0 code [0x0000028ddadd29a0, 0x0000028ddadd2ce0]

GC Heap History (10 events):
Event: 2.276 GC heap before
{Heap before GC invocations=3 (full 1):
 PSYoungGen      total 153088K, used 9112K [0x0000000715d00000, 0x0000000728800000, 0x00000007c0000000)
  eden space 131584K, 0% used [0x0000000715d00000,0x0000000715d00000,0x000000071dd80000)
  from space 21504K, 42% used [0x000000071f280000,0x000000071fb66318,0x0000000720780000)
  to   space 21504K, 0% used [0x000000071dd80000,0x000000071dd80000,0x000000071f280000)
 ParOldGen       total 349696K, used 24K [0x00000005c1600000, 0x00000005d6b80000, 0x0000000715d00000)
  object space 349696K, 0% used [0x00000005c1600000,0x00000005c1606000,0x00000005d6b80000)
 Metaspace       used 20524K, capacity 21228K, committed 21296K, reserved 1067008K
  class space    used 2749K, capacity 2919K, committed 2944K, reserved 1048576K
Event: 2.301 GC heap after
Heap after GC invocations=3 (full 1):
 PSYoungGen      total 153088K, used 0K [0x0000000715d00000, 0x0000000728800000, 0x00000007c0000000)
  eden space 131584K, 0% used [0x0000000715d00000,0x0000000715d00000,0x000000071dd80000)
  from space 21504K, 0% used [0x000000071f280000,0x000000071f280000,0x0000000720780000)
  to   space 21504K, 0% used [0x000000071dd80000,0x000000071dd80000,0x000000071f280000)
 ParOldGen       total 182784K, used 8601K [0x00000005c1600000, 0x00000005cc880000, 0x0000000715d00000)
  object space 182784K, 4% used [0x00000005c1600000,0x00000005c1e666a8,0x00000005cc880000)
 Metaspace       used 20522K, capacity 21222K, committed 21296K, reserved 1067008K
  class space    used 2748K, capacity 2918K, committed 2944K, reserved 1048576K
}
Event: 3.095 GC heap before
{Heap before GC invocations=4 (full 1):
 PSYoungGen      total 153088K, used 131584K [0x0000000715d00000, 0x0000000728800000, 0x00000007c0000000)
  eden space 131584K, 100% used [0x0000000715d00000,0x000000071dd80000,0x000000071dd80000)
  from space 21504K, 0% used [0x000000071f280000,0x000000071f280000,0x0000000720780000)
  to   space 21504K, 0% used [0x000000071dd80000,0x000000071dd80000,0x000000071f280000)
 ParOldGen       total 182784K, used 8601K [0x00000005c1600000, 0x00000005cc880000, 0x0000000715d00000)
  object space 182784K, 4% used [0x00000005c1600000,0x00000005c1e666a8,0x00000005cc880000)
 Metaspace       used 26510K, capacity 27818K, committed 28032K, reserved 1073152K
  class space    used 3647K, capacity 3903K, committed 3968K, reserved 1048576K
Event: 3.100 GC heap after
Heap after GC invocations=4 (full 1):
 PSYoungGen      total 153088K, used 10284K [0x0000000715d00000, 0x0000000725680000, 0x00000007c0000000)
  eden space 131584K, 0% used [0x0000000715d00000,0x0000000715d00000,0x000000071dd80000)
  from space 21504K, 47% used [0x000000071dd80000,0x000000071e78b090,0x000000071f280000)
  to   space 21504K, 0% used [0x0000000724180000,0x0000000724180000,0x0000000725680000)
 ParOldGen       total 182784K, used 8609K [0x00000005c1600000, 0x00000005cc880000, 0x0000000715d00000)
  object space 182784K, 4% used [0x00000005c1600000,0x00000005c1e686a8,0x00000005cc880000)
 Metaspace       used 26510K, capacity 27818K, committed 28032K, reserved 1073152K
  class space    used 3647K, capacity 3903K, committed 3968K, reserved 1048576K
}
Event: 3.654 GC heap before
{Heap before GC invocations=5 (full 1):
 PSYoungGen      total 153088K, used 99209K [0x0000000715d00000, 0x0000000725680000, 0x00000007c0000000)
  eden space 131584K, 67% used [0x0000000715d00000,0x000000071b3d75e8,0x000000071dd80000)
  from space 21504K, 47% used [0x000000071dd80000,0x000000071e78b090,0x000000071f280000)
  to   space 21504K, 0% used [0x0000000724180000,0x0000000724180000,0x0000000725680000)
 ParOldGen       total 182784K, used 8609K [0x00000005c1600000, 0x00000005cc880000, 0x0000000715d00000)
  object space 182784K, 4% used [0x00000005c1600000,0x00000005c1e686a8,0x00000005cc880000)
 Metaspace       used 33534K, capacity 35402K, committed 35496K, reserved 1079296K
  class space    used 4677K, capacity 5035K, committed 5120K, reserved 1048576K
Event: 3.663 GC heap after
Heap after GC invocations=5 (full 1):
 PSYoungGen      total 233984K, used 13144K [0x0000000715d00000, 0x0000000725680000, 0x00000007c0000000)
  eden space 212480K, 0% used [0x0000000715d00000,0x0000000715d00000,0x0000000722c80000)
  from space 21504K, 61% used [0x0000000724180000,0x0000000724e561c0,0x0000000725680000)
  to   space 21504K, 0% used [0x0000000722c80000,0x0000000722c80000,0x0000000724180000)
 ParOldGen       total 182784K, used 8617K [0x00000005c1600000, 0x00000005cc880000, 0x0000000715d00000)
  object space 182784K, 4% used [0x00000005c1600000,0x00000005c1e6a6a8,0x00000005cc880000)
 Metaspace       used 33534K, capacity 35402K, committed 35496K, reserved 1079296K
  class space    used 4677K, capacity 5035K, committed 5120K, reserved 1048576K
}
Event: 3.663 GC heap before
{Heap before GC invocations=6 (full 2):
 PSYoungGen      total 233984K, used 13144K [0x0000000715d00000, 0x0000000725680000, 0x00000007c0000000)
  eden space 212480K, 0% used [0x0000000715d00000,0x0000000715d00000,0x0000000722c80000)
  from space 21504K, 61% used [0x0000000724180000,0x0000000724e561c0,0x0000000725680000)
  to   space 21504K, 0% used [0x0000000722c80000,0x0000000722c80000,0x0000000724180000)
 ParOldGen       total 182784K, used 8617K [0x00000005c1600000, 0x00000005cc880000, 0x0000000715d00000)
  object space 182784K, 4% used [0x00000005c1600000,0x00000005c1e6a6a8,0x00000005cc880000)
 Metaspace       used 33534K, capacity 35402K, committed 35496K, reserved 1079296K
  class space    used 4677K, capacity 5035K, committed 5120K, reserved 1048576K
Event: 3.692 GC heap after
Heap after GC invocations=6 (full 2):
 PSYoungGen      total 233984K, used 0K [0x0000000715d00000, 0x0000000725680000, 0x00000007c0000000)
  eden space 212480K, 0% used [0x0000000715d00000,0x0000000715d00000,0x0000000722c80000)
  from space 21504K, 0% used [0x0000000724180000,0x0000000724180000,0x0000000725680000)
  to   space 21504K, 0% used [0x0000000722c80000,0x0000000722c80000,0x0000000724180000)
 ParOldGen       total 276992K, used 18076K [0x00000005c1600000, 0x00000005d2480000, 0x0000000715d00000)
  object space 276992K, 6% used [0x00000005c1600000,0x00000005c27a73f0,0x00000005d2480000)
 Metaspace       used 33534K, capacity 35402K, committed 35496K, reserved 1079296K
  class space    used 4677K, capacity 5035K, committed 5120K, reserved 1048576K
}
Event: 5.108 GC heap before
{Heap before GC invocations=7 (full 2):
 PSYoungGen      total 233984K, used 212480K [0x0000000715d00000, 0x0000000725680000, 0x00000007c0000000)
  eden space 212480K, 100% used [0x0000000715d00000,0x0000000722c80000,0x0000000722c80000)
  from space 21504K, 0% used [0x0000000724180000,0x0000000724180000,0x0000000725680000)
  to   space 21504K, 0% used [0x0000000722c80000,0x0000000722c80000,0x0000000724180000)
 ParOldGen       total 276992K, used 18076K [0x00000005c1600000, 0x00000005d2480000, 0x0000000715d00000)
  object space 276992K, 6% used [0x00000005c1600000,0x00000005c27a73f0,0x00000005d2480000)
 Metaspace       used 52618K, capacity 55536K, committed 55680K, reserved 1097728K
  class space    used 7466K, capacity 8001K, committed 8064K, reserved 1048576K
Event: 5.121 GC heap after
Heap after GC invocations=7 (full 2):
 PSYoungGen      total 233984K, used 21485K [0x0000000715d00000, 0x000000072bc00000, 0x00000007c0000000)
  eden space 212480K, 0% used [0x0000000715d00000,0x0000000715d00000,0x0000000722c80000)
  from space 21504K, 99% used [0x0000000722c80000,0x000000072417b530,0x0000000724180000)
  to   space 21504K, 0% used [0x000000072a700000,0x000000072a700000,0x000000072bc00000)
 ParOldGen       total 276992K, used 19158K [0x00000005c1600000, 0x00000005d2480000, 0x0000000715d00000)
  object space 276992K, 6% used [0x00000005c1600000,0x00000005c28b59d8,0x00000005d2480000)
 Metaspace       used 52618K, capacity 55536K, committed 55680K, reserved 1097728K
  class space    used 7466K, capacity 8001K, committed 8064K, reserved 1048576K
}

Deoptimization events (0 events):
No events

Classes redefined (0 events):
No events

Internal exceptions (10 events):
Event: 4.782 Thread 0x0000028d8073f000 Exception <a 'java/lang/ClassNotFoundException': org/springframework/web/servlet/config/annotation/WebMvcConfigurationSupportCustomizer> (0x00000007204f8250) thrown at [C:\wsjdk\Corretto8Src\installers\windows\zip\corretto-build\buildRoot\src\hotspot\src\
Event: 4.783 Thread 0x0000028d8073f000 Exception <a 'java/lang/ClassNotFoundException': org/springframework/web/servlet/config/annotation/DelegatingWebMvcConfigurationCustomizer> (0x000000072052e618) thrown at [C:\wsjdk\Corretto8Src\installers\windows\zip\corretto-build\buildRoot\src\hotspot\s
Event: 4.783 Thread 0x0000028d8073f000 Exception <a 'java/lang/ClassNotFoundException': org/springframework/boot/autoconfigure/web/servlet/WebMvcAutoConfiguration$EnableWebMvcConfigurationCustomizer> (0x000000072055a910) thrown at [C:\wsjdk\Corretto8Src\installers\windows\zip\corretto-build\bu
Event: 4.784 Thread 0x0000028d8073f000 Exception <a 'java/lang/ClassNotFoundException': org/springframework/context/ResourceLoaderAwareCustomizer> (0x0000000720583de0) thrown at [C:\wsjdk\Corretto8Src\installers\windows\zip\corretto-build\buildRoot\src\hotspot\src\share\vm\classfile\systemDict
Event: 4.784 Thread 0x0000028d8073f000 Exception <a 'java/lang/ClassNotFoundException': org/springframework/beans/factory/AwareCustomizer> (0x000000072059aa98) thrown at [C:\wsjdk\Corretto8Src\installers\windows\zip\corretto-build\buildRoot\src\hotspot\src\share\vm\classfile\systemDictionary.c
Event: 4.784 Thread 0x0000028d8073f000 Exception <a 'java/lang/ClassNotFoundException': org/springframework/context/ApplicationContextAwareCustomizer> (0x00000007205b4168) thrown at [C:\wsjdk\Corretto8Src\installers\windows\zip\corretto-build\buildRoot\src\hotspot\src\share\vm\classfile\system
Event: 4.785 Thread 0x0000028d8073f000 Exception <a 'java/lang/ClassNotFoundException': org/springframework/beans/factory/AwareCustomizer> (0x00000007205cb428) thrown at [C:\wsjdk\Corretto8Src\installers\windows\zip\corretto-build\buildRoot\src\hotspot\src\share\vm\classfile\systemDictionary.c
Event: 4.785 Thread 0x0000028d8073f000 Exception <a 'java/lang/ClassNotFoundException': org/springframework/web/context/ServletContextAwareCustomizer> (0x00000007205e4b20) thrown at [C:\wsjdk\Corretto8Src\installers\windows\zip\corretto-build\buildRoot\src\hotspot\src\share\vm\classfile\system
Event: 4.785 Thread 0x0000028d8073f000 Exception <a 'java/lang/ClassNotFoundException': org/springframework/beans/factory/AwareCustomizer> (0x00000007205fb850) thrown at [C:\wsjdk\Corretto8Src\installers\windows\zip\corretto-build\buildRoot\src\hotspot\src\share\vm\classfile\systemDictionary.c
Event: 4.951 Thread 0x0000028d8073f000 Exception <a 'java/lang/IncompatibleClassChangeError': Found class java.lang.Object, but interface was expected> (0x0000000721cdbf48) thrown at [C:\wsjdk\Corretto8Src\installers\windows\zip\corretto-build\buildRoot\src\hotspot\src\share\vm\interpreter\lin

Events (10 events):
Event: 6.417 Thread 0x0000028d83b38800 Thread exited: 0x0000028d83b38800
Event: 9.355 loading class sun/net/ResourceManager
Event: 9.356 loading class sun/net/ResourceManager done
Event: 9.460 Thread 0x0000028d80141800 Thread exited: 0x0000028d80141800
Event: 13.451 loading class org/apache/catalina/webresources/Cache$EvictionOrder
Event: 13.451 loading class org/apache/catalina/webresources/Cache$EvictionOrder done
Event: 13.451 loading class org/apache/tomcat/PeriodicEventListener
Event: 13.451 loading class org/apache/tomcat/PeriodicEventListener done
Event: 22.409 loading class gnu/io/SerialPortEvent
Event: 22.409 loading class gnu/io/SerialPortEvent done


Dynamic libraries:
0x00007ff64e470000 - 0x00007ff64e4aa000 	D:\environment\java_environment\jdk-1.8\bin\java.exe
0x00007ff8211f0000 - 0x00007ff821404000 	C:\WINDOWS\SYSTEM32\ntdll.dll
0x00007ff81f620000 - 0x00007ff81f6e2000 	C:\WINDOWS\System32\KERNEL32.DLL
0x00007ff81e9d0000 - 0x00007ff81ed73000 	C:\WINDOWS\System32\KERNELBASE.dll
0x00007ff8205a0000 - 0x00007ff82064e000 	C:\WINDOWS\System32\ADVAPI32.dll
0x00007ff81fd10000 - 0x00007ff81fdb7000 	C:\WINDOWS\System32\msvcrt.dll
0x00007ff8204f0000 - 0x00007ff820594000 	C:\WINDOWS\System32\sechost.dll
0x00007ff820250000 - 0x00007ff820367000 	C:\WINDOWS\System32\RPCRT4.dll
0x00007ff81f280000 - 0x00007ff81f42b000 	C:\WINDOWS\System32\USER32.dll
0x00007ff81e830000 - 0x00007ff81e856000 	C:\WINDOWS\System32\win32u.dll
0x00007ff81f1f0000 - 0x00007ff81f219000 	C:\WINDOWS\System32\GDI32.dll
0x00007ff81e670000 - 0x00007ff81e788000 	C:\WINDOWS\System32\gdi32full.dll
0x00007ff81e790000 - 0x00007ff81e82a000 	C:\WINDOWS\System32\msvcp_win.dll
0x00007ff81ee40000 - 0x00007ff81ef51000 	C:\WINDOWS\System32\ucrtbase.dll
0x00007ff8036e0000 - 0x00007ff80396e000 	C:\WINDOWS\WinSxS\amd64_microsoft.windows.common-controls_6595b64144ccf1df_6.0.22621.1465_none_271271ab738361f1\COMCTL32.dll
0x00007ff820650000 - 0x00007ff820681000 	C:\WINDOWS\System32\IMM32.DLL
0x00007ff803f10000 - 0x00007ff803fff000 	D:\environment\java_environment\jdk-1.8\jre\bin\msvcr120.dll
0x00007ff803e60000 - 0x00007ff803f06000 	D:\environment\java_environment\jdk-1.8\jre\bin\msvcp120.dll
0x0000000063cf0000 - 0x0000000064566000 	D:\environment\java_environment\jdk-1.8\jre\bin\server\jvm.dll
0x00007ff81fd00000 - 0x00007ff81fd08000 	C:\WINDOWS\System32\PSAPI.DLL
0x00007ff8199a0000 - 0x00007ff8199a9000 	C:\WINDOWS\SYSTEM32\WSOCK32.dll
0x00007ff820370000 - 0x00007ff8203e1000 	C:\WINDOWS\System32\WS2_32.dll
0x00007ff817f80000 - 0x00007ff817f8a000 	C:\WINDOWS\SYSTEM32\VERSION.dll
0x00007ff817c50000 - 0x00007ff817c84000 	C:\WINDOWS\SYSTEM32\WINMM.dll
0x00007ff819c00000 - 0x00007ff819c0f000 	D:\environment\java_environment\jdk-1.8\jre\bin\verify.dll
0x00007ff819800000 - 0x00007ff819829000 	D:\environment\java_environment\jdk-1.8\jre\bin\java.dll
0x00007ff8060b0000 - 0x00007ff8060da000 	D:\environment\java_environment\jdk-1.8\jre\bin\instrument.dll
0x00007ff819bb0000 - 0x00007ff819bc6000 	D:\environment\java_environment\jdk-1.8\jre\bin\zip.dll
0x00007ff820690000 - 0x00007ff820e8a000 	C:\WINDOWS\System32\SHELL32.dll
0x00007ff81c5a0000 - 0x00007ff81ce6e000 	C:\WINDOWS\SYSTEM32\windows.storage.dll
0x00007ff81f970000 - 0x00007ff81fcf9000 	C:\WINDOWS\System32\combase.dll
0x00007ff81c460000 - 0x00007ff81c59e000 	C:\WINDOWS\SYSTEM32\wintypes.dll
0x00007ff81f0f0000 - 0x00007ff81f1e1000 	C:\WINDOWS\System32\SHCORE.dll
0x00007ff821050000 - 0x00007ff8210ae000 	C:\WINDOWS\System32\shlwapi.dll
0x00007ff81e530000 - 0x00007ff81e551000 	C:\WINDOWS\SYSTEM32\profapi.dll
0x00007ff818d60000 - 0x00007ff818d7a000 	D:\environment\IDE\IntelliJ IDEA 2021.3.3\bin\breakgen64.dll
0x00007ff818da0000 - 0x00007ff818dba000 	D:\environment\java_environment\jdk-1.8\jre\bin\net.dll
0x00007ff81da70000 - 0x00007ff81dad9000 	C:\WINDOWS\system32\mswsock.dll
0x00007ff8022b0000 - 0x00007ff8022e3000 	C:\Program Files (x86)\Sangfor\SSL\ClientComponent\SangforNspX64.dll
0x00007ff81f7d0000 - 0x00007ff81f96c000 	C:\WINDOWS\System32\ole32.dll
0x00007ff81f6f0000 - 0x00007ff81f7c7000 	C:\WINDOWS\System32\OLEAUT32.dll
0x00007ff81d140000 - 0x00007ff81d233000 	C:\WINDOWS\SYSTEM32\DNSAPI.dll
0x00007ff81d0d0000 - 0x00007ff81d0fd000 	C:\WINDOWS\SYSTEM32\IPHLPAPI.DLL
0x00007ff81f610000 - 0x00007ff81f619000 	C:\WINDOWS\System32\NSI.dll
0x00000000648f0000 - 0x0000000064916000 	C:\Program Files\Bonjour\mdnsNSP.dll
0x00007ff8130b0000 - 0x00007ff8130ba000 	C:\Windows\System32\rasadhlp.dll
0x00007ff815af0000 - 0x00007ff815b74000 	C:\WINDOWS\System32\fwpuclnt.dll
0x00007ff819af0000 - 0x00007ff819afd000 	D:\environment\java_environment\jdk-1.8\jre\bin\management.dll
0x00007ff818d80000 - 0x00007ff818d92000 	D:\environment\java_environment\jdk-1.8\jre\bin\nio.dll
0x00007ff81dd90000 - 0x00007ff81ddab000 	C:\WINDOWS\SYSTEM32\CRYPTSP.dll
0x00007ff81d580000 - 0x00007ff81d5b5000 	C:\WINDOWS\system32\rsaenh.dll
0x00007ff81db10000 - 0x00007ff81db38000 	C:\WINDOWS\SYSTEM32\USERENV.dll
0x00007ff81dec0000 - 0x00007ff81dee8000 	C:\WINDOWS\SYSTEM32\bcrypt.dll
0x00007ff81ef60000 - 0x00007ff81efdb000 	C:\WINDOWS\System32\bcryptprimitives.dll
0x00007ff81dd70000 - 0x00007ff81dd7c000 	C:\WINDOWS\SYSTEM32\CRYPTBASE.dll
0x00007ff817360000 - 0x00007ff817379000 	C:\WINDOWS\SYSTEM32\dhcpcsvc6.DLL
0x00007ff8172e0000 - 0x00007ff8172ff000 	C:\WINDOWS\SYSTEM32\dhcpcsvc.DLL
0x00007ffffdde0000 - 0x00007ffffddf7000 	C:\WINDOWS\system32\napinsp.dll
0x00007ffffd9b0000 - 0x00007ffffd9cb000 	C:\WINDOWS\system32\pnrpnsp.dll
0x00007ffffd7d0000 - 0x00007ffffd7e1000 	C:\WINDOWS\System32\winrnr.dll
0x00007ffffe840000 - 0x00007ffffe855000 	C:\WINDOWS\system32\wshbth.dll
0x00007ffffe6b0000 - 0x00007ffffe6d1000 	C:\WINDOWS\system32\nlansp_c.dll
0x0000000180000000 - 0x0000000180286000 	D:\environment\server_environment\tomcat8\bin\tcnative-1.dll
0x00007ff81e860000 - 0x00007ff81e9c7000 	C:\WINDOWS\System32\CRYPT32.dll
0x00007ff804620000 - 0x00007ff804643000 	D:\environment\java_environment\jdk-1.8\jre\bin\sunec.dll
0x00007ff805ba0000 - 0x00007ff805bac000 	D:\environment\java_environment\jdk-1.8\jre\bin\sunmscapi.dll
0x00007ff81de90000 - 0x00007ff81debe000 	C:\WINDOWS\SYSTEM32\ncrypt.dll
0x00007ff81de50000 - 0x00007ff81de87000 	C:\WINDOWS\SYSTEM32\NTASN1.dll
0x0000028d80940000 - 0x0000028d80965000 	D:\environment\java_environment\jdk-1.8\bin\rxtxSerial.dll
0x00007ff81bf30000 - 0x00007ff81c15e000 	C:\WINDOWS\SYSTEM32\dbghelp.dll

VM Arguments:
jvm_args: -XX:TieredStopAtLevel=1 -Xverify:none -Dspring.output.ansi.enabled=always -Dcom.sun.management.jmxremote -Dspring.jmx.enabled=true -Dspring.liveBeansView.mbeanDomain -Dspring.application.admin.enabled=true -javaagent:D:\environment\IDE\IntelliJ IDEA 2021.3.3\lib\idea_rt.jar=3988:D:\environment\IDE\IntelliJ IDEA 2021.3.3\bin -Dfile.encoding=GBK 
java_command: com.example.ppqppl_inpatient_ward_server.PpqpplInpatientWardServerApplication
java_class_path (initial): D:\environment\java_environment\jdk-1.8\jre\lib\charsets.jar;D:\environment\java_environment\jdk-1.8\jre\lib\ext\access-bridge-64.jar;D:\environment\java_environment\jdk-1.8\jre\lib\ext\cldrdata.jar;D:\environment\java_environment\jdk-1.8\jre\lib\ext\dnsns.jar;D:\environment\java_environment\jdk-1.8\jre\lib\ext\jaccess.jar;D:\environment\java_environment\jdk-1.8\jre\lib\ext\jfxrt.jar;D:\environment\java_environment\jdk-1.8\jre\lib\ext\localedata.jar;D:\environment\java_environment\jdk-1.8\jre\lib\ext\nashorn.jar;D:\environment\java_environment\jdk-1.8\jre\lib\ext\sunec.jar;D:\environment\java_environment\jdk-1.8\jre\lib\ext\sunjce_provider.jar;D:\environment\java_environment\jdk-1.8\jre\lib\ext\sunmscapi.jar;D:\environment\java_environment\jdk-1.8\jre\lib\ext\sunpkcs11.jar;D:\environment\java_environment\jdk-1.8\jre\lib\ext\zipfs.jar;D:\environment\java_environment\jdk-1.8\jre\lib\jce.jar;D:\environment\java_environment\jdk-1.8\jre\lib\jfr.jar;D:\environment\java_environment\jdk-1.8\jre\lib\jfxswt.jar;D:\environment\java_environment\jdk-1.8\jre\lib\jsse.jar;D:\environment\java_environment\jdk-1.8\jre\lib\management-agent.jar;D:\environment\java_environment\jdk-1.8\jre\lib\resources.jar;D:\environment\java_environment\jdk-1.8\jre\lib\rt.jar;D:\code-file\Ppqppl_Inpatient_Ward_Server\target\classes;C:\Users\ppqpp\.m2\repository\org\springframework\boot\spring-boot-starter-data-jpa\2.2.4.RELEASE\spring-boot-starter-data-jpa-2.2.4.RELEASE.jar;C:\Users\ppqpp\.m2\repository\org\springframework\boot\spring-boot-starter-aop\2.2.4.RELEASE\spring-boot-starter-aop-2.2.4.RELEASE.jar;C:\Users\ppqpp\.m2\repository\org\springframework\spring-aop\5.2.3.RELEASE\spring-aop-5.2.3.RELEASE.jar;C:\Users\ppqpp\.m2\repository\org\aspectj\aspectjweaver\1.9.5\aspectjweaver-1.9.5.jar;C:\Users\ppqpp\.m2\repository\jakarta\activation\jakarta.activation-api\1.2.1\jakarta.activation-api-1.2.1.jar;C:\Users\ppqpp\.m2\repository\jakarta\persistence\jakarta.persistence-api
Launcher Type: SUN_STANDARD

Environment Variables:
JAVA_HOME=D:\environment\java_environment\jdk1.8.0_331
USERNAME=ppqpp
OS=Windows_NT
PROCESSOR_IDENTIFIER=Intel64 Family 6 Model 165 Stepping 2, GenuineIntel



---------------  S Y S T E M  ---------------

OS: Windows 10.0 , 64 bit Build 22621 (10.0.22621.1680)

CPU:total 16 (initial active 16) (8 cores per cpu, 2 threads per core) family 6 model 165 stepping 2, cmov, cx8, fxsr, mmx, sse, sse2, sse3, ssse3, sse4.1, sse4.2, popcnt, avx, avx2, aes, clmul, erms, 3dnowpref, lzcnt, ht, tsc, tscinvbit, bmi1, bmi2, adx

Memory: 4k page, physical 33458992k(17623156k free), swap 35556144k(14041568k free)

vm_info: OpenJDK 64-Bit Server VM (25.322-b06) for windows-amd64 JRE (1.8.0_322-b06), built on Jan 13 2022 23:37:51 by "Administrator" with MS VC++ 12.0 (VS2013)

time: Wed May 17 20:15:34 2023
timezone: ?D1¨²¡À¨º¡Á?¨º¡À??
elapsed time: 22.431127 seconds (0d 0h 0m 22s)

