#
# A fatal error has been detected by the Java Runtime Environment:
#
#  EXCEPTION_ACCESS_VIOLATION (0xc0000005) at pc=0x0000012483665b00, pid=20732, tid=0x0000000000000724
#
# JRE version: OpenJDK Runtime Environment (8.0_322-b06) (build 1.8.0_322-b06)
# Java VM: OpenJDK 64-Bit Server VM (25.322-b06 mixed mode windows-amd64 compressed oops)
# Problematic frame:
# C  [rxtxSerial.dll+0x5b00]
#
# Failed to write core dump. Minidumps are not enabled by default on client versions of Windows
#
# If you would like to submit a bug report, please visit:
#   https://github.com/corretto/corretto-8/issues/
# The crash happened outside the Java Virtual Machine in native code.
# See problematic frame for where to report the bug.
#

---------------  T H R E A D  ---------------

Current thread (0x000001248668c000):  JavaThread "Thread-17" daemon [_thread_in_native, id=1828, stack(0x0000000335e00000,0x0000000335f00000)]

siginfo: ExceptionCode=0xc0000005, reading address 0x0000000035efef28

Registers:
RAX=0x0000000000000001, RBX=0x0000000000000000, RCX=0x000001248367d4d5, RDX=0xfffffffffffff665
RSP=0x0000000335efe520, RBP=0x00000000ffffffff, RSI=0x0000000000000000, RDI=0x000001248668c258
R8 =0x0000000000000002, R9 =0xfffffffffffff63c, R10=0x000000000000006a, R11=0x8101010101010100
R12=0x0000000035efef20, R13=0x0000000000000001, R14=0x0000000335efe700, R15=0x0000000000000000
RIP=0x0000012483665b00, EFLAGS=0x0000000000010202

Top of Stack: (sp=0x0000000335efe520)
0x0000000335efe520:   0000000000000000 0000000000000000
0x0000000335efe530:   0000000335efe708 0000000000000000
0x0000000335efe540:   0000000000000000 0000000335efe700
0x0000000335efe550:   0000012487dd8278 0000000000000001
0x0000000335efe560:   000001248668c258 0000000000000001
0x0000000335efe570:   ffffffffffffffff 0000012483666211
0x0000000335efe580:   00000124830ee880 0000000000000001
0x0000000335efe590:   0000000000000001 00000124830ee880
0x0000000335efe5a0:   0000012400000001 00000124ffffffff
0x0000000335efe5b0:   0000000335efe708 0000012487dd8278
0x0000000335efe5c0:   000001248661f8b0 0000000063d8baa5
0x0000000335efe5d0:   0000000335efeb80 000001248668c000
0x0000000335efe5e0:   0000012487dd8280 0000000063dfc75c
0x0000000335efe5f0:   0000012487dd8280 00008899798a5f07
0x0000000335efe600:   0000012487dd8280 0000012487dd8278
0x0000000335efe610:   000001248668c000 0000000335efe708 

Instructions: (pc=0x0000012483665b00)
0x0000012483665ae0:   15 23 7a 01 00 48 8d 48 60 e8 3a 5d 00 00 4c 8b
0x0000012483665af0:   e5 8b ac 24 88 00 00 00 44 8b ac 24 80 00 00 00
0x0000012483665b00:   45 8b 74 24 08 41 89 5c 24 08 41 8b fd 85 ed 78
0x0000012483665b10:   09 ff 15 e9 14 01 00 44 8b f8 45 85 ed 7e 4a 90 


Register to memory mapping:

RAX=0x0000000000000001 is an unknown value
RBX=0x0000000000000000 is an unknown value
RCX=0x000001248367d4d5 is an unknown value
RDX=0xfffffffffffff665 is an unknown value
RSP=0x0000000335efe520 is pointing into the stack for thread: 0x000001248668c000
RBP=0x00000000ffffffff is an unknown value
RSI=0x0000000000000000 is an unknown value
RDI=0x000001248668c258 is an unknown value
R8 =0x0000000000000002 is an unknown value
R9 =0xfffffffffffff63c is an unknown value
R10=0x000000000000006a is an unknown value
R11=0x8101010101010100 is an unknown value
R12=0x0000000035efef20 is an unknown value
R13=0x0000000000000001 is an unknown value
R14=0x0000000335efe700 is pointing into the stack for thread: 0x000001248668c000
R15=0x0000000000000000 is an unknown value


Stack: [0x0000000335e00000,0x0000000335f00000],  sp=0x0000000335efe520,  free space=1017k
Native frames: (J=compiled Java code, j=interpreted, Vv=VM code, C=native code)
C  [rxtxSerial.dll+0x5b00]
C  [rxtxSerial.dll+0x6211]
C  0x00000124dd159c8e

Java frames: (J=compiled Java code, j=interpreted, Vv=VM code)
j  gnu.io.RXTXPort.readArray([BII)I+0
j  gnu.io.RXTXPort$SerialInputStream.read([BII)I+212
j  gnu.io.RXTXPort$SerialInputStream.read([B)I+60
j  com.example.ppqppl_inpatient_ward_server.utils.SerialCom.serialEvent(Lgnu/io/SerialPortEvent;)V+99
j  gnu.io.RXTXPort.sendEvent(IZ)Z+382
v  ~StubRoutines::call_stub
j  gnu.io.RXTXPort.eventLoop()V+0
j  gnu.io.RXTXPort$MonitorThread.run()V+12
v  ~StubRoutines::call_stub

---------------  P R O C E S S  ---------------

Java Threads: ( => current thread )
  0x000001248668b800 JavaThread "RMI TCP Connection(idle)" daemon [_thread_blocked, id=8784, stack(0x0000000334400000,0x0000000334500000)]
  0x0000012486687800 JavaThread "DestroyJavaVM" [_thread_blocked, id=18592, stack(0x0000000332100000,0x0000000332200000)]
  0x0000012486688800 JavaThread "Thread-16" [_thread_in_Java, id=27020, stack(0x0000000335f00000,0x0000000336000000)]
=>0x000001248668c000 JavaThread "Thread-17" daemon [_thread_in_native, id=1828, stack(0x0000000335e00000,0x0000000335f00000)]
  0x0000012486689000 JavaThread "http-nio-8081-Acceptor" daemon [_thread_in_native, id=24740, stack(0x0000000335d00000,0x0000000335e00000)]
  0x0000012486686000 JavaThread "http-nio-8081-ClientPoller" daemon [_thread_in_native, id=24376, stack(0x0000000335c00000,0x0000000335d00000)]
  0x000001248668a800 JavaThread "http-nio-8081-exec-10" daemon [_thread_blocked, id=30100, stack(0x0000000335b00000,0x0000000335c00000)]
  0x000001248668a000 JavaThread "http-nio-8081-exec-9" daemon [_thread_blocked, id=11164, stack(0x0000000335a00000,0x0000000335b00000)]
  0x000001248667e000 JavaThread "http-nio-8081-exec-8" daemon [_thread_blocked, id=14116, stack(0x0000000335900000,0x0000000335a00000)]
  0x0000012486684800 JavaThread "http-nio-8081-exec-7" daemon [_thread_blocked, id=26492, stack(0x0000000335800000,0x0000000335900000)]
  0x000001248667f000 JavaThread "http-nio-8081-exec-6" daemon [_thread_blocked, id=28832, stack(0x0000000335700000,0x0000000335800000)]
  0x0000012486683800 JavaThread "http-nio-8081-exec-5" daemon [_thread_blocked, id=12492, stack(0x0000000335600000,0x0000000335700000)]
  0x0000012486683000 JavaThread "http-nio-8081-exec-4" daemon [_thread_blocked, id=20952, stack(0x0000000335500000,0x0000000335600000)]
  0x0000012486685000 JavaThread "http-nio-8081-exec-3" daemon [_thread_blocked, id=24404, stack(0x0000000335400000,0x0000000335500000)]
  0x0000012486681000 JavaThread "http-nio-8081-exec-2" daemon [_thread_blocked, id=29620, stack(0x0000000335300000,0x0000000335400000)]
  0x0000012486682000 JavaThread "http-nio-8081-exec-1" daemon [_thread_blocked, id=9472, stack(0x0000000335200000,0x0000000335300000)]
  0x0000012486680800 JavaThread "http-nio-8081-BlockPoller" daemon [_thread_in_native, id=1916, stack(0x0000000335100000,0x0000000335200000)]
  0x000001248667f800 JavaThread "File Watcher" daemon [_thread_blocked, id=26632, stack(0x0000000334f00000,0x0000000335000000)]
  0x0000012482dd0000 JavaThread "Live Reload Server" daemon [_thread_in_native, id=9484, stack(0x0000000335000000,0x0000000335100000)]
  0x0000012482dce800 JavaThread "HikariPool-1 housekeeper" daemon [_thread_blocked, id=10900, stack(0x0000000334d00000,0x0000000334e00000)]
  0x00000124848c0800 JavaThread "mysql-cj-abandoned-connection-cleanup" daemon [_thread_blocked, id=13740, stack(0x0000000334b00000,0x0000000334c00000)]
  0x00000124845d4000 JavaThread "container-0" [_thread_blocked, id=5952, stack(0x0000000334a00000,0x0000000334b00000)]
  0x00000124845d3800 JavaThread "Catalina-utility-2" [_thread_blocked, id=21856, stack(0x0000000334900000,0x0000000334a00000)]
  0x00000124845d2800 JavaThread "Catalina-utility-1" [_thread_blocked, id=23748, stack(0x0000000334800000,0x0000000334900000)]
  0x000001248412d000 JavaThread "RMI Scheduler(0)" daemon [_thread_blocked, id=4988, stack(0x0000000334700000,0x0000000334800000)]
  0x0000012481a95800 JavaThread "RMI TCP Connection(3)-192.168.180.1" daemon [_thread_in_native, id=14880, stack(0x0000000334600000,0x0000000334700000)]
  0x00000124830f3800 JavaThread "RMI TCP Accept-0" daemon [_thread_in_native, id=25780, stack(0x0000000334200000,0x0000000334300000)]
  0x0000012482e7d000 JavaThread "Service Thread" daemon [_thread_blocked, id=10724, stack(0x0000000334100000,0x0000000334200000)]
  0x0000012482dcd000 JavaThread "C1 CompilerThread11" daemon [_thread_blocked, id=23192, stack(0x0000000334000000,0x0000000334100000)]
  0x0000012482dcb000 JavaThread "C1 CompilerThread10" daemon [_thread_blocked, id=23536, stack(0x0000000333f00000,0x0000000334000000)]
  0x0000012482dd1800 JavaThread "C1 CompilerThread9" daemon [_thread_blocked, id=24868, stack(0x0000000333e00000,0x0000000333f00000)]
  0x0000012482dca800 JavaThread "C1 CompilerThread8" daemon [_thread_blocked, id=16712, stack(0x0000000333d00000,0x0000000333e00000)]
  0x0000012482dd0800 JavaThread "C2 CompilerThread7" daemon [_thread_blocked, id=19132, stack(0x0000000333c00000,0x0000000333d00000)]
  0x0000012482db1800 JavaThread "C2 CompilerThread6" daemon [_thread_blocked, id=20168, stack(0x0000000333b00000,0x0000000333c00000)]
  0x0000012482da1000 JavaThread "C2 CompilerThread5" daemon [_thread_blocked, id=8600, stack(0x0000000333a00000,0x0000000333b00000)]
  0x0000012482da0000 JavaThread "C2 CompilerThread4" daemon [_thread_blocked, id=26644, stack(0x0000000333900000,0x0000000333a00000)]
  0x0000012482d9b000 JavaThread "C2 CompilerThread3" daemon [_thread_blocked, id=29820, stack(0x0000000333800000,0x0000000333900000)]
  0x0000012482d95000 JavaThread "C2 CompilerThread2" daemon [_thread_blocked, id=12932, stack(0x0000000333700000,0x0000000333800000)]
  0x0000012482d92000 JavaThread "C2 CompilerThread1" daemon [_thread_blocked, id=23956, stack(0x0000000333600000,0x0000000333700000)]
  0x0000012482d9a800 JavaThread "C2 CompilerThread0" daemon [_thread_blocked, id=12940, stack(0x0000000333500000,0x0000000333600000)]
  0x0000012481daa000 JavaThread "Monitor Ctrl-Break" daemon [_thread_in_native, id=5876, stack(0x0000000333400000,0x0000000333500000)]
  0x0000012481a70000 JavaThread "Attach Listener" daemon [_thread_blocked, id=16056, stack(0x0000000333300000,0x0000000333400000)]
  0x0000012481a1a800 JavaThread "Signal Dispatcher" daemon [_thread_blocked, id=8468, stack(0x0000000333200000,0x0000000333300000)]
  0x00000124ffc7a000 JavaThread "Finalizer" daemon [_thread_blocked, id=21840, stack(0x0000000333100000,0x0000000333200000)]
  0x00000124819f2000 JavaThread "Reference Handler" daemon [_thread_blocked, id=672, stack(0x0000000333000000,0x0000000333100000)]

Other Threads:
  0x00000124819d1800 VMThread [stack: 0x0000000332f00000,0x0000000333000000] [id=5308]
  0x0000012483106800 WatcherThread [stack: 0x0000000334300000,0x0000000334400000] [id=26472]

VM state:not at safepoint (normal execution)

VM Mutex/Monitor currently owned by a thread: None

heap address: 0x00000005c1600000, size: 8170 MB, Compressed Oops mode: Zero based, Oop shift amount: 3
Narrow klass base: 0x0000000000000000, Narrow klass shift: 3
Compressed class space size: 1073741824 Address: 0x00000007c0000000

Heap:
 PSYoungGen      total 243200K, used 42213K [0x0000000715d00000, 0x000000072d600000, 0x00000007c0000000)
  eden space 221696K, 9% used [0x0000000715d00000,0x0000000717139878,0x0000000723580000)
  from space 21504K, 99% used [0x0000000723580000,0x0000000724a7fdc0,0x0000000724a80000)
  to   space 21504K, 0% used [0x000000072c100000,0x000000072c100000,0x000000072d600000)
 ParOldGen       total 251904K, used 19196K [0x00000005c1600000, 0x00000005d0c00000, 0x0000000715d00000)
  object space 251904K, 7% used [0x00000005c1600000,0x00000005c28bf090,0x00000005d0c00000)
 Metaspace       used 52888K, capacity 55892K, committed 55936K, reserved 1097728K
  class space    used 7510K, capacity 8047K, committed 8064K, reserved 1048576K

Card table byte_map: [0x00000124ec500000,0x00000124ed500000] byte_map_base: 0x00000124e96f5000

Marking Bits: (ParMarkBitMap*) 0x00000000644e7860
 Begin Bits: [0x00000124edfb0000, 0x00000124f5f58000)
 End Bits:   [0x00000124f5f58000, 0x00000124fdf00000)

Polling page: 0x00000124dd110000

CodeCache: size=245760Kb used=10771Kb max_used=10771Kb free=234988Kb
 bounds [0x00000124dd140000, 0x00000124ddbd0000, 0x00000124ec140000]
 total_blobs=5305 nmethods=4724 adapters=490
 compilation: enabled

Compilation events (10 events):
Event: 9.019 Thread 0x0000012482dcd000 4720       1       java.io.ObjectInputStream$FilterValues::serialClass (5 bytes)
Event: 9.019 Thread 0x0000012482dca800 4722       1       java.io.ObjectInputStream::readClassDesc (132 bytes)
Event: 9.019 Thread 0x0000012482dcb000 4723       1       java.io.Bits::getInt (43 bytes)
Event: 9.019 Thread 0x0000012482dd1800 4721       1       java.io.ObjectStreamClass::getResolveException (5 bytes)
Event: 9.019 Thread 0x0000012482dcd000 nmethod 4720 0x00000124ddbc2a90 code [0x00000124ddbc2be0, 0x00000124ddbc2cf8]
Event: 9.019 Thread 0x0000012482dd1800 nmethod 4721 0x00000124ddbc2d50 code [0x00000124ddbc2ea0, 0x00000124ddbc2fb8]
Event: 9.019 Thread 0x0000012482dcb000 nmethod 4723 0x00000124ddbc3010 code [0x00000124ddbc3160, 0x00000124ddbc32f8]
Event: 9.020 Thread 0x0000012482dca800 nmethod 4722 0x00000124ddbc3410 code [0x00000124ddbc3680, 0x00000124ddbc40a0]
Event: 14.182 Thread 0x0000012482dd1800 4724       1       java.util.EventObject::<init> (24 bytes)
Event: 14.182 Thread 0x0000012482dd1800 nmethod 4724 0x00000124ddbc4ad0 code [0x00000124ddbc4c40, 0x00000124ddbc4e10]

GC Heap History (10 events):
Event: 2.753 GC heap before
{Heap before GC invocations=3 (full 1):
 PSYoungGen      total 153088K, used 9172K [0x0000000715d00000, 0x0000000728800000, 0x00000007c0000000)
  eden space 131584K, 0% used [0x0000000715d00000,0x0000000715d00000,0x000000071dd80000)
  from space 21504K, 42% used [0x000000071f280000,0x000000071fb75378,0x0000000720780000)
  to   space 21504K, 0% used [0x000000071dd80000,0x000000071dd80000,0x000000071f280000)
 ParOldGen       total 349696K, used 24K [0x00000005c1600000, 0x00000005d6b80000, 0x0000000715d00000)
  object space 349696K, 0% used [0x00000005c1600000,0x00000005c1606000,0x00000005d6b80000)
 Metaspace       used 20519K, capacity 21226K, committed 21296K, reserved 1067008K
  class space    used 2739K, capacity 2918K, committed 2944K, reserved 1048576K
Event: 2.778 GC heap after
Heap after GC invocations=3 (full 1):
 PSYoungGen      total 153088K, used 0K [0x0000000715d00000, 0x0000000728800000, 0x00000007c0000000)
  eden space 131584K, 0% used [0x0000000715d00000,0x0000000715d00000,0x000000071dd80000)
  from space 21504K, 0% used [0x000000071f280000,0x000000071f280000,0x0000000720780000)
  to   space 21504K, 0% used [0x000000071dd80000,0x000000071dd80000,0x000000071f280000)
 ParOldGen       total 173056K, used 8572K [0x00000005c1600000, 0x00000005cbf00000, 0x0000000715d00000)
  object space 173056K, 4% used [0x00000005c1600000,0x00000005c1e5f0d0,0x00000005cbf00000)
 Metaspace       used 20518K, capacity 21220K, committed 21296K, reserved 1067008K
  class space    used 2739K, capacity 2917K, committed 2944K, reserved 1048576K
}
Event: 3.733 GC heap before
{Heap before GC invocations=4 (full 1):
 PSYoungGen      total 153088K, used 131584K [0x0000000715d00000, 0x0000000728800000, 0x00000007c0000000)
  eden space 131584K, 100% used [0x0000000715d00000,0x000000071dd80000,0x000000071dd80000)
  from space 21504K, 0% used [0x000000071f280000,0x000000071f280000,0x0000000720780000)
  to   space 21504K, 0% used [0x000000071dd80000,0x000000071dd80000,0x000000071f280000)
 ParOldGen       total 173056K, used 8572K [0x00000005c1600000, 0x00000005cbf00000, 0x0000000715d00000)
  object space 173056K, 4% used [0x00000005c1600000,0x00000005c1e5f0d0,0x00000005cbf00000)
 Metaspace       used 26522K, capacity 27818K, committed 28032K, reserved 1073152K
  class space    used 3638K, capacity 3903K, committed 3968K, reserved 1048576K
Event: 3.738 GC heap after
Heap after GC invocations=4 (full 1):
 PSYoungGen      total 153088K, used 10221K [0x0000000715d00000, 0x0000000726000000, 0x00000007c0000000)
  eden space 131584K, 0% used [0x0000000715d00000,0x0000000715d00000,0x000000071dd80000)
  from space 21504K, 47% used [0x000000071dd80000,0x000000071e77b470,0x000000071f280000)
  to   space 21504K, 0% used [0x0000000724b00000,0x0000000724b00000,0x0000000726000000)
 ParOldGen       total 173056K, used 8580K [0x00000005c1600000, 0x00000005cbf00000, 0x0000000715d00000)
  object space 173056K, 4% used [0x00000005c1600000,0x00000005c1e610d0,0x00000005cbf00000)
 Metaspace       used 26522K, capacity 27818K, committed 28032K, reserved 1073152K
  class space    used 3638K, capacity 3903K, committed 3968K, reserved 1048576K
}
Event: 4.444 GC heap before
{Heap before GC invocations=5 (full 1):
 PSYoungGen      total 153088K, used 98943K [0x0000000715d00000, 0x0000000726000000, 0x00000007c0000000)
  eden space 131584K, 67% used [0x0000000715d00000,0x000000071b3a4840,0x000000071dd80000)
  from space 21504K, 47% used [0x000000071dd80000,0x000000071e77b470,0x000000071f280000)
  to   space 21504K, 0% used [0x0000000724b00000,0x0000000724b00000,0x0000000726000000)
 ParOldGen       total 173056K, used 8580K [0x00000005c1600000, 0x00000005cbf00000, 0x0000000715d00000)
  object space 173056K, 4% used [0x00000005c1600000,0x00000005c1e610d0,0x00000005cbf00000)
 Metaspace       used 33548K, capacity 35402K, committed 35496K, reserved 1079296K
  class space    used 4676K, capacity 5035K, committed 5120K, reserved 1048576K
Event: 4.455 GC heap after
Heap after GC invocations=5 (full 1):
 PSYoungGen      total 242688K, used 13203K [0x0000000715d00000, 0x0000000725f80000, 0x00000007c0000000)
  eden space 221696K, 0% used [0x0000000715d00000,0x0000000715d00000,0x0000000723580000)
  from space 20992K, 62% used [0x0000000724b00000,0x00000007257e4e18,0x0000000725f80000)
  to   space 21504K, 0% used [0x0000000723580000,0x0000000723580000,0x0000000724a80000)
 ParOldGen       total 173056K, used 8588K [0x00000005c1600000, 0x00000005cbf00000, 0x0000000715d00000)
  object space 173056K, 4% used [0x00000005c1600000,0x00000005c1e630d0,0x00000005cbf00000)
 Metaspace       used 33548K, capacity 35402K, committed 35496K, reserved 1079296K
  class space    used 4676K, capacity 5035K, committed 5120K, reserved 1048576K
}
Event: 4.455 GC heap before
{Heap before GC invocations=6 (full 2):
 PSYoungGen      total 242688K, used 13203K [0x0000000715d00000, 0x0000000725f80000, 0x00000007c0000000)
  eden space 221696K, 0% used [0x0000000715d00000,0x0000000715d00000,0x0000000723580000)
  from space 20992K, 62% used [0x0000000724b00000,0x00000007257e4e18,0x0000000725f80000)
  to   space 21504K, 0% used [0x0000000723580000,0x0000000723580000,0x0000000724a80000)
 ParOldGen       total 173056K, used 8588K [0x00000005c1600000, 0x00000005cbf00000, 0x0000000715d00000)
  object space 173056K, 4% used [0x00000005c1600000,0x00000005c1e630d0,0x00000005cbf00000)
 Metaspace       used 33548K, capacity 35402K, committed 35496K, reserved 1079296K
  class space    used 4676K, capacity 5035K, committed 5120K, reserved 1048576K
Event: 4.486 GC heap after
Heap after GC invocations=6 (full 2):
 PSYoungGen      total 242688K, used 0K [0x0000000715d00000, 0x0000000725f80000, 0x00000007c0000000)
  eden space 221696K, 0% used [0x0000000715d00000,0x0000000715d00000,0x0000000723580000)
  from space 20992K, 0% used [0x0000000724b00000,0x0000000724b00000,0x0000000725f80000)
  to   space 21504K, 0% used [0x0000000723580000,0x0000000723580000,0x0000000724a80000)
 ParOldGen       total 251904K, used 17990K [0x00000005c1600000, 0x00000005d0c00000, 0x0000000715d00000)
  object space 251904K, 7% used [0x00000005c1600000,0x00000005c2791808,0x00000005d0c00000)
 Metaspace       used 33548K, capacity 35402K, committed 35496K, reserved 1079296K
  class space    used 4676K, capacity 5035K, committed 5120K, reserved 1048576K
}
Event: 6.299 GC heap before
{Heap before GC invocations=7 (full 2):
 PSYoungGen      total 242688K, used 221696K [0x0000000715d00000, 0x0000000725f80000, 0x00000007c0000000)
  eden space 221696K, 100% used [0x0000000715d00000,0x0000000723580000,0x0000000723580000)
  from space 20992K, 0% used [0x0000000724b00000,0x0000000724b00000,0x0000000725f80000)
  to   space 21504K, 0% used [0x0000000723580000,0x0000000723580000,0x0000000724a80000)
 ParOldGen       total 251904K, used 17990K [0x00000005c1600000, 0x00000005d0c00000, 0x0000000715d00000)
  object space 251904K, 7% used [0x00000005c1600000,0x00000005c2791808,0x00000005d0c00000)
 Metaspace       used 52675K, capacity 55604K, committed 55680K, reserved 1097728K
  class space    used 7475K, capacity 8003K, committed 8064K, reserved 1048576K
Event: 6.315 GC heap after
Heap after GC invocations=7 (full 2):
 PSYoungGen      total 243200K, used 21503K [0x0000000715d00000, 0x000000072d600000, 0x00000007c0000000)
  eden space 221696K, 0% used [0x0000000715d00000,0x0000000715d00000,0x0000000723580000)
  from space 21504K, 99% used [0x0000000723580000,0x0000000724a7fdc0,0x0000000724a80000)
  to   space 21504K, 0% used [0x000000072c100000,0x000000072c100000,0x000000072d600000)
 ParOldGen       total 251904K, used 19196K [0x00000005c1600000, 0x00000005d0c00000, 0x0000000715d00000)
  object space 251904K, 7% used [0x00000005c1600000,0x00000005c28bf090,0x00000005d0c00000)
 Metaspace       used 52675K, capacity 55604K, committed 55680K, reserved 1097728K
  class space    used 7475K, capacity 8003K, committed 8064K, reserved 1048576K
}

Deoptimization events (0 events):
No events

Classes redefined (0 events):
No events

Internal exceptions (10 events):
Event: 5.886 Thread 0x000001248330a000 Exception <a 'java/lang/ClassNotFoundException': org/springframework/web/servlet/config/annotation/WebMvcConfigurationSupportCustomizer> (0x0000000720a79ba8) thrown at [C:\wsjdk\Corretto8Src\installers\windows\zip\corretto-build\buildRoot\src\hotspot\src\
Event: 5.887 Thread 0x000001248330a000 Exception <a 'java/lang/ClassNotFoundException': org/springframework/web/servlet/config/annotation/DelegatingWebMvcConfigurationCustomizer> (0x0000000720aaff70) thrown at [C:\wsjdk\Corretto8Src\installers\windows\zip\corretto-build\buildRoot\src\hotspot\s
Event: 5.888 Thread 0x000001248330a000 Exception <a 'java/lang/ClassNotFoundException': org/springframework/boot/autoconfigure/web/servlet/WebMvcAutoConfiguration$EnableWebMvcConfigurationCustomizer> (0x0000000720adc268) thrown at [C:\wsjdk\Corretto8Src\installers\windows\zip\corretto-build\bu
Event: 5.888 Thread 0x000001248330a000 Exception <a 'java/lang/ClassNotFoundException': org/springframework/context/ResourceLoaderAwareCustomizer> (0x0000000720b05cc8) thrown at [C:\wsjdk\Corretto8Src\installers\windows\zip\corretto-build\buildRoot\src\hotspot\src\share\vm\classfile\systemDict
Event: 5.889 Thread 0x000001248330a000 Exception <a 'java/lang/ClassNotFoundException': org/springframework/beans/factory/AwareCustomizer> (0x0000000720b1c980) thrown at [C:\wsjdk\Corretto8Src\installers\windows\zip\corretto-build\buildRoot\src\hotspot\src\share\vm\classfile\systemDictionary.c
Event: 5.889 Thread 0x000001248330a000 Exception <a 'java/lang/ClassNotFoundException': org/springframework/context/ApplicationContextAwareCustomizer> (0x0000000720b36050) thrown at [C:\wsjdk\Corretto8Src\installers\windows\zip\corretto-build\buildRoot\src\hotspot\src\share\vm\classfile\system
Event: 5.890 Thread 0x000001248330a000 Exception <a 'java/lang/ClassNotFoundException': org/springframework/beans/factory/AwareCustomizer> (0x0000000720b4d310) thrown at [C:\wsjdk\Corretto8Src\installers\windows\zip\corretto-build\buildRoot\src\hotspot\src\share\vm\classfile\systemDictionary.c
Event: 5.890 Thread 0x000001248330a000 Exception <a 'java/lang/ClassNotFoundException': org/springframework/web/context/ServletContextAwareCustomizer> (0x0000000720b66a08) thrown at [C:\wsjdk\Corretto8Src\installers\windows\zip\corretto-build\buildRoot\src\hotspot\src\share\vm\classfile\system
Event: 5.890 Thread 0x000001248330a000 Exception <a 'java/lang/ClassNotFoundException': org/springframework/beans/factory/AwareCustomizer> (0x0000000720b7d738) thrown at [C:\wsjdk\Corretto8Src\installers\windows\zip\corretto-build\buildRoot\src\hotspot\src\share\vm\classfile\systemDictionary.c
Event: 6.100 Thread 0x000001248330a000 Exception <a 'java/lang/IncompatibleClassChangeError': Found class java.lang.Object, but interface was expected> (0x000000072221ba30) thrown at [C:\wsjdk\Corretto8Src\installers\windows\zip\corretto-build\buildRoot\src\hotspot\src\share\vm\interpreter\lin

Events (10 events):
Event: 14.182 loading class org/apache/catalina/webresources/Cache$EvictionOrder
Event: 14.182 loading class org/apache/catalina/webresources/Cache$EvictionOrder done
Event: 14.182 loading class org/apache/tomcat/PeriodicEventListener
Event: 14.182 loading class org/apache/tomcat/PeriodicEventListener done
Event: 17.559 loading class gnu/io/SerialPortEvent
Event: 17.559 loading class gnu/io/SerialPortEvent done
Event: 17.560 Executing VM operation: RevokeBias
Event: 17.560 Executing VM operation: RevokeBias done
Event: 17.560 Executing VM operation: RevokeBias
Event: 17.560 Executing VM operation: RevokeBias done


Dynamic libraries:
0x00007ff64e470000 - 0x00007ff64e4aa000 	D:\environment\java_environment\jdk-1.8\bin\java.exe
0x00007ff8211f0000 - 0x00007ff821404000 	C:\WINDOWS\SYSTEM32\ntdll.dll
0x00007ff81f620000 - 0x00007ff81f6e2000 	C:\WINDOWS\System32\KERNEL32.DLL
0x00007ff81e9d0000 - 0x00007ff81ed73000 	C:\WINDOWS\System32\KERNELBASE.dll
0x00007ff8205a0000 - 0x00007ff82064e000 	C:\WINDOWS\System32\ADVAPI32.dll
0x00007ff81fd10000 - 0x00007ff81fdb7000 	C:\WINDOWS\System32\msvcrt.dll
0x00007ff8204f0000 - 0x00007ff820594000 	C:\WINDOWS\System32\sechost.dll
0x00007ff820250000 - 0x00007ff820367000 	C:\WINDOWS\System32\RPCRT4.dll
0x00007ff81f280000 - 0x00007ff81f42b000 	C:\WINDOWS\System32\USER32.dll
0x00007ff81e830000 - 0x00007ff81e856000 	C:\WINDOWS\System32\win32u.dll
0x00007ff81f1f0000 - 0x00007ff81f219000 	C:\WINDOWS\System32\GDI32.dll
0x00007ff81e670000 - 0x00007ff81e788000 	C:\WINDOWS\System32\gdi32full.dll
0x00007ff81e790000 - 0x00007ff81e82a000 	C:\WINDOWS\System32\msvcp_win.dll
0x00007ff81ee40000 - 0x00007ff81ef51000 	C:\WINDOWS\System32\ucrtbase.dll
0x00007ff8036e0000 - 0x00007ff80396e000 	C:\WINDOWS\WinSxS\amd64_microsoft.windows.common-controls_6595b64144ccf1df_6.0.22621.1465_none_271271ab738361f1\COMCTL32.dll
0x00007ff820650000 - 0x00007ff820681000 	C:\WINDOWS\System32\IMM32.DLL
0x00007ff803f10000 - 0x00007ff803fff000 	D:\environment\java_environment\jdk-1.8\jre\bin\msvcr120.dll
0x00007ff803e60000 - 0x00007ff803f06000 	D:\environment\java_environment\jdk-1.8\jre\bin\msvcp120.dll
0x0000000063cf0000 - 0x0000000064566000 	D:\environment\java_environment\jdk-1.8\jre\bin\server\jvm.dll
0x00007ff81fd00000 - 0x00007ff81fd08000 	C:\WINDOWS\System32\PSAPI.DLL
0x00007ff8199a0000 - 0x00007ff8199a9000 	C:\WINDOWS\SYSTEM32\WSOCK32.dll
0x00007ff820370000 - 0x00007ff8203e1000 	C:\WINDOWS\System32\WS2_32.dll
0x00007ff817c50000 - 0x00007ff817c84000 	C:\WINDOWS\SYSTEM32\WINMM.dll
0x00007ff817f80000 - 0x00007ff817f8a000 	C:\WINDOWS\SYSTEM32\VERSION.dll
0x00007ff819c00000 - 0x00007ff819c0f000 	D:\environment\java_environment\jdk-1.8\jre\bin\verify.dll
0x00007ff819800000 - 0x00007ff819829000 	D:\environment\java_environment\jdk-1.8\jre\bin\java.dll
0x00007ff8041e0000 - 0x00007ff80420a000 	D:\environment\java_environment\jdk-1.8\jre\bin\instrument.dll
0x00007ff819bb0000 - 0x00007ff819bc6000 	D:\environment\java_environment\jdk-1.8\jre\bin\zip.dll
0x00007ff820690000 - 0x00007ff820e8a000 	C:\WINDOWS\System32\SHELL32.dll
0x00007ff81c5a0000 - 0x00007ff81ce6e000 	C:\WINDOWS\SYSTEM32\windows.storage.dll
0x00007ff81f970000 - 0x00007ff81fcf9000 	C:\WINDOWS\System32\combase.dll
0x00007ff81c460000 - 0x00007ff81c59e000 	C:\WINDOWS\SYSTEM32\wintypes.dll
0x00007ff81f0f0000 - 0x00007ff81f1e1000 	C:\WINDOWS\System32\SHCORE.dll
0x00007ff821050000 - 0x00007ff8210ae000 	C:\WINDOWS\System32\shlwapi.dll
0x00007ff81e530000 - 0x00007ff81e551000 	C:\WINDOWS\SYSTEM32\profapi.dll
0x00007ff803110000 - 0x00007ff80312a000 	D:\environment\IDE\IntelliJ IDEA 2021.3.3\bin\breakgen64.dll
0x00007ff818da0000 - 0x00007ff818dba000 	D:\environment\java_environment\jdk-1.8\jre\bin\net.dll
0x00007ff81da70000 - 0x00007ff81dad9000 	C:\WINDOWS\system32\mswsock.dll
0x00007ff8022b0000 - 0x00007ff8022e3000 	C:\Program Files (x86)\Sangfor\SSL\ClientComponent\SangforNspX64.dll
0x00007ff81f7d0000 - 0x00007ff81f96c000 	C:\WINDOWS\System32\ole32.dll
0x00007ff81f6f0000 - 0x00007ff81f7c7000 	C:\WINDOWS\System32\OLEAUT32.dll
0x00007ff81d140000 - 0x00007ff81d233000 	C:\WINDOWS\SYSTEM32\DNSAPI.dll
0x00007ff81d0d0000 - 0x00007ff81d0fd000 	C:\WINDOWS\SYSTEM32\IPHLPAPI.DLL
0x00007ff81f610000 - 0x00007ff81f619000 	C:\WINDOWS\System32\NSI.dll
0x00000000648f0000 - 0x0000000064916000 	C:\Program Files\Bonjour\mdnsNSP.dll
0x00007ff8130b0000 - 0x00007ff8130ba000 	C:\Windows\System32\rasadhlp.dll
0x00007ff815af0000 - 0x00007ff815b74000 	C:\WINDOWS\System32\fwpuclnt.dll
0x00007ff805c30000 - 0x00007ff805c3d000 	D:\environment\java_environment\jdk-1.8\jre\bin\management.dll
0x00007ff818d80000 - 0x00007ff818d92000 	D:\environment\java_environment\jdk-1.8\jre\bin\nio.dll
0x00007ff81dd90000 - 0x00007ff81ddab000 	C:\WINDOWS\SYSTEM32\CRYPTSP.dll
0x00007ff81d580000 - 0x00007ff81d5b5000 	C:\WINDOWS\system32\rsaenh.dll
0x00007ff81db10000 - 0x00007ff81db38000 	C:\WINDOWS\SYSTEM32\USERENV.dll
0x00007ff81dec0000 - 0x00007ff81dee8000 	C:\WINDOWS\SYSTEM32\bcrypt.dll
0x00007ff81ef60000 - 0x00007ff81efdb000 	C:\WINDOWS\System32\bcryptprimitives.dll
0x00007ff81dd70000 - 0x00007ff81dd7c000 	C:\WINDOWS\SYSTEM32\CRYPTBASE.dll
0x00007ff817360000 - 0x00007ff817379000 	C:\WINDOWS\SYSTEM32\dhcpcsvc6.DLL
0x00007ff8172e0000 - 0x00007ff8172ff000 	C:\WINDOWS\SYSTEM32\dhcpcsvc.DLL
0x00007ffffdde0000 - 0x00007ffffddf7000 	C:\WINDOWS\system32\napinsp.dll
0x00007ffffd9b0000 - 0x00007ffffd9cb000 	C:\WINDOWS\system32\pnrpnsp.dll
0x00007ffffd7d0000 - 0x00007ffffd7e1000 	C:\WINDOWS\System32\winrnr.dll
0x00007ffffe840000 - 0x00007ffffe855000 	C:\WINDOWS\system32\wshbth.dll
0x00007ffffe6b0000 - 0x00007ffffe6d1000 	C:\WINDOWS\system32\nlansp_c.dll
0x0000000180000000 - 0x0000000180286000 	D:\environment\server_environment\tomcat8\bin\tcnative-1.dll
0x00007ff81e860000 - 0x00007ff81e9c7000 	C:\WINDOWS\System32\CRYPT32.dll
0x00007ff804620000 - 0x00007ff804643000 	D:\environment\java_environment\jdk-1.8\jre\bin\sunec.dll
0x00007ff805ba0000 - 0x00007ff805bac000 	D:\environment\java_environment\jdk-1.8\jre\bin\sunmscapi.dll
0x00007ff81de90000 - 0x00007ff81debe000 	C:\WINDOWS\SYSTEM32\ncrypt.dll
0x00007ff81de50000 - 0x00007ff81de87000 	C:\WINDOWS\SYSTEM32\NTASN1.dll
0x0000012483660000 - 0x0000012483685000 	D:\environment\java_environment\jdk-1.8\bin\rxtxSerial.dll
0x00007ff81bf30000 - 0x00007ff81c15e000 	C:\WINDOWS\SYSTEM32\dbghelp.dll

VM Arguments:
jvm_args: -XX:TieredStopAtLevel=1 -Xverify:none -Dspring.output.ansi.enabled=always -Dcom.sun.management.jmxremote -Dspring.jmx.enabled=true -Dspring.liveBeansView.mbeanDomain -Dspring.application.admin.enabled=true -javaagent:D:\environment\IDE\IntelliJ IDEA 2021.3.3\lib\idea_rt.jar=3883:D:\environment\IDE\IntelliJ IDEA 2021.3.3\bin -Dfile.encoding=GBK 
java_command: com.example.ppqppl_inpatient_ward_server.PpqpplInpatientWardServerApplication
java_class_path (initial): D:\environment\java_environment\jdk-1.8\jre\lib\charsets.jar;D:\environment\java_environment\jdk-1.8\jre\lib\ext\access-bridge-64.jar;D:\environment\java_environment\jdk-1.8\jre\lib\ext\cldrdata.jar;D:\environment\java_environment\jdk-1.8\jre\lib\ext\dnsns.jar;D:\environment\java_environment\jdk-1.8\jre\lib\ext\jaccess.jar;D:\environment\java_environment\jdk-1.8\jre\lib\ext\jfxrt.jar;D:\environment\java_environment\jdk-1.8\jre\lib\ext\localedata.jar;D:\environment\java_environment\jdk-1.8\jre\lib\ext\nashorn.jar;D:\environment\java_environment\jdk-1.8\jre\lib\ext\sunec.jar;D:\environment\java_environment\jdk-1.8\jre\lib\ext\sunjce_provider.jar;D:\environment\java_environment\jdk-1.8\jre\lib\ext\sunmscapi.jar;D:\environment\java_environment\jdk-1.8\jre\lib\ext\sunpkcs11.jar;D:\environment\java_environment\jdk-1.8\jre\lib\ext\zipfs.jar;D:\environment\java_environment\jdk-1.8\jre\lib\jce.jar;D:\environment\java_environment\jdk-1.8\jre\lib\jfr.jar;D:\environment\java_environment\jdk-1.8\jre\lib\jfxswt.jar;D:\environment\java_environment\jdk-1.8\jre\lib\jsse.jar;D:\environment\java_environment\jdk-1.8\jre\lib\management-agent.jar;D:\environment\java_environment\jdk-1.8\jre\lib\resources.jar;D:\environment\java_environment\jdk-1.8\jre\lib\rt.jar;D:\code-file\Ppqppl_Inpatient_Ward_Server\target\classes;C:\Users\ppqpp\.m2\repository\org\springframework\boot\spring-boot-starter-data-jpa\2.2.4.RELEASE\spring-boot-starter-data-jpa-2.2.4.RELEASE.jar;C:\Users\ppqpp\.m2\repository\org\springframework\boot\spring-boot-starter-aop\2.2.4.RELEASE\spring-boot-starter-aop-2.2.4.RELEASE.jar;C:\Users\ppqpp\.m2\repository\org\springframework\spring-aop\5.2.3.RELEASE\spring-aop-5.2.3.RELEASE.jar;C:\Users\ppqpp\.m2\repository\org\aspectj\aspectjweaver\1.9.5\aspectjweaver-1.9.5.jar;C:\Users\ppqpp\.m2\repository\jakarta\activation\jakarta.activation-api\1.2.1\jakarta.activation-api-1.2.1.jar;C:\Users\ppqpp\.m2\repository\jakarta\persistence\jakarta.persistence-api
Launcher Type: SUN_STANDARD

Environment Variables:
JAVA_HOME=D:\environment\java_environment\jdk1.8.0_331
USERNAME=ppqpp
OS=Windows_NT
PROCESSOR_IDENTIFIER=Intel64 Family 6 Model 165 Stepping 2, GenuineIntel



---------------  S Y S T E M  ---------------

OS: Windows 10.0 , 64 bit Build 22621 (10.0.22621.1680)

CPU:total 16 (initial active 16) (8 cores per cpu, 2 threads per core) family 6 model 165 stepping 2, cmov, cx8, fxsr, mmx, sse, sse2, sse3, ssse3, sse4.1, sse4.2, popcnt, avx, avx2, aes, clmul, erms, 3dnowpref, lzcnt, ht, tsc, tscinvbit, bmi1, bmi2, adx

Memory: 4k page, physical 33458992k(17543372k free), swap 35556144k(13727816k free)

vm_info: OpenJDK 64-Bit Server VM (25.322-b06) for windows-amd64 JRE (1.8.0_322-b06), built on Jan 13 2022 23:37:51 by "Administrator" with MS VC++ 12.0 (VS2013)

time: Wed May 17 20:14:51 2023
timezone: ?D1¨²¡À¨º¡Á?¨º¡À??
elapsed time: 17.592340 seconds (0d 0h 0m 17s)

