#
# A fatal error has been detected by the Java Runtime Environment:
#
#  EXCEPTION_ACCESS_VIOLATION (0xc0000005) at pc=0x000001acdc635b00, pid=11516, tid=0x0000000000005478
#
# JRE version: OpenJDK Runtime Environment (8.0_322-b06) (build 1.8.0_322-b06)
# Java VM: OpenJDK 64-Bit Server VM (25.322-b06 mixed mode windows-amd64 compressed oops)
# Problematic frame:
# C  [rxtxSerial.dll+0x5b00]
#
# Failed to write core dump. Minidumps are not enabled by default on client versions of Windows
#
# If you would like to submit a bug report, please visit:
#   https://github.com/corretto/corretto-8/issues/
# The crash happened outside the Java Virtual Machine in native code.
# See problematic frame for where to report the bug.
#

---------------  T H R E A D  ---------------

Current thread (0x000001ace3216000):  JavaThread "Thread-16" daemon [_thread_in_native, id=21624, stack(0x000000a557d00000,0x000000a557e00000)]

siginfo: ExceptionCode=0xc0000005, reading address 0x0000000057dfeea8

Registers:
RAX=0x0000000000000001, RBX=0x0000000000000000, RCX=0x000001acdc64d4d5, RDX=0xfffffffffffff665
RSP=0x000000a557dfe4a0, RBP=0x00000000ffffffff, RSI=0x0000000000000000, RDI=0x000001ace3216258
R8 =0x0000000000000002, R9 =0xfffffffffffff63c, R10=0x000000000000005e, R11=0x8101010101010100
R12=0x0000000057dfeea0, R13=0x0000000000000001, R14=0x000000a557dfe680, R15=0x0000000000000000
RIP=0x000001acdc635b00, EFLAGS=0x0000000000010202

Top of Stack: (sp=0x000000a557dfe4a0)
0x000000a557dfe4a0:   0000000000000000 0000000000000000
0x000000a557dfe4b0:   000000a557dfe688 0000000000000000
0x000000a557dfe4c0:   0000000000000000 000000a557dfe680
0x000000a557dfe4d0:   000001ace4949e20 0000000000000001
0x000000a557dfe4e0:   000001ace3216258 0000000000000001
0x000000a557dfe4f0:   ffffffffffffffff 000001acdc636211
0x000000a557dfe500:   000001acdfcad8f0 0000000000000001
0x000000a557dfe510:   0000000000000001 000001acdfcad8f0
0x000000a557dfe520:   000001ac00000001 000001acffffffff
0x000000a557dfe530:   000000a557dfe688 000001ace4949e20
0x000000a557dfe540:   000001ace31d0a00 0000000063d8baa5
0x000000a557dfe550:   000000a557dfeb00 000001ace3216000
0x000000a557dfe560:   000001ace4949e28 0000000063dfc75c
0x000000a557dfe570:   000001ace4949e28 0000883e9abe502d
0x000000a557dfe580:   000001ace4949e28 000001ace4949e20
0x000000a557dfe590:   000001ace3216000 000000a557dfe688 

Instructions: (pc=0x000001acdc635b00)
0x000001acdc635ae0:   15 23 7a 01 00 48 8d 48 60 e8 3a 5d 00 00 4c 8b
0x000001acdc635af0:   e5 8b ac 24 88 00 00 00 44 8b ac 24 80 00 00 00
0x000001acdc635b00:   45 8b 74 24 08 41 89 5c 24 08 41 8b fd 85 ed 78
0x000001acdc635b10:   09 ff 15 e9 14 01 00 44 8b f8 45 85 ed 7e 4a 90 


Register to memory mapping:

RAX=0x0000000000000001 is an unknown value
RBX=0x0000000000000000 is an unknown value
RCX=0x000001acdc64d4d5 is an unknown value
RDX=0xfffffffffffff665 is an unknown value
RSP=0x000000a557dfe4a0 is pointing into the stack for thread: 0x000001ace3216000
RBP=0x00000000ffffffff is an unknown value
RSI=0x0000000000000000 is an unknown value
RDI=0x000001ace3216258 is an unknown value
R8 =0x0000000000000002 is an unknown value
R9 =0xfffffffffffff63c is an unknown value
R10=0x000000000000005e is an unknown value
R11=0x8101010101010100 is an unknown value
R12=0x0000000057dfeea0 is an unknown value
R13=0x0000000000000001 is an unknown value
R14=0x000000a557dfe680 is pointing into the stack for thread: 0x000001ace3216000
R15=0x0000000000000000 is an unknown value


Stack: [0x000000a557d00000,0x000000a557e00000],  sp=0x000000a557dfe4a0,  free space=1017k
Native frames: (J=compiled Java code, j=interpreted, Vv=VM code, C=native code)
C  [rxtxSerial.dll+0x5b00]
C  [rxtxSerial.dll+0x6211]
C  0x000001acb9d49c8e

Java frames: (J=compiled Java code, j=interpreted, Vv=VM code)
j  gnu.io.RXTXPort.readArray([BII)I+0
j  gnu.io.RXTXPort$SerialInputStream.read([BII)I+212
j  gnu.io.RXTXPort$SerialInputStream.read([B)I+60
j  com.example.ppqppl_inpatient_ward_server.utils.SerialCom.serialEvent(Lgnu/io/SerialPortEvent;)V+99
j  gnu.io.RXTXPort.sendEvent(IZ)Z+382
v  ~StubRoutines::call_stub
j  gnu.io.RXTXPort.eventLoop()V+0
j  gnu.io.RXTXPort$MonitorThread.run()V+12
v  ~StubRoutines::call_stub

---------------  P R O C E S S  ---------------

Java Threads: ( => current thread )
  0x000001ace3215800 JavaThread "RMI TCP Connection(3)-192.168.180.1" daemon [_thread_in_native, id=1028, stack(0x000000a556400000,0x000000a556500000)]
  0x000001ace3214000 JavaThread "RMI TCP Connection(2)-192.168.180.1" daemon [_thread_in_native, id=14692, stack(0x000000a556300000,0x000000a556400000)]
  0x000001ace3217000 JavaThread "DestroyJavaVM" [_thread_blocked, id=23876, stack(0x000000a554000000,0x000000a554100000)]
  0x000001ace3219800 JavaThread "Thread-15" [_thread_in_Java, id=27932, stack(0x000000a557e00000,0x000000a557f00000)]
=>0x000001ace3216000 JavaThread "Thread-16" daemon [_thread_in_native, id=21624, stack(0x000000a557d00000,0x000000a557e00000)]
  0x000001ace3214800 JavaThread "http-nio-8081-Acceptor" daemon [_thread_in_native, id=22196, stack(0x000000a557c00000,0x000000a557d00000)]
  0x000001ace3218800 JavaThread "http-nio-8081-ClientPoller" daemon [_thread_in_native, id=27636, stack(0x000000a557b00000,0x000000a557c00000)]
  0x000001ace320c000 JavaThread "http-nio-8081-exec-10" daemon [_thread_blocked, id=26588, stack(0x000000a557a00000,0x000000a557b00000)]
  0x000001ace3213000 JavaThread "http-nio-8081-exec-9" daemon [_thread_blocked, id=1580, stack(0x000000a557900000,0x000000a557a00000)]
  0x000001ace3212800 JavaThread "http-nio-8081-exec-8" daemon [_thread_blocked, id=5984, stack(0x000000a557800000,0x000000a557900000)]
  0x000001ace320f000 JavaThread "http-nio-8081-exec-7" daemon [_thread_blocked, id=10768, stack(0x000000a557700000,0x000000a557800000)]
  0x000001ace3211800 JavaThread "http-nio-8081-exec-6" daemon [_thread_blocked, id=15612, stack(0x000000a557600000,0x000000a557700000)]
  0x000001ace320b800 JavaThread "http-nio-8081-exec-5" daemon [_thread_blocked, id=6168, stack(0x000000a557500000,0x000000a557600000)]
  0x000001ace320e800 JavaThread "http-nio-8081-exec-4" daemon [_thread_blocked, id=16912, stack(0x000000a557400000,0x000000a557500000)]
  0x000001ace3210000 JavaThread "http-nio-8081-exec-3" daemon [_thread_blocked, id=19824, stack(0x000000a557300000,0x000000a557400000)]
  0x000001ace3211000 JavaThread "http-nio-8081-exec-2" daemon [_thread_blocked, id=5596, stack(0x000000a557200000,0x000000a557300000)]
  0x000001ace320d800 JavaThread "http-nio-8081-exec-1" daemon [_thread_blocked, id=28536, stack(0x000000a557100000,0x000000a557200000)]
  0x000001ace320d000 JavaThread "http-nio-8081-BlockPoller" daemon [_thread_in_native, id=7528, stack(0x000000a557000000,0x000000a557100000)]
  0x000001acdf97c000 JavaThread "File Watcher" daemon [_thread_blocked, id=24156, stack(0x000000a556f00000,0x000000a557000000)]
  0x000001acdf97a800 JavaThread "Live Reload Server" daemon [_thread_in_native, id=27408, stack(0x000000a556e00000,0x000000a556f00000)]
  0x000001acdf979800 JavaThread "HikariPool-1 connection adder" daemon [_thread_blocked, id=27736, stack(0x000000a556d00000,0x000000a556e00000)]
  0x000001acdf979000 JavaThread "HikariPool-1 housekeeper" daemon [_thread_blocked, id=5048, stack(0x000000a556c00000,0x000000a556d00000)]
  0x000001acdf978000 JavaThread "mysql-cj-abandoned-connection-cleanup" daemon [_thread_blocked, id=21336, stack(0x000000a556a00000,0x000000a556b00000)]
  0x000001ace1413000 JavaThread "container-0" [_thread_blocked, id=11772, stack(0x000000a556900000,0x000000a556a00000)]
  0x000001ace1412800 JavaThread "Catalina-utility-2" [_thread_blocked, id=28572, stack(0x000000a556800000,0x000000a556900000)]
  0x000001ace1408800 JavaThread "Catalina-utility-1" [_thread_blocked, id=14592, stack(0x000000a556700000,0x000000a556800000)]
  0x000001ace0cd2800 JavaThread "RMI Scheduler(0)" daemon [_thread_blocked, id=13484, stack(0x000000a556600000,0x000000a556700000)]
  0x000001acde7fd000 JavaThread "RMI TCP Connection(1)-192.168.180.1" daemon [_thread_in_native, id=29172, stack(0x000000a556500000,0x000000a556600000)]
  0x000001acdfcba800 JavaThread "RMI TCP Accept-0" daemon [_thread_in_native, id=19300, stack(0x000000a556100000,0x000000a556200000)]
  0x000001acdfa04000 JavaThread "Service Thread" daemon [_thread_blocked, id=28616, stack(0x000000a556000000,0x000000a556100000)]
  0x000001acdf97d800 JavaThread "C1 CompilerThread11" daemon [_thread_blocked, id=25592, stack(0x000000a555f00000,0x000000a556000000)]
  0x000001acdf97d000 JavaThread "C1 CompilerThread10" daemon [_thread_blocked, id=17304, stack(0x000000a555e00000,0x000000a555f00000)]
  0x000001acdf976800 JavaThread "C1 CompilerThread9" daemon [_thread_blocked, id=26016, stack(0x000000a555d00000,0x000000a555e00000)]
  0x000001acdf95b800 JavaThread "C1 CompilerThread8" daemon [_thread_blocked, id=19932, stack(0x000000a555c00000,0x000000a555d00000)]
  0x000001acdf939000 JavaThread "C2 CompilerThread7" daemon [_thread_blocked, id=23592, stack(0x000000a555b00000,0x000000a555c00000)]
  0x000001acdf930000 JavaThread "C2 CompilerThread6" daemon [_thread_blocked, id=2000, stack(0x000000a555a00000,0x000000a555b00000)]
  0x000001acdf90f800 JavaThread "C2 CompilerThread5" daemon [_thread_blocked, id=24424, stack(0x000000a555900000,0x000000a555a00000)]
  0x000001acdf90e800 JavaThread "C2 CompilerThread4" daemon [_thread_blocked, id=17936, stack(0x000000a555800000,0x000000a555900000)]
  0x000001acdf909000 JavaThread "C2 CompilerThread3" daemon [_thread_blocked, id=2800, stack(0x000000a555700000,0x000000a555800000)]
  0x000001acdf906000 JavaThread "C2 CompilerThread2" daemon [_thread_blocked, id=26936, stack(0x000000a555600000,0x000000a555700000)]
  0x000001acdf903800 JavaThread "C2 CompilerThread1" daemon [_thread_blocked, id=17316, stack(0x000000a555500000,0x000000a555600000)]
  0x000001acdf902800 JavaThread "C2 CompilerThread0" daemon [_thread_blocked, id=10900, stack(0x000000a555400000,0x000000a555500000)]
  0x000001acde91d000 JavaThread "Monitor Ctrl-Break" daemon [_thread_in_native, id=4224, stack(0x000000a555300000,0x000000a555400000)]
  0x000001acde5dc800 JavaThread "Attach Listener" daemon [_thread_blocked, id=26436, stack(0x000000a555200000,0x000000a555300000)]
  0x000001acde587000 JavaThread "Signal Dispatcher" daemon [_thread_blocked, id=25304, stack(0x000000a555100000,0x000000a555200000)]
  0x000001acde562000 JavaThread "Finalizer" daemon [_thread_blocked, id=22140, stack(0x000000a555000000,0x000000a555100000)]
  0x000001acde561800 JavaThread "Reference Handler" daemon [_thread_blocked, id=5300, stack(0x000000a554f00000,0x000000a555000000)]

Other Threads:
  0x000001acb80e2800 VMThread [stack: 0x000000a554e00000,0x000000a554f00000] [id=2344]
  0x000001acdfcca000 WatcherThread [stack: 0x000000a556200000,0x000000a556300000] [id=12852]

VM state:not at safepoint (normal execution)

VM Mutex/Monitor currently owned by a thread: None

heap address: 0x00000005c1600000, size: 8170 MB, Compressed Oops mode: Zero based, Oop shift amount: 3
Narrow klass base: 0x0000000000000000, Narrow klass shift: 3
Compressed class space size: 1073741824 Address: 0x00000007c0000000

Heap:
 PSYoungGen      total 234496K, used 46249K [0x0000000715d00000, 0x000000072b800000, 0x00000007c0000000)
  eden space 212992K, 11% used [0x0000000715d00000,0x000000071752e5d0,0x0000000722d00000)
  from space 21504K, 99% used [0x0000000722d00000,0x00000007241fc1d0,0x0000000724200000)
  to   space 21504K, 0% used [0x000000072a300000,0x000000072a300000,0x000000072b800000)
 ParOldGen       total 280576K, used 18945K [0x00000005c1600000, 0x00000005d2800000, 0x0000000715d00000)
  object space 280576K, 6% used [0x00000005c1600000,0x00000005c2880720,0x00000005d2800000)
 Metaspace       used 52877K, capacity 55892K, committed 55936K, reserved 1097728K
  class space    used 7507K, capacity 8047K, committed 8064K, reserved 1048576K

Card table byte_map: [0x000001acc90f0000,0x000001acca0f0000] byte_map_base: 0x000001acc62e5000

Marking Bits: (ParMarkBitMap*) 0x00000000644e7860
 Begin Bits: [0x000001accaba0000, 0x000001acd2b48000)
 End Bits:   [0x000001acd2b48000, 0x000001acdaaf0000)

Polling page: 0x000001acb81d0000

CodeCache: size=245760Kb used=10756Kb max_used=10756Kb free=235003Kb
 bounds [0x000001acb9d30000, 0x000001acba7c0000, 0x000001acc8d30000]
 total_blobs=5317 nmethods=4735 adapters=490
 compilation: enabled

Compilation events (10 events):
Event: 7.530 Thread 0x000001acdf97d000 nmethod 4731 0x000001acba7aa550 code [0x000001acba7aa720, 0x000001acba7aac90]
Event: 7.530 Thread 0x000001acdf97d000 4732       1       java.io.ObjectInputStream$BlockDataInputStream::readShort (73 bytes)
Event: 7.530 Thread 0x000001acdf97d000 nmethod 4732 0x000001acba7ab0d0 code [0x000001acba7ab240, 0x000001acba7ab480]
Event: 7.531 Thread 0x000001acdf97d800 4733       1       java.io.ObjectStreamClass$Caches::access$2800 (4 bytes)
Event: 7.531 Thread 0x000001acdf97d800 nmethod 4733 0x000001acba7ab610 code [0x000001acba7ab760, 0x000001acba7ab858]
Event: 7.531 Thread 0x000001acdf95b800 nmethod 4730 0x000001acba7ab8d0 code [0x000001acba7abe60, 0x000001acba7ad890]
Event: 7.532 Thread 0x000001acdf976800 4734       1       java.io.ObjectStreamClass::getResolveException (5 bytes)
Event: 7.532 Thread 0x000001acdf976800 nmethod 4734 0x000001acba7afe10 code [0x000001acba7aff60, 0x000001acba7b0078]
Event: 7.532 Thread 0x000001acdf976800 4735       1       java.util.Hashtable::<init> (114 bytes)
Event: 7.533 Thread 0x000001acdf976800 nmethod 4735 0x000001acba7b00d0 code [0x000001acba7b0300, 0x000001acba7b0b40]

GC Heap History (10 events):
Event: 2.262 GC heap before
{Heap before GC invocations=3 (full 1):
 PSYoungGen      total 153088K, used 9233K [0x0000000715d00000, 0x0000000728800000, 0x00000007c0000000)
  eden space 131584K, 0% used [0x0000000715d00000,0x0000000715d00000,0x000000071dd80000)
  from space 21504K, 42% used [0x000000071f280000,0x000000071fb847d8,0x0000000720780000)
  to   space 21504K, 0% used [0x000000071dd80000,0x000000071dd80000,0x000000071f280000)
 ParOldGen       total 349696K, used 24K [0x00000005c1600000, 0x00000005d6b80000, 0x0000000715d00000)
  object space 349696K, 0% used [0x00000005c1600000,0x00000005c1606000,0x00000005d6b80000)
 Metaspace       used 20570K, capacity 21230K, committed 21296K, reserved 1067008K
  class space    used 2750K, capacity 2920K, committed 2944K, reserved 1048576K
Event: 2.285 GC heap after
Heap after GC invocations=3 (full 1):
 PSYoungGen      total 153088K, used 0K [0x0000000715d00000, 0x0000000728800000, 0x00000007c0000000)
  eden space 131584K, 0% used [0x0000000715d00000,0x0000000715d00000,0x000000071dd80000)
  from space 21504K, 0% used [0x000000071f280000,0x000000071f280000,0x0000000720780000)
  to   space 21504K, 0% used [0x000000071dd80000,0x000000071dd80000,0x000000071f280000)
 ParOldGen       total 181760K, used 8665K [0x00000005c1600000, 0x00000005cc780000, 0x0000000715d00000)
  object space 181760K, 4% used [0x00000005c1600000,0x00000005c1e766e8,0x00000005cc780000)
 Metaspace       used 20568K, capacity 21224K, committed 21296K, reserved 1067008K
  class space    used 2749K, capacity 2919K, committed 2944K, reserved 1048576K
}
Event: 3.148 GC heap before
{Heap before GC invocations=4 (full 1):
 PSYoungGen      total 153088K, used 131584K [0x0000000715d00000, 0x0000000728800000, 0x00000007c0000000)
  eden space 131584K, 100% used [0x0000000715d00000,0x000000071dd80000,0x000000071dd80000)
  from space 21504K, 0% used [0x000000071f280000,0x000000071f280000,0x0000000720780000)
  to   space 21504K, 0% used [0x000000071dd80000,0x000000071dd80000,0x000000071f280000)
 ParOldGen       total 181760K, used 8665K [0x00000005c1600000, 0x00000005cc780000, 0x0000000715d00000)
  object space 181760K, 4% used [0x00000005c1600000,0x00000005c1e766e8,0x00000005cc780000)
 Metaspace       used 26526K, capacity 27884K, committed 28032K, reserved 1073152K
  class space    used 3645K, capacity 3904K, committed 3968K, reserved 1048576K
Event: 3.155 GC heap after
Heap after GC invocations=4 (full 1):
 PSYoungGen      total 153088K, used 10261K [0x0000000715d00000, 0x0000000725880000, 0x00000007c0000000)
  eden space 131584K, 0% used [0x0000000715d00000,0x0000000715d00000,0x000000071dd80000)
  from space 21504K, 47% used [0x000000071dd80000,0x000000071e7854a8,0x000000071f280000)
  to   space 21504K, 0% used [0x0000000724380000,0x0000000724380000,0x0000000725880000)
 ParOldGen       total 181760K, used 8673K [0x00000005c1600000, 0x00000005cc780000, 0x0000000715d00000)
  object space 181760K, 4% used [0x00000005c1600000,0x00000005c1e786e8,0x00000005cc780000)
 Metaspace       used 26526K, capacity 27884K, committed 28032K, reserved 1073152K
  class space    used 3645K, capacity 3904K, committed 3968K, reserved 1048576K
}
Event: 3.847 GC heap before
{Heap before GC invocations=5 (full 1):
 PSYoungGen      total 153088K, used 98054K [0x0000000715d00000, 0x0000000725880000, 0x00000007c0000000)
  eden space 131584K, 66% used [0x0000000715d00000,0x000000071b2bc690,0x000000071dd80000)
  from space 21504K, 47% used [0x000000071dd80000,0x000000071e7854a8,0x000000071f280000)
  to   space 21504K, 0% used [0x0000000724380000,0x0000000724380000,0x0000000725880000)
 ParOldGen       total 181760K, used 8673K [0x00000005c1600000, 0x00000005cc780000, 0x0000000715d00000)
  object space 181760K, 4% used [0x00000005c1600000,0x00000005c1e786e8,0x00000005cc780000)
 Metaspace       used 33533K, capacity 35402K, committed 35496K, reserved 1079296K
  class space    used 4674K, capacity 5035K, committed 5120K, reserved 1048576K
Event: 3.856 GC heap after
Heap after GC invocations=5 (full 1):
 PSYoungGen      total 232960K, used 13350K [0x0000000715d00000, 0x0000000725700000, 0x00000007c0000000)
  eden space 212992K, 0% used [0x0000000715d00000,0x0000000715d00000,0x0000000722d00000)
  from space 19968K, 66% used [0x0000000724380000,0x0000000725089810,0x0000000725700000)
  to   space 21504K, 0% used [0x0000000722d00000,0x0000000722d00000,0x0000000724200000)
 ParOldGen       total 181760K, used 8681K [0x00000005c1600000, 0x00000005cc780000, 0x0000000715d00000)
  object space 181760K, 4% used [0x00000005c1600000,0x00000005c1e7a6e8,0x00000005cc780000)
 Metaspace       used 33533K, capacity 35402K, committed 35496K, reserved 1079296K
  class space    used 4674K, capacity 5035K, committed 5120K, reserved 1048576K
}
Event: 3.856 GC heap before
{Heap before GC invocations=6 (full 2):
 PSYoungGen      total 232960K, used 13350K [0x0000000715d00000, 0x0000000725700000, 0x00000007c0000000)
  eden space 212992K, 0% used [0x0000000715d00000,0x0000000715d00000,0x0000000722d00000)
  from space 19968K, 66% used [0x0000000724380000,0x0000000725089810,0x0000000725700000)
  to   space 21504K, 0% used [0x0000000722d00000,0x0000000722d00000,0x0000000724200000)
 ParOldGen       total 181760K, used 8681K [0x00000005c1600000, 0x00000005cc780000, 0x0000000715d00000)
  object space 181760K, 4% used [0x00000005c1600000,0x00000005c1e7a6e8,0x00000005cc780000)
 Metaspace       used 33533K, capacity 35402K, committed 35496K, reserved 1079296K
  class space    used 4674K, capacity 5035K, committed 5120K, reserved 1048576K
Event: 3.893 GC heap after
Heap after GC invocations=6 (full 2):
 PSYoungGen      total 232960K, used 0K [0x0000000715d00000, 0x0000000725700000, 0x00000007c0000000)
  eden space 212992K, 0% used [0x0000000715d00000,0x0000000715d00000,0x0000000722d00000)
  from space 19968K, 0% used [0x0000000724380000,0x0000000724380000,0x0000000725700000)
  to   space 21504K, 0% used [0x0000000722d00000,0x0000000722d00000,0x0000000724200000)
 ParOldGen       total 280576K, used 17967K [0x00000005c1600000, 0x00000005d2800000, 0x0000000715d00000)
  object space 280576K, 6% used [0x00000005c1600000,0x00000005c278be88,0x00000005d2800000)
 Metaspace       used 33533K, capacity 35402K, committed 35496K, reserved 1079296K
  class space    used 4674K, capacity 5035K, committed 5120K, reserved 1048576K
}
Event: 5.489 GC heap before
{Heap before GC invocations=7 (full 2):
 PSYoungGen      total 232960K, used 212992K [0x0000000715d00000, 0x0000000725700000, 0x00000007c0000000)
  eden space 212992K, 100% used [0x0000000715d00000,0x0000000722d00000,0x0000000722d00000)
  from space 19968K, 0% used [0x0000000724380000,0x0000000724380000,0x0000000725700000)
  to   space 21504K, 0% used [0x0000000722d00000,0x0000000722d00000,0x0000000724200000)
 ParOldGen       total 280576K, used 17967K [0x00000005c1600000, 0x00000005d2800000, 0x0000000715d00000)
  object space 280576K, 6% used [0x00000005c1600000,0x00000005c278be88,0x00000005d2800000)
 Metaspace       used 52261K, capacity 55134K, committed 55424K, reserved 1097728K
  class space    used 7412K, capacity 7958K, committed 8064K, reserved 1048576K
Event: 5.506 GC heap after
Heap after GC invocations=7 (full 2):
 PSYoungGen      total 234496K, used 21488K [0x0000000715d00000, 0x000000072b800000, 0x00000007c0000000)
  eden space 212992K, 0% used [0x0000000715d00000,0x0000000715d00000,0x0000000722d00000)
  from space 21504K, 99% used [0x0000000722d00000,0x00000007241fc1d0,0x0000000724200000)
  to   space 21504K, 0% used [0x000000072a300000,0x000000072a300000,0x000000072b800000)
 ParOldGen       total 280576K, used 18945K [0x00000005c1600000, 0x00000005d2800000, 0x0000000715d00000)
  object space 280576K, 6% used [0x00000005c1600000,0x00000005c2880720,0x00000005d2800000)
 Metaspace       used 52261K, capacity 55134K, committed 55424K, reserved 1097728K
  class space    used 7412K, capacity 7958K, committed 8064K, reserved 1048576K
}

Deoptimization events (0 events):
No events

Classes redefined (0 events):
No events

Internal exceptions (10 events):
Event: 5.168 Thread 0x000001acdff38000 Exception <a 'java/lang/ClassNotFoundException': org/springframework/web/servlet/config/annotation/WebMvcConfigurationSupportCustomizer> (0x0000000720a06c90) thrown at [C:\wsjdk\Corretto8Src\installers\windows\zip\corretto-build\buildRoot\src\hotspot\src\
Event: 5.169 Thread 0x000001acdff38000 Exception <a 'java/lang/ClassNotFoundException': org/springframework/web/servlet/config/annotation/DelegatingWebMvcConfigurationCustomizer> (0x0000000720a3d058) thrown at [C:\wsjdk\Corretto8Src\installers\windows\zip\corretto-build\buildRoot\src\hotspot\s
Event: 5.169 Thread 0x000001acdff38000 Exception <a 'java/lang/ClassNotFoundException': org/springframework/boot/autoconfigure/web/servlet/WebMvcAutoConfiguration$EnableWebMvcConfigurationCustomizer> (0x0000000720a69350) thrown at [C:\wsjdk\Corretto8Src\installers\windows\zip\corretto-build\bu
Event: 5.170 Thread 0x000001acdff38000 Exception <a 'java/lang/ClassNotFoundException': org/springframework/context/ResourceLoaderAwareCustomizer> (0x0000000720a92820) thrown at [C:\wsjdk\Corretto8Src\installers\windows\zip\corretto-build\buildRoot\src\hotspot\src\share\vm\classfile\systemDict
Event: 5.170 Thread 0x000001acdff38000 Exception <a 'java/lang/ClassNotFoundException': org/springframework/beans/factory/AwareCustomizer> (0x0000000720aa94d8) thrown at [C:\wsjdk\Corretto8Src\installers\windows\zip\corretto-build\buildRoot\src\hotspot\src\share\vm\classfile\systemDictionary.c
Event: 5.170 Thread 0x000001acdff38000 Exception <a 'java/lang/ClassNotFoundException': org/springframework/context/ApplicationContextAwareCustomizer> (0x0000000720ac2ba8) thrown at [C:\wsjdk\Corretto8Src\installers\windows\zip\corretto-build\buildRoot\src\hotspot\src\share\vm\classfile\system
Event: 5.171 Thread 0x000001acdff38000 Exception <a 'java/lang/ClassNotFoundException': org/springframework/beans/factory/AwareCustomizer> (0x0000000720ad9e68) thrown at [C:\wsjdk\Corretto8Src\installers\windows\zip\corretto-build\buildRoot\src\hotspot\src\share\vm\classfile\systemDictionary.c
Event: 5.171 Thread 0x000001acdff38000 Exception <a 'java/lang/ClassNotFoundException': org/springframework/web/context/ServletContextAwareCustomizer> (0x0000000720af3560) thrown at [C:\wsjdk\Corretto8Src\installers\windows\zip\corretto-build\buildRoot\src\hotspot\src\share\vm\classfile\system
Event: 5.171 Thread 0x000001acdff38000 Exception <a 'java/lang/ClassNotFoundException': org/springframework/beans/factory/AwareCustomizer> (0x0000000720b0a290) thrown at [C:\wsjdk\Corretto8Src\installers\windows\zip\corretto-build\buildRoot\src\hotspot\src\share\vm\classfile\systemDictionary.c
Event: 5.358 Thread 0x000001acdff38000 Exception <a 'java/lang/IncompatibleClassChangeError': Found class java.lang.Object, but interface was expected> (0x00000007221ee360) thrown at [C:\wsjdk\Corretto8Src\installers\windows\zip\corretto-build\buildRoot\src\hotspot\src\share\vm\interpreter\lin

Events (10 events):
Event: 7.525 Thread 0x000001ace3218000 Thread added: 0x000001ace3218000
Event: 7.533 Executing VM operation: RevokeBias
Event: 7.533 Executing VM operation: RevokeBias done
Event: 7.533 Thread 0x000001ace3218000 Thread exited: 0x000001ace3218000
Event: 9.183 loading class gnu/io/SerialPortEvent
Event: 9.183 loading class gnu/io/SerialPortEvent done
Event: 9.183 Executing VM operation: RevokeBias
Event: 9.184 Executing VM operation: RevokeBias done
Event: 9.184 Executing VM operation: RevokeBias
Event: 9.184 Executing VM operation: RevokeBias done


Dynamic libraries:
0x00007ff64e470000 - 0x00007ff64e4aa000 	D:\environment\java_environment\jdk-1.8\bin\java.exe
0x00007ff8211f0000 - 0x00007ff821404000 	C:\WINDOWS\SYSTEM32\ntdll.dll
0x00007ff81f620000 - 0x00007ff81f6e2000 	C:\WINDOWS\System32\KERNEL32.DLL
0x00007ff81e9d0000 - 0x00007ff81ed73000 	C:\WINDOWS\System32\KERNELBASE.dll
0x00007ff8205a0000 - 0x00007ff82064e000 	C:\WINDOWS\System32\ADVAPI32.dll
0x00007ff81fd10000 - 0x00007ff81fdb7000 	C:\WINDOWS\System32\msvcrt.dll
0x00007ff8204f0000 - 0x00007ff820594000 	C:\WINDOWS\System32\sechost.dll
0x00007ff820250000 - 0x00007ff820367000 	C:\WINDOWS\System32\RPCRT4.dll
0x00007ff81f280000 - 0x00007ff81f42b000 	C:\WINDOWS\System32\USER32.dll
0x00007ff81e830000 - 0x00007ff81e856000 	C:\WINDOWS\System32\win32u.dll
0x00007ff81f1f0000 - 0x00007ff81f219000 	C:\WINDOWS\System32\GDI32.dll
0x00007ff81e670000 - 0x00007ff81e788000 	C:\WINDOWS\System32\gdi32full.dll
0x00007ff81e790000 - 0x00007ff81e82a000 	C:\WINDOWS\System32\msvcp_win.dll
0x00007ff81ee40000 - 0x00007ff81ef51000 	C:\WINDOWS\System32\ucrtbase.dll
0x00007ff8036e0000 - 0x00007ff80396e000 	C:\WINDOWS\WinSxS\amd64_microsoft.windows.common-controls_6595b64144ccf1df_6.0.22621.1465_none_271271ab738361f1\COMCTL32.dll
0x00007ff820650000 - 0x00007ff820681000 	C:\WINDOWS\System32\IMM32.DLL
0x00007ff803f10000 - 0x00007ff803fff000 	D:\environment\java_environment\jdk-1.8\jre\bin\msvcr120.dll
0x00007ff803e60000 - 0x00007ff803f06000 	D:\environment\java_environment\jdk-1.8\jre\bin\msvcp120.dll
0x0000000063cf0000 - 0x0000000064566000 	D:\environment\java_environment\jdk-1.8\jre\bin\server\jvm.dll
0x00007ff81fd00000 - 0x00007ff81fd08000 	C:\WINDOWS\System32\PSAPI.DLL
0x00007ff8199a0000 - 0x00007ff8199a9000 	C:\WINDOWS\SYSTEM32\WSOCK32.dll
0x00007ff820370000 - 0x00007ff8203e1000 	C:\WINDOWS\System32\WS2_32.dll
0x00007ff817c50000 - 0x00007ff817c84000 	C:\WINDOWS\SYSTEM32\WINMM.dll
0x00007ff817f80000 - 0x00007ff817f8a000 	C:\WINDOWS\SYSTEM32\VERSION.dll
0x00007ff819c00000 - 0x00007ff819c0f000 	D:\environment\java_environment\jdk-1.8\jre\bin\verify.dll
0x00007ff819800000 - 0x00007ff819829000 	D:\environment\java_environment\jdk-1.8\jre\bin\java.dll
0x00007ff802db0000 - 0x00007ff802dda000 	D:\environment\java_environment\jdk-1.8\jre\bin\instrument.dll
0x00007ff819bb0000 - 0x00007ff819bc6000 	D:\environment\java_environment\jdk-1.8\jre\bin\zip.dll
0x00007ff820690000 - 0x00007ff820e8a000 	C:\WINDOWS\System32\SHELL32.dll
0x00007ff81c5a0000 - 0x00007ff81ce6e000 	C:\WINDOWS\SYSTEM32\windows.storage.dll
0x00007ff81f970000 - 0x00007ff81fcf9000 	C:\WINDOWS\System32\combase.dll
0x00007ff81c460000 - 0x00007ff81c59e000 	C:\WINDOWS\SYSTEM32\wintypes.dll
0x00007ff81f0f0000 - 0x00007ff81f1e1000 	C:\WINDOWS\System32\SHCORE.dll
0x00007ff821050000 - 0x00007ff8210ae000 	C:\WINDOWS\System32\shlwapi.dll
0x00007ff81e530000 - 0x00007ff81e551000 	C:\WINDOWS\SYSTEM32\profapi.dll
0x00007ff802a20000 - 0x00007ff802a3a000 	D:\environment\IDE\IntelliJ IDEA 2021.3.3\bin\breakgen64.dll
0x00007ff818da0000 - 0x00007ff818dba000 	D:\environment\java_environment\jdk-1.8\jre\bin\net.dll
0x00007ff81da70000 - 0x00007ff81dad9000 	C:\WINDOWS\system32\mswsock.dll
0x00007ff8022b0000 - 0x00007ff8022e3000 	C:\Program Files (x86)\Sangfor\SSL\ClientComponent\SangforNspX64.dll
0x00007ff81f7d0000 - 0x00007ff81f96c000 	C:\WINDOWS\System32\ole32.dll
0x00007ff81f6f0000 - 0x00007ff81f7c7000 	C:\WINDOWS\System32\OLEAUT32.dll
0x00007ff81d140000 - 0x00007ff81d233000 	C:\WINDOWS\SYSTEM32\DNSAPI.dll
0x00007ff81d0d0000 - 0x00007ff81d0fd000 	C:\WINDOWS\SYSTEM32\IPHLPAPI.DLL
0x00007ff81f610000 - 0x00007ff81f619000 	C:\WINDOWS\System32\NSI.dll
0x00000000648f0000 - 0x0000000064916000 	C:\Program Files\Bonjour\mdnsNSP.dll
0x00007ff8130b0000 - 0x00007ff8130ba000 	C:\Windows\System32\rasadhlp.dll
0x00007ff815af0000 - 0x00007ff815b74000 	C:\WINDOWS\System32\fwpuclnt.dll
0x00007ff802df0000 - 0x00007ff802dfd000 	D:\environment\java_environment\jdk-1.8\jre\bin\management.dll
0x00007ff818d80000 - 0x00007ff818d92000 	D:\environment\java_environment\jdk-1.8\jre\bin\nio.dll
0x00007ff81dd90000 - 0x00007ff81ddab000 	C:\WINDOWS\SYSTEM32\CRYPTSP.dll
0x00007ff81d580000 - 0x00007ff81d5b5000 	C:\WINDOWS\system32\rsaenh.dll
0x00007ff81db10000 - 0x00007ff81db38000 	C:\WINDOWS\SYSTEM32\USERENV.dll
0x00007ff81dec0000 - 0x00007ff81dee8000 	C:\WINDOWS\SYSTEM32\bcrypt.dll
0x00007ff81ef60000 - 0x00007ff81efdb000 	C:\WINDOWS\System32\bcryptprimitives.dll
0x00007ff81dd70000 - 0x00007ff81dd7c000 	C:\WINDOWS\SYSTEM32\CRYPTBASE.dll
0x00007ff817360000 - 0x00007ff817379000 	C:\WINDOWS\SYSTEM32\dhcpcsvc6.DLL
0x00007ff8172e0000 - 0x00007ff8172ff000 	C:\WINDOWS\SYSTEM32\dhcpcsvc.DLL
0x00007ffffdde0000 - 0x00007ffffddf7000 	C:\WINDOWS\system32\napinsp.dll
0x00007ffffd9b0000 - 0x00007ffffd9cb000 	C:\WINDOWS\system32\pnrpnsp.dll
0x00007ffffd7d0000 - 0x00007ffffd7e1000 	C:\WINDOWS\System32\winrnr.dll
0x00007ffffe840000 - 0x00007ffffe855000 	C:\WINDOWS\system32\wshbth.dll
0x00007ffffe6b0000 - 0x00007ffffe6d1000 	C:\WINDOWS\system32\nlansp_c.dll
0x0000000180000000 - 0x0000000180286000 	D:\environment\server_environment\tomcat8\bin\tcnative-1.dll
0x00007ff81e860000 - 0x00007ff81e9c7000 	C:\WINDOWS\System32\CRYPT32.dll
0x00007ff804620000 - 0x00007ff804643000 	D:\environment\java_environment\jdk-1.8\jre\bin\sunec.dll
0x00007ff805ba0000 - 0x00007ff805bac000 	D:\environment\java_environment\jdk-1.8\jre\bin\sunmscapi.dll
0x00007ff81de90000 - 0x00007ff81debe000 	C:\WINDOWS\SYSTEM32\ncrypt.dll
0x00007ff81de50000 - 0x00007ff81de87000 	C:\WINDOWS\SYSTEM32\NTASN1.dll
0x000001acdc630000 - 0x000001acdc655000 	D:\environment\java_environment\jdk-1.8\bin\rxtxSerial.dll
0x00007ff81bf30000 - 0x00007ff81c15e000 	C:\WINDOWS\SYSTEM32\dbghelp.dll

VM Arguments:
jvm_args: -XX:TieredStopAtLevel=1 -Xverify:none -Dspring.output.ansi.enabled=always -Dcom.sun.management.jmxremote -Dspring.jmx.enabled=true -Dspring.liveBeansView.mbeanDomain -Dspring.application.admin.enabled=true -javaagent:D:\environment\IDE\IntelliJ IDEA 2021.3.3\lib\idea_rt.jar=3652:D:\environment\IDE\IntelliJ IDEA 2021.3.3\bin -Dfile.encoding=GBK 
java_command: com.example.ppqppl_inpatient_ward_server.PpqpplInpatientWardServerApplication
java_class_path (initial): D:\environment\java_environment\jdk-1.8\jre\lib\charsets.jar;D:\environment\java_environment\jdk-1.8\jre\lib\ext\access-bridge-64.jar;D:\environment\java_environment\jdk-1.8\jre\lib\ext\cldrdata.jar;D:\environment\java_environment\jdk-1.8\jre\lib\ext\dnsns.jar;D:\environment\java_environment\jdk-1.8\jre\lib\ext\jaccess.jar;D:\environment\java_environment\jdk-1.8\jre\lib\ext\jfxrt.jar;D:\environment\java_environment\jdk-1.8\jre\lib\ext\localedata.jar;D:\environment\java_environment\jdk-1.8\jre\lib\ext\nashorn.jar;D:\environment\java_environment\jdk-1.8\jre\lib\ext\sunec.jar;D:\environment\java_environment\jdk-1.8\jre\lib\ext\sunjce_provider.jar;D:\environment\java_environment\jdk-1.8\jre\lib\ext\sunmscapi.jar;D:\environment\java_environment\jdk-1.8\jre\lib\ext\sunpkcs11.jar;D:\environment\java_environment\jdk-1.8\jre\lib\ext\zipfs.jar;D:\environment\java_environment\jdk-1.8\jre\lib\jce.jar;D:\environment\java_environment\jdk-1.8\jre\lib\jfr.jar;D:\environment\java_environment\jdk-1.8\jre\lib\jfxswt.jar;D:\environment\java_environment\jdk-1.8\jre\lib\jsse.jar;D:\environment\java_environment\jdk-1.8\jre\lib\management-agent.jar;D:\environment\java_environment\jdk-1.8\jre\lib\resources.jar;D:\environment\java_environment\jdk-1.8\jre\lib\rt.jar;D:\code-file\Ppqppl_Inpatient_Ward_Server\target\classes;C:\Users\ppqpp\.m2\repository\org\springframework\boot\spring-boot-starter-data-jpa\2.2.4.RELEASE\spring-boot-starter-data-jpa-2.2.4.RELEASE.jar;C:\Users\ppqpp\.m2\repository\org\springframework\boot\spring-boot-starter-aop\2.2.4.RELEASE\spring-boot-starter-aop-2.2.4.RELEASE.jar;C:\Users\ppqpp\.m2\repository\org\springframework\spring-aop\5.2.3.RELEASE\spring-aop-5.2.3.RELEASE.jar;C:\Users\ppqpp\.m2\repository\org\aspectj\aspectjweaver\1.9.5\aspectjweaver-1.9.5.jar;C:\Users\ppqpp\.m2\repository\jakarta\activation\jakarta.activation-api\1.2.1\jakarta.activation-api-1.2.1.jar;C:\Users\ppqpp\.m2\repository\jakarta\persistence\jakarta.persistence-api
Launcher Type: SUN_STANDARD

Environment Variables:
JAVA_HOME=D:\environment\java_environment\jdk1.8.0_331
USERNAME=ppqpp
OS=Windows_NT
PROCESSOR_IDENTIFIER=Intel64 Family 6 Model 165 Stepping 2, GenuineIntel



---------------  S Y S T E M  ---------------

OS: Windows 10.0 , 64 bit Build 22621 (10.0.22621.1680)

CPU:total 16 (initial active 16) (8 cores per cpu, 2 threads per core) family 6 model 165 stepping 2, cmov, cx8, fxsr, mmx, sse, sse2, sse3, ssse3, sse4.1, sse4.2, popcnt, avx, avx2, aes, clmul, erms, 3dnowpref, lzcnt, ht, tsc, tscinvbit, bmi1, bmi2, adx

Memory: 4k page, physical 33458992k(17614248k free), swap 35556144k(13930084k free)

vm_info: OpenJDK 64-Bit Server VM (25.322-b06) for windows-amd64 JRE (1.8.0_322-b06), built on Jan 13 2022 23:37:51 by "Administrator" with MS VC++ 12.0 (VS2013)

time: Wed May 17 20:13:18 2023
timezone: ?D1¨²¡À¨º¡Á?¨º¡À??
elapsed time: 9.217656 seconds (0d 0h 0m 9s)

