#
# A fatal error has been detected by the Java Runtime Environment:
#
#  EXCEPTION_ACCESS_VIOLATION (0xc0000005) at pc=0x0000025bf17a5b00, pid=7012, tid=0x0000000000006070
#
# JRE version: OpenJDK Runtime Environment (8.0_322-b06) (build 1.8.0_322-b06)
# Java VM: OpenJDK 64-Bit Server VM (25.322-b06 mixed mode windows-amd64 compressed oops)
# Problematic frame:
# C  [rxtxSerial.dll+0x5b00]
#
# Failed to write core dump. Minidumps are not enabled by default on client versions of Windows
#
# If you would like to submit a bug report, please visit:
#   https://github.com/corretto/corretto-8/issues/
# The crash happened outside the Java Virtual Machine in native code.
# See problematic frame for where to report the bug.
#

---------------  T H R E A D  ---------------

Current thread (0x0000025bf4063800):  JavaThread "Thread-16" daemon [_thread_in_native, id=24688, stack(0x000000a57c600000,0x000000a57c700000)]

siginfo: ExceptionCode=0xc0000005, reading address 0x000000007c6ff3e8

Registers:
RAX=0x0000000000000001, RBX=0x0000000000000000, RCX=0x0000025bf17bd4d5, RDX=0xfffffffffffff665
RSP=0x000000a57c6fe9e0, RBP=0x00000000ffffffff, RSI=0x0000000000000000, RDI=0x0000025bf4063a58
R8 =0x0000000000000002, R9 =0xfffffffffffff63c, R10=0x0000000000000056, R11=0x8101010101010100
R12=0x000000007c6ff3e0, R13=0x0000000000000001, R14=0x000000a57c6febc0, R15=0x0000000000000000
RIP=0x0000025bf17a5b00, EFLAGS=0x0000000000010202

Top of Stack: (sp=0x000000a57c6fe9e0)
0x000000a57c6fe9e0:   0000000000000000 0000000000000000
0x000000a57c6fe9f0:   000000a57c6febc8 0000000000000000
0x000000a57c6fea00:   0000000000000000 000000a57c6febc0
0x000000a57c6fea10:   0000025bf5e09118 0000000000000001
0x000000a57c6fea20:   0000025bf4063a58 0000000000000001
0x000000a57c6fea30:   ffffffffffffffff 0000025bf17a6211
0x000000a57c6fea40:   0000025bf11887b0 0000000000000001
0x000000a57c6fea50:   0000000000000001 0000025bf11887b0
0x000000a57c6fea60:   0000025b00000001 0000025bffffffff
0x000000a57c6fea70:   000000a57c6febc8 0000025bf5e09118
0x000000a57c6fea80:   0000025bf4786d10 0000000063d8baa5
0x000000a57c6fea90:   000000a57c6ff040 0000025bf4063800
0x000000a57c6feaa0:   0000025bf5e09120 0000000063dfc75c
0x000000a57c6feab0:   0000025bf5e09120 0000883f3807e1e0
0x000000a57c6feac0:   0000025bf5e09120 0000025bf5e09118
0x000000a57c6fead0:   0000025bf4063800 000000a57c6febc8 

Instructions: (pc=0x0000025bf17a5b00)
0x0000025bf17a5ae0:   15 23 7a 01 00 48 8d 48 60 e8 3a 5d 00 00 4c 8b
0x0000025bf17a5af0:   e5 8b ac 24 88 00 00 00 44 8b ac 24 80 00 00 00
0x0000025bf17a5b00:   45 8b 74 24 08 41 89 5c 24 08 41 8b fd 85 ed 78
0x0000025bf17a5b10:   09 ff 15 e9 14 01 00 44 8b f8 45 85 ed 7e 4a 90 


Register to memory mapping:

RAX=0x0000000000000001 is an unknown value
RBX=0x0000000000000000 is an unknown value
RCX=0x0000025bf17bd4d5 is an unknown value
RDX=0xfffffffffffff665 is an unknown value
RSP=0x000000a57c6fe9e0 is pointing into the stack for thread: 0x0000025bf4063800
RBP=0x00000000ffffffff is an unknown value
RSI=0x0000000000000000 is an unknown value
RDI=0x0000025bf4063a58 is an unknown value
R8 =0x0000000000000002 is an unknown value
R9 =0xfffffffffffff63c is an unknown value
R10=0x0000000000000056 is an unknown value
R11=0x8101010101010100 is an unknown value
R12=0x000000007c6ff3e0 is an unknown value
R13=0x0000000000000001 is an unknown value
R14=0x000000a57c6febc0 is pointing into the stack for thread: 0x0000025bf4063800
R15=0x0000000000000000 is an unknown value


Stack: [0x000000a57c600000,0x000000a57c700000],  sp=0x000000a57c6fe9e0,  free space=1018k
Native frames: (J=compiled Java code, j=interpreted, Vv=VM code, C=native code)
C  [rxtxSerial.dll+0x5b00]
C  [rxtxSerial.dll+0x6211]
C  0x0000025bcb1f9c8e

Java frames: (J=compiled Java code, j=interpreted, Vv=VM code)
j  gnu.io.RXTXPort.readArray([BII)I+0
j  gnu.io.RXTXPort$SerialInputStream.read([BII)I+212
j  gnu.io.RXTXPort$SerialInputStream.read([B)I+60
j  com.example.ppqppl_inpatient_ward_server.utils.SerialCom.serialEvent(Lgnu/io/SerialPortEvent;)V+99
j  gnu.io.RXTXPort.sendEvent(IZ)Z+382
v  ~StubRoutines::call_stub
j  gnu.io.RXTXPort.eventLoop()V+0
j  gnu.io.RXTXPort$MonitorThread.run()V+12
v  ~StubRoutines::call_stub

---------------  P R O C E S S  ---------------

Java Threads: ( => current thread )
  0x0000025bf2a8a800 JavaThread "RMI TCP Connection(3)-192.168.180.1" daemon [_thread_in_native, id=23600, stack(0x000000a57ad00000,0x000000a57ae00000)]
  0x0000025bf2a8c000 JavaThread "RMI TCP Connection(2)-192.168.180.1" daemon [_thread_in_native, id=26168, stack(0x000000a57ac00000,0x000000a57ad00000)]
  0x0000025bf4062000 JavaThread "DestroyJavaVM" [_thread_blocked, id=23148, stack(0x000000a578900000,0x000000a578a00000)]
  0x0000025bf405e000 JavaThread "Thread-15" [_thread_in_Java, id=19068, stack(0x000000a57c700000,0x000000a57c800000)]
=>0x0000025bf4063800 JavaThread "Thread-16" daemon [_thread_in_native, id=24688, stack(0x000000a57c600000,0x000000a57c700000)]
  0x0000025bf4065000 JavaThread "http-nio-8081-Acceptor" daemon [_thread_in_native, id=23700, stack(0x000000a57c500000,0x000000a57c600000)]
  0x0000025bf4064800 JavaThread "http-nio-8081-ClientPoller" daemon [_thread_in_native, id=25000, stack(0x000000a57c400000,0x000000a57c500000)]
  0x0000025bf4063000 JavaThread "http-nio-8081-exec-10" daemon [_thread_blocked, id=8708, stack(0x000000a57c300000,0x000000a57c400000)]
  0x0000025bf405b800 JavaThread "http-nio-8081-exec-9" daemon [_thread_blocked, id=24708, stack(0x000000a57c200000,0x000000a57c300000)]
  0x0000025bf4061000 JavaThread "http-nio-8081-exec-8" daemon [_thread_blocked, id=22800, stack(0x000000a57c100000,0x000000a57c200000)]
  0x0000025bf4059800 JavaThread "http-nio-8081-exec-7" daemon [_thread_blocked, id=26372, stack(0x000000a57c000000,0x000000a57c100000)]
  0x0000025bf405d800 JavaThread "http-nio-8081-exec-6" daemon [_thread_blocked, id=16112, stack(0x000000a57bf00000,0x000000a57c000000)]
  0x0000025bf405b000 JavaThread "http-nio-8081-exec-5" daemon [_thread_blocked, id=19596, stack(0x000000a57be00000,0x000000a57bf00000)]
  0x0000025bf4060800 JavaThread "http-nio-8081-exec-4" daemon [_thread_blocked, id=7808, stack(0x000000a57bd00000,0x000000a57be00000)]
  0x0000025bf405c800 JavaThread "http-nio-8081-exec-3" daemon [_thread_blocked, id=27096, stack(0x000000a57bc00000,0x000000a57bd00000)]
  0x0000025bf4058800 JavaThread "http-nio-8081-exec-2" daemon [_thread_blocked, id=19152, stack(0x000000a57bb00000,0x000000a57bc00000)]
  0x0000025bf405a000 JavaThread "http-nio-8081-exec-1" daemon [_thread_blocked, id=24980, stack(0x000000a57ba00000,0x000000a57bb00000)]
  0x0000025bf405f800 JavaThread "http-nio-8081-BlockPoller" daemon [_thread_in_native, id=17952, stack(0x000000a57b900000,0x000000a57ba00000)]
  0x0000025bf4058000 JavaThread "File Watcher" daemon [_thread_blocked, id=27056, stack(0x000000a57b700000,0x000000a57b800000)]
  0x0000025bf405f000 JavaThread "Live Reload Server" daemon [_thread_in_native, id=25844, stack(0x000000a57b800000,0x000000a57b900000)]
  0x0000025bf4056000 JavaThread "HikariPool-1 connection adder" daemon [_thread_blocked, id=21880, stack(0x000000a57b600000,0x000000a57b700000)]
  0x0000025bf4057000 JavaThread "HikariPool-1 housekeeper" daemon [_thread_blocked, id=27940, stack(0x000000a57b500000,0x000000a57b600000)]
  0x0000025bf25bb000 JavaThread "mysql-cj-abandoned-connection-cleanup" daemon [_thread_blocked, id=28432, stack(0x000000a57b300000,0x000000a57b400000)]
  0x0000025bf28f5800 JavaThread "container-0" [_thread_blocked, id=1348, stack(0x000000a57b200000,0x000000a57b300000)]
  0x0000025bf25b9800 JavaThread "Catalina-utility-2" [_thread_blocked, id=27996, stack(0x000000a57b100000,0x000000a57b200000)]
  0x0000025bf25b7000 JavaThread "Catalina-utility-1" [_thread_blocked, id=27720, stack(0x000000a57b000000,0x000000a57b100000)]
  0x0000025bf2206800 JavaThread "RMI Scheduler(0)" daemon [_thread_blocked, id=11280, stack(0x000000a57af00000,0x000000a57b000000)]
  0x0000025bf2245800 JavaThread "RMI TCP Connection(1)-192.168.180.1" daemon [_thread_in_native, id=19032, stack(0x000000a57ae00000,0x000000a57af00000)]
  0x0000025bf119a000 JavaThread "RMI TCP Accept-0" daemon [_thread_in_native, id=29020, stack(0x000000a57aa00000,0x000000a57ab00000)]
  0x0000025bf0f31000 JavaThread "Service Thread" daemon [_thread_blocked, id=7628, stack(0x000000a57a900000,0x000000a57aa00000)]
  0x0000025bf0e16000 JavaThread "C1 CompilerThread11" daemon [_thread_blocked, id=18580, stack(0x000000a57a800000,0x000000a57a900000)]
  0x0000025bf0e13000 JavaThread "C1 CompilerThread10" daemon [_thread_blocked, id=22236, stack(0x000000a57a700000,0x000000a57a800000)]
  0x0000025bf0e14800 JavaThread "C1 CompilerThread9" daemon [_thread_blocked, id=26640, stack(0x000000a57a600000,0x000000a57a700000)]
  0x0000025bf0e14000 JavaThread "C1 CompilerThread8" daemon [_thread_blocked, id=22796, stack(0x000000a57a500000,0x000000a57a600000)]
  0x0000025bf0e11800 JavaThread "C2 CompilerThread7" daemon [_thread_blocked, id=12448, stack(0x000000a57a400000,0x000000a57a500000)]
  0x0000025bf0e10800 JavaThread "C2 CompilerThread6" daemon [_thread_blocked, id=24228, stack(0x000000a57a300000,0x000000a57a400000)]
  0x0000025bf0e12000 JavaThread "C2 CompilerThread5" daemon [_thread_blocked, id=22228, stack(0x000000a57a200000,0x000000a57a300000)]
  0x0000025bf0e17800 JavaThread "C2 CompilerThread4" daemon [_thread_blocked, id=27756, stack(0x000000a57a100000,0x000000a57a200000)]
  0x0000025bf0e03800 JavaThread "C2 CompilerThread3" daemon [_thread_blocked, id=26528, stack(0x000000a57a000000,0x000000a57a100000)]
  0x0000025bf0e01000 JavaThread "C2 CompilerThread2" daemon [_thread_blocked, id=23372, stack(0x000000a579f00000,0x000000a57a000000)]
  0x0000025bf0e00000 JavaThread "C2 CompilerThread1" daemon [_thread_blocked, id=19380, stack(0x000000a579e00000,0x000000a579f00000)]
  0x0000025bf0dff000 JavaThread "C2 CompilerThread0" daemon [_thread_blocked, id=23588, stack(0x000000a579d00000,0x000000a579e00000)]
  0x0000025bf0df6800 JavaThread "Monitor Ctrl-Break" daemon [_thread_in_native, id=26964, stack(0x000000a579c00000,0x000000a579d00000)]
  0x0000025befaaf000 JavaThread "Attach Listener" daemon [_thread_blocked, id=19764, stack(0x000000a579b00000,0x000000a579c00000)]
  0x0000025befaac000 JavaThread "Signal Dispatcher" daemon [_thread_blocked, id=26852, stack(0x000000a579a00000,0x000000a579b00000)]
  0x0000025bedd1d000 JavaThread "Finalizer" daemon [_thread_blocked, id=8232, stack(0x000000a579900000,0x000000a579a00000)]
  0x0000025befa32000 JavaThread "Reference Handler" daemon [_thread_blocked, id=29672, stack(0x000000a579800000,0x000000a579900000)]

Other Threads:
  0x0000025befa11800 VMThread [stack: 0x000000a579700000,0x000000a579800000] [id=30408]
  0x0000025bf11a4000 WatcherThread [stack: 0x000000a57ab00000,0x000000a57ac00000] [id=2588]

VM state:not at safepoint (normal execution)

VM Mutex/Monitor currently owned by a thread: None

heap address: 0x00000005c1600000, size: 8170 MB, Compressed Oops mode: Zero based, Oop shift amount: 3
Narrow klass base: 0x0000000000000000, Narrow klass shift: 3
Compressed class space size: 1073741824 Address: 0x00000007c0000000

Heap:
 PSYoungGen      total 237056K, used 39446K [0x0000000715d00000, 0x000000072c380000, 0x00000007c0000000)
  eden space 215552K, 8% used [0x0000000715d00000,0x0000000716e89940,0x0000000722f80000)
  from space 21504K, 99% used [0x0000000722f80000,0x000000072447c018,0x0000000724480000)
  to   space 21504K, 0% used [0x000000072ae80000,0x000000072ae80000,0x000000072c380000)
 ParOldGen       total 270848K, used 19172K [0x00000005c1600000, 0x00000005d1e80000, 0x0000000715d00000)
  object space 270848K, 7% used [0x00000005c1600000,0x00000005c28b90b8,0x00000005d1e80000)
 Metaspace       used 52878K, capacity 55860K, committed 55936K, reserved 1097728K
  class space    used 7506K, capacity 8015K, committed 8064K, reserved 1048576K

Card table byte_map: [0x0000025bda5a0000,0x0000025bdb5a0000] byte_map_base: 0x0000025bd7795000

Marking Bits: (ParMarkBitMap*) 0x00000000644e7860
 Begin Bits: [0x0000025bdc050000, 0x0000025be3ff8000)
 End Bits:   [0x0000025be3ff8000, 0x0000025bebfa0000)

Polling page: 0x0000025bc96a0000

CodeCache: size=245760Kb used=10750Kb max_used=10750Kb free=235009Kb
 bounds [0x0000025bcb1e0000, 0x0000025bcbc60000, 0x0000025bda1e0000]
 total_blobs=5294 nmethods=4712 adapters=490
 compilation: enabled

Compilation events (10 events):
Event: 7.806 Thread 0x0000025bf0e16000 nmethod 4708 0x0000025bcbc58ed0 code [0x0000025bcbc590a0, 0x0000025bcbc59610]
Event: 7.806 Thread 0x0000025bf0e16000 4709       1       java.io.ObjectInputStream$BlockDataInputStream::readShort (73 bytes)
Event: 7.806 Thread 0x0000025bf0e16000 nmethod 4709 0x0000025bcbc59a50 code [0x0000025bcbc59bc0, 0x0000025bcbc59e00]
Event: 7.807 Thread 0x0000025bf0e14800 4710       1       java.io.ObjectStreamClass$Caches::access$2800 (4 bytes)
Event: 7.807 Thread 0x0000025bf0e14800 nmethod 4710 0x0000025bcbc59f90 code [0x0000025bcbc5a0e0, 0x0000025bcbc5a1d8]
Event: 7.808 Thread 0x0000025bf0e14000 nmethod 4707 0x0000025bcbc5a250 code [0x0000025bcbc5a7e0, 0x0000025bcbc5c210]
Event: 7.808 Thread 0x0000025bf0e14000 4711       1       java.io.ObjectStreamClass::getResolveException (5 bytes)
Event: 7.808 Thread 0x0000025bf0e14000 nmethod 4711 0x0000025bcbc5e790 code [0x0000025bcbc5e8e0, 0x0000025bcbc5e9f8]
Event: 7.809 Thread 0x0000025bf0e14000 4712       1       java.util.Hashtable::<init> (114 bytes)
Event: 7.809 Thread 0x0000025bf0e14000 nmethod 4712 0x0000025bcbc5ea50 code [0x0000025bcbc5ec80, 0x0000025bcbc5f4c0]

GC Heap History (10 events):
Event: 2.425 GC heap before
{Heap before GC invocations=3 (full 1):
 PSYoungGen      total 153088K, used 9007K [0x0000000715d00000, 0x0000000728800000, 0x00000007c0000000)
  eden space 131584K, 0% used [0x0000000715d00000,0x0000000715d00000,0x000000071dd80000)
  from space 21504K, 41% used [0x000000071f280000,0x000000071fb4bc68,0x0000000720780000)
  to   space 21504K, 0% used [0x000000071dd80000,0x000000071dd80000,0x000000071f280000)
 ParOldGen       total 349696K, used 24K [0x00000005c1600000, 0x00000005d6b80000, 0x0000000715d00000)
  object space 349696K, 0% used [0x00000005c1600000,0x00000005c1606000,0x00000005d6b80000)
 Metaspace       used 20532K, capacity 21230K, committed 21296K, reserved 1067008K
  class space    used 2750K, capacity 2920K, committed 2944K, reserved 1048576K
Event: 2.447 GC heap after
Heap after GC invocations=3 (full 1):
 PSYoungGen      total 153088K, used 0K [0x0000000715d00000, 0x0000000728800000, 0x00000007c0000000)
  eden space 131584K, 0% used [0x0000000715d00000,0x0000000715d00000,0x000000071dd80000)
  from space 21504K, 0% used [0x000000071f280000,0x000000071f280000,0x0000000720780000)
  to   space 21504K, 0% used [0x000000071dd80000,0x000000071dd80000,0x000000071f280000)
 ParOldGen       total 179712K, used 8492K [0x00000005c1600000, 0x00000005cc580000, 0x0000000715d00000)
  object space 179712K, 4% used [0x00000005c1600000,0x00000005c1e4b190,0x00000005cc580000)
 Metaspace       used 20530K, capacity 21224K, committed 21296K, reserved 1067008K
  class space    used 2749K, capacity 2919K, committed 2944K, reserved 1048576K
}
Event: 3.210 GC heap before
{Heap before GC invocations=4 (full 1):
 PSYoungGen      total 153088K, used 131584K [0x0000000715d00000, 0x0000000728800000, 0x00000007c0000000)
  eden space 131584K, 100% used [0x0000000715d00000,0x000000071dd80000,0x000000071dd80000)
  from space 21504K, 0% used [0x000000071f280000,0x000000071f280000,0x0000000720780000)
  to   space 21504K, 0% used [0x000000071dd80000,0x000000071dd80000,0x000000071f280000)
 ParOldGen       total 179712K, used 8492K [0x00000005c1600000, 0x00000005cc580000, 0x0000000715d00000)
  object space 179712K, 4% used [0x00000005c1600000,0x00000005c1e4b190,0x00000005cc580000)
 Metaspace       used 26541K, capacity 27916K, committed 28032K, reserved 1073152K
  class space    used 3652K, capacity 3936K, committed 3968K, reserved 1048576K
Event: 3.216 GC heap after
Heap after GC invocations=4 (full 1):
 PSYoungGen      total 153088K, used 10302K [0x0000000715d00000, 0x0000000725b00000, 0x00000007c0000000)
  eden space 131584K, 0% used [0x0000000715d00000,0x0000000715d00000,0x000000071dd80000)
  from space 21504K, 47% used [0x000000071dd80000,0x000000071e78fba0,0x000000071f280000)
  to   space 21504K, 0% used [0x0000000724600000,0x0000000724600000,0x0000000725b00000)
 ParOldGen       total 179712K, used 8500K [0x00000005c1600000, 0x00000005cc580000, 0x0000000715d00000)
  object space 179712K, 4% used [0x00000005c1600000,0x00000005c1e4d190,0x00000005cc580000)
 Metaspace       used 26541K, capacity 27916K, committed 28032K, reserved 1073152K
  class space    used 3652K, capacity 3936K, committed 3968K, reserved 1048576K
}
Event: 3.852 GC heap before
{Heap before GC invocations=5 (full 1):
 PSYoungGen      total 153088K, used 99264K [0x0000000715d00000, 0x0000000725b00000, 0x00000007c0000000)
  eden space 131584K, 67% used [0x0000000715d00000,0x000000071b3e07e8,0x000000071dd80000)
  from space 21504K, 47% used [0x000000071dd80000,0x000000071e78fba0,0x000000071f280000)
  to   space 21504K, 0% used [0x0000000724600000,0x0000000724600000,0x0000000725b00000)
 ParOldGen       total 179712K, used 8500K [0x00000005c1600000, 0x00000005cc580000, 0x0000000715d00000)
  object space 179712K, 4% used [0x00000005c1600000,0x00000005c1e4d190,0x00000005cc580000)
 Metaspace       used 33535K, capacity 35402K, committed 35496K, reserved 1079296K
  class space    used 4675K, capacity 5035K, committed 5120K, reserved 1048576K
Event: 3.860 GC heap after
Heap after GC invocations=5 (full 1):
 PSYoungGen      total 235520K, used 13184K [0x0000000715d00000, 0x0000000725980000, 0x00000007c0000000)
  eden space 215552K, 0% used [0x0000000715d00000,0x0000000715d00000,0x0000000722f80000)
  from space 19968K, 66% used [0x0000000724600000,0x00000007252e03c8,0x0000000725980000)
  to   space 21504K, 0% used [0x0000000722f80000,0x0000000722f80000,0x0000000724480000)
 ParOldGen       total 179712K, used 8508K [0x00000005c1600000, 0x00000005cc580000, 0x0000000715d00000)
  object space 179712K, 4% used [0x00000005c1600000,0x00000005c1e4f190,0x00000005cc580000)
 Metaspace       used 33535K, capacity 35402K, committed 35496K, reserved 1079296K
  class space    used 4675K, capacity 5035K, committed 5120K, reserved 1048576K
}
Event: 3.860 GC heap before
{Heap before GC invocations=6 (full 2):
 PSYoungGen      total 235520K, used 13184K [0x0000000715d00000, 0x0000000725980000, 0x00000007c0000000)
  eden space 215552K, 0% used [0x0000000715d00000,0x0000000715d00000,0x0000000722f80000)
  from space 19968K, 66% used [0x0000000724600000,0x00000007252e03c8,0x0000000725980000)
  to   space 21504K, 0% used [0x0000000722f80000,0x0000000722f80000,0x0000000724480000)
 ParOldGen       total 179712K, used 8508K [0x00000005c1600000, 0x00000005cc580000, 0x0000000715d00000)
  object space 179712K, 4% used [0x00000005c1600000,0x00000005c1e4f190,0x00000005cc580000)
 Metaspace       used 33535K, capacity 35402K, committed 35496K, reserved 1079296K
  class space    used 4675K, capacity 5035K, committed 5120K, reserved 1048576K
Event: 3.886 GC heap after
Heap after GC invocations=6 (full 2):
 PSYoungGen      total 235520K, used 0K [0x0000000715d00000, 0x0000000725980000, 0x00000007c0000000)
  eden space 215552K, 0% used [0x0000000715d00000,0x0000000715d00000,0x0000000722f80000)
  from space 19968K, 0% used [0x0000000724600000,0x0000000724600000,0x0000000725980000)
  to   space 21504K, 0% used [0x0000000722f80000,0x0000000722f80000,0x0000000724480000)
 ParOldGen       total 270848K, used 17955K [0x00000005c1600000, 0x00000005d1e80000, 0x0000000715d00000)
  object space 270848K, 6% used [0x00000005c1600000,0x00000005c2788ff8,0x00000005d1e80000)
 Metaspace       used 33535K, capacity 35402K, committed 35496K, reserved 1079296K
  class space    used 4675K, capacity 5035K, committed 5120K, reserved 1048576K
}
Event: 5.378 GC heap before
{Heap before GC invocations=7 (full 2):
 PSYoungGen      total 235520K, used 215552K [0x0000000715d00000, 0x0000000725980000, 0x00000007c0000000)
  eden space 215552K, 100% used [0x0000000715d00000,0x0000000722f80000,0x0000000722f80000)
  from space 19968K, 0% used [0x0000000724600000,0x0000000724600000,0x0000000725980000)
  to   space 21504K, 0% used [0x0000000722f80000,0x0000000722f80000,0x0000000724480000)
 ParOldGen       total 270848K, used 17955K [0x00000005c1600000, 0x00000005d1e80000, 0x0000000715d00000)
  object space 270848K, 6% used [0x00000005c1600000,0x00000005c2788ff8,0x00000005d1e80000)
 Metaspace       used 52811K, capacity 55772K, committed 55936K, reserved 1097728K
  class space    used 7492K, capacity 8011K, committed 8064K, reserved 1048576K
Event: 5.393 GC heap after
Heap after GC invocations=7 (full 2):
 PSYoungGen      total 237056K, used 21488K [0x0000000715d00000, 0x000000072c380000, 0x00000007c0000000)
  eden space 215552K, 0% used [0x0000000715d00000,0x0000000715d00000,0x0000000722f80000)
  from space 21504K, 99% used [0x0000000722f80000,0x000000072447c018,0x0000000724480000)
  to   space 21504K, 0% used [0x000000072ae80000,0x000000072ae80000,0x000000072c380000)
 ParOldGen       total 270848K, used 19172K [0x00000005c1600000, 0x00000005d1e80000, 0x0000000715d00000)
  object space 270848K, 7% used [0x00000005c1600000,0x00000005c28b90b8,0x00000005d1e80000)
 Metaspace       used 52811K, capacity 55772K, committed 55936K, reserved 1097728K
  class space    used 7492K, capacity 8011K, committed 8064K, reserved 1048576K
}

Deoptimization events (0 events):
No events

Classes redefined (0 events):
No events

Internal exceptions (10 events):
Event: 5.021 Thread 0x0000025bf1412000 Exception <a 'java/lang/ClassNotFoundException': org/springframework/web/servlet/config/annotation/WebMvcConfigurationSupportCustomizer> (0x00000007205728d0) thrown at [C:\wsjdk\Corretto8Src\installers\windows\zip\corretto-build\buildRoot\src\hotspot\src\
Event: 5.022 Thread 0x0000025bf1412000 Exception <a 'java/lang/ClassNotFoundException': org/springframework/web/servlet/config/annotation/DelegatingWebMvcConfigurationCustomizer> (0x00000007205a8c98) thrown at [C:\wsjdk\Corretto8Src\installers\windows\zip\corretto-build\buildRoot\src\hotspot\s
Event: 5.022 Thread 0x0000025bf1412000 Exception <a 'java/lang/ClassNotFoundException': org/springframework/boot/autoconfigure/web/servlet/WebMvcAutoConfiguration$EnableWebMvcConfigurationCustomizer> (0x00000007205d4f90) thrown at [C:\wsjdk\Corretto8Src\installers\windows\zip\corretto-build\bu
Event: 5.023 Thread 0x0000025bf1412000 Exception <a 'java/lang/ClassNotFoundException': org/springframework/context/ResourceLoaderAwareCustomizer> (0x00000007205fe460) thrown at [C:\wsjdk\Corretto8Src\installers\windows\zip\corretto-build\buildRoot\src\hotspot\src\share\vm\classfile\systemDict
Event: 5.023 Thread 0x0000025bf1412000 Exception <a 'java/lang/ClassNotFoundException': org/springframework/beans/factory/AwareCustomizer> (0x0000000720615118) thrown at [C:\wsjdk\Corretto8Src\installers\windows\zip\corretto-build\buildRoot\src\hotspot\src\share\vm\classfile\systemDictionary.c
Event: 5.023 Thread 0x0000025bf1412000 Exception <a 'java/lang/ClassNotFoundException': org/springframework/context/ApplicationContextAwareCustomizer> (0x000000072062e7e8) thrown at [C:\wsjdk\Corretto8Src\installers\windows\zip\corretto-build\buildRoot\src\hotspot\src\share\vm\classfile\system
Event: 5.024 Thread 0x0000025bf1412000 Exception <a 'java/lang/ClassNotFoundException': org/springframework/beans/factory/AwareCustomizer> (0x0000000720645aa8) thrown at [C:\wsjdk\Corretto8Src\installers\windows\zip\corretto-build\buildRoot\src\hotspot\src\share\vm\classfile\systemDictionary.c
Event: 5.024 Thread 0x0000025bf1412000 Exception <a 'java/lang/ClassNotFoundException': org/springframework/web/context/ServletContextAwareCustomizer> (0x000000072065f1a0) thrown at [C:\wsjdk\Corretto8Src\installers\windows\zip\corretto-build\buildRoot\src\hotspot\src\share\vm\classfile\system
Event: 5.024 Thread 0x0000025bf1412000 Exception <a 'java/lang/ClassNotFoundException': org/springframework/beans/factory/AwareCustomizer> (0x0000000720675ed0) thrown at [C:\wsjdk\Corretto8Src\installers\windows\zip\corretto-build\buildRoot\src\hotspot\src\share\vm\classfile\systemDictionary.c
Event: 5.199 Thread 0x0000025bf1412000 Exception <a 'java/lang/IncompatibleClassChangeError': Found class java.lang.Object, but interface was expected> (0x0000000721cf3400) thrown at [C:\wsjdk\Corretto8Src\installers\windows\zip\corretto-build\buildRoot\src\hotspot\src\share\vm\interpreter\lin

Events (10 events):
Event: 7.799 loading class java/rmi/MarshalledObject$MarshalledObjectInputStream done
Event: 7.800 Executing VM operation: RevokeBias
Event: 7.800 Executing VM operation: RevokeBias done
Event: 7.800 Thread 0x0000025bf2a86800 Thread exited: 0x0000025bf2a86800
Event: 7.801 Thread 0x0000025bf2a88000 Thread added: 0x0000025bf2a88000
Event: 7.809 Executing VM operation: RevokeBias
Event: 7.809 Executing VM operation: RevokeBias done
Event: 7.809 Thread 0x0000025bf2a88000 Thread exited: 0x0000025bf2a88000
Event: 8.180 loading class gnu/io/SerialPortEvent
Event: 8.180 loading class gnu/io/SerialPortEvent done


Dynamic libraries:
0x00007ff64e470000 - 0x00007ff64e4aa000 	D:\environment\java_environment\jdk-1.8\bin\java.exe
0x00007ff8211f0000 - 0x00007ff821404000 	C:\WINDOWS\SYSTEM32\ntdll.dll
0x00007ff81f620000 - 0x00007ff81f6e2000 	C:\WINDOWS\System32\KERNEL32.DLL
0x00007ff81e9d0000 - 0x00007ff81ed73000 	C:\WINDOWS\System32\KERNELBASE.dll
0x00007ff8205a0000 - 0x00007ff82064e000 	C:\WINDOWS\System32\ADVAPI32.dll
0x00007ff81fd10000 - 0x00007ff81fdb7000 	C:\WINDOWS\System32\msvcrt.dll
0x00007ff8204f0000 - 0x00007ff820594000 	C:\WINDOWS\System32\sechost.dll
0x00007ff820250000 - 0x00007ff820367000 	C:\WINDOWS\System32\RPCRT4.dll
0x00007ff81f280000 - 0x00007ff81f42b000 	C:\WINDOWS\System32\USER32.dll
0x00007ff81e830000 - 0x00007ff81e856000 	C:\WINDOWS\System32\win32u.dll
0x00007ff81f1f0000 - 0x00007ff81f219000 	C:\WINDOWS\System32\GDI32.dll
0x00007ff81e670000 - 0x00007ff81e788000 	C:\WINDOWS\System32\gdi32full.dll
0x00007ff81e790000 - 0x00007ff81e82a000 	C:\WINDOWS\System32\msvcp_win.dll
0x00007ff81ee40000 - 0x00007ff81ef51000 	C:\WINDOWS\System32\ucrtbase.dll
0x00007ff8036e0000 - 0x00007ff80396e000 	C:\WINDOWS\WinSxS\amd64_microsoft.windows.common-controls_6595b64144ccf1df_6.0.22621.1465_none_271271ab738361f1\COMCTL32.dll
0x00007ff820650000 - 0x00007ff820681000 	C:\WINDOWS\System32\IMM32.DLL
0x00007ff803f10000 - 0x00007ff803fff000 	D:\environment\java_environment\jdk-1.8\jre\bin\msvcr120.dll
0x00007ff803e60000 - 0x00007ff803f06000 	D:\environment\java_environment\jdk-1.8\jre\bin\msvcp120.dll
0x0000000063cf0000 - 0x0000000064566000 	D:\environment\java_environment\jdk-1.8\jre\bin\server\jvm.dll
0x00007ff81fd00000 - 0x00007ff81fd08000 	C:\WINDOWS\System32\PSAPI.DLL
0x00007ff817f80000 - 0x00007ff817f8a000 	C:\WINDOWS\SYSTEM32\VERSION.dll
0x00007ff8199a0000 - 0x00007ff8199a9000 	C:\WINDOWS\SYSTEM32\WSOCK32.dll
0x00007ff817c50000 - 0x00007ff817c84000 	C:\WINDOWS\SYSTEM32\WINMM.dll
0x00007ff820370000 - 0x00007ff8203e1000 	C:\WINDOWS\System32\WS2_32.dll
0x00007ff819c00000 - 0x00007ff819c0f000 	D:\environment\java_environment\jdk-1.8\jre\bin\verify.dll
0x00007ff819800000 - 0x00007ff819829000 	D:\environment\java_environment\jdk-1.8\jre\bin\java.dll
0x00007ff802db0000 - 0x00007ff802dda000 	D:\environment\java_environment\jdk-1.8\jre\bin\instrument.dll
0x00007ff819bb0000 - 0x00007ff819bc6000 	D:\environment\java_environment\jdk-1.8\jre\bin\zip.dll
0x00007ff820690000 - 0x00007ff820e8a000 	C:\WINDOWS\System32\SHELL32.dll
0x00007ff81c5a0000 - 0x00007ff81ce6e000 	C:\WINDOWS\SYSTEM32\windows.storage.dll
0x00007ff81f970000 - 0x00007ff81fcf9000 	C:\WINDOWS\System32\combase.dll
0x00007ff81c460000 - 0x00007ff81c59e000 	C:\WINDOWS\SYSTEM32\wintypes.dll
0x00007ff81f0f0000 - 0x00007ff81f1e1000 	C:\WINDOWS\System32\SHCORE.dll
0x00007ff821050000 - 0x00007ff8210ae000 	C:\WINDOWS\System32\shlwapi.dll
0x00007ff81e530000 - 0x00007ff81e551000 	C:\WINDOWS\SYSTEM32\profapi.dll
0x00007ff802a20000 - 0x00007ff802a3a000 	D:\environment\IDE\IntelliJ IDEA 2021.3.3\bin\breakgen64.dll
0x00007ff818da0000 - 0x00007ff818dba000 	D:\environment\java_environment\jdk-1.8\jre\bin\net.dll
0x00007ff81da70000 - 0x00007ff81dad9000 	C:\WINDOWS\system32\mswsock.dll
0x00007ff8022b0000 - 0x00007ff8022e3000 	C:\Program Files (x86)\Sangfor\SSL\ClientComponent\SangforNspX64.dll
0x00007ff81f7d0000 - 0x00007ff81f96c000 	C:\WINDOWS\System32\ole32.dll
0x00007ff81f6f0000 - 0x00007ff81f7c7000 	C:\WINDOWS\System32\OLEAUT32.dll
0x00007ff81d140000 - 0x00007ff81d233000 	C:\WINDOWS\SYSTEM32\DNSAPI.dll
0x00007ff81d0d0000 - 0x00007ff81d0fd000 	C:\WINDOWS\SYSTEM32\IPHLPAPI.DLL
0x00007ff81f610000 - 0x00007ff81f619000 	C:\WINDOWS\System32\NSI.dll
0x00000000648f0000 - 0x0000000064916000 	C:\Program Files\Bonjour\mdnsNSP.dll
0x00007ff8130b0000 - 0x00007ff8130ba000 	C:\Windows\System32\rasadhlp.dll
0x00007ff815af0000 - 0x00007ff815b74000 	C:\WINDOWS\System32\fwpuclnt.dll
0x00007ff802df0000 - 0x00007ff802dfd000 	D:\environment\java_environment\jdk-1.8\jre\bin\management.dll
0x00007ff818d80000 - 0x00007ff818d92000 	D:\environment\java_environment\jdk-1.8\jre\bin\nio.dll
0x00007ff81dd90000 - 0x00007ff81ddab000 	C:\WINDOWS\SYSTEM32\CRYPTSP.dll
0x00007ff81d580000 - 0x00007ff81d5b5000 	C:\WINDOWS\system32\rsaenh.dll
0x00007ff81db10000 - 0x00007ff81db38000 	C:\WINDOWS\SYSTEM32\USERENV.dll
0x00007ff81dec0000 - 0x00007ff81dee8000 	C:\WINDOWS\SYSTEM32\bcrypt.dll
0x00007ff81ef60000 - 0x00007ff81efdb000 	C:\WINDOWS\System32\bcryptprimitives.dll
0x00007ff81dd70000 - 0x00007ff81dd7c000 	C:\WINDOWS\SYSTEM32\CRYPTBASE.dll
0x00007ff817360000 - 0x00007ff817379000 	C:\WINDOWS\SYSTEM32\dhcpcsvc6.DLL
0x00007ff8172e0000 - 0x00007ff8172ff000 	C:\WINDOWS\SYSTEM32\dhcpcsvc.DLL
0x00007ffffdde0000 - 0x00007ffffddf7000 	C:\WINDOWS\system32\napinsp.dll
0x00007ffffd9b0000 - 0x00007ffffd9cb000 	C:\WINDOWS\system32\pnrpnsp.dll
0x00007ffffd7d0000 - 0x00007ffffd7e1000 	C:\WINDOWS\System32\winrnr.dll
0x00007ffffe840000 - 0x00007ffffe855000 	C:\WINDOWS\system32\wshbth.dll
0x00007ffffe6b0000 - 0x00007ffffe6d1000 	C:\WINDOWS\system32\nlansp_c.dll
0x0000000180000000 - 0x0000000180286000 	D:\environment\server_environment\tomcat8\bin\tcnative-1.dll
0x00007ff81e860000 - 0x00007ff81e9c7000 	C:\WINDOWS\System32\CRYPT32.dll
0x00007ff804620000 - 0x00007ff804643000 	D:\environment\java_environment\jdk-1.8\jre\bin\sunec.dll
0x00007ff805ba0000 - 0x00007ff805bac000 	D:\environment\java_environment\jdk-1.8\jre\bin\sunmscapi.dll
0x00007ff81de90000 - 0x00007ff81debe000 	C:\WINDOWS\SYSTEM32\ncrypt.dll
0x00007ff81de50000 - 0x00007ff81de87000 	C:\WINDOWS\SYSTEM32\NTASN1.dll
0x0000025bf17a0000 - 0x0000025bf17c5000 	D:\environment\java_environment\jdk-1.8\bin\rxtxSerial.dll
0x00007ff81bf30000 - 0x00007ff81c15e000 	C:\WINDOWS\SYSTEM32\dbghelp.dll

VM Arguments:
jvm_args: -XX:TieredStopAtLevel=1 -Xverify:none -Dspring.output.ansi.enabled=always -Dcom.sun.management.jmxremote -Dspring.jmx.enabled=true -Dspring.liveBeansView.mbeanDomain -Dspring.application.admin.enabled=true -javaagent:D:\environment\IDE\IntelliJ IDEA 2021.3.3\lib\idea_rt.jar=3724:D:\environment\IDE\IntelliJ IDEA 2021.3.3\bin -Dfile.encoding=GBK 
java_command: com.example.ppqppl_inpatient_ward_server.PpqpplInpatientWardServerApplication
java_class_path (initial): D:\environment\java_environment\jdk-1.8\jre\lib\charsets.jar;D:\environment\java_environment\jdk-1.8\jre\lib\ext\access-bridge-64.jar;D:\environment\java_environment\jdk-1.8\jre\lib\ext\cldrdata.jar;D:\environment\java_environment\jdk-1.8\jre\lib\ext\dnsns.jar;D:\environment\java_environment\jdk-1.8\jre\lib\ext\jaccess.jar;D:\environment\java_environment\jdk-1.8\jre\lib\ext\jfxrt.jar;D:\environment\java_environment\jdk-1.8\jre\lib\ext\localedata.jar;D:\environment\java_environment\jdk-1.8\jre\lib\ext\nashorn.jar;D:\environment\java_environment\jdk-1.8\jre\lib\ext\sunec.jar;D:\environment\java_environment\jdk-1.8\jre\lib\ext\sunjce_provider.jar;D:\environment\java_environment\jdk-1.8\jre\lib\ext\sunmscapi.jar;D:\environment\java_environment\jdk-1.8\jre\lib\ext\sunpkcs11.jar;D:\environment\java_environment\jdk-1.8\jre\lib\ext\zipfs.jar;D:\environment\java_environment\jdk-1.8\jre\lib\jce.jar;D:\environment\java_environment\jdk-1.8\jre\lib\jfr.jar;D:\environment\java_environment\jdk-1.8\jre\lib\jfxswt.jar;D:\environment\java_environment\jdk-1.8\jre\lib\jsse.jar;D:\environment\java_environment\jdk-1.8\jre\lib\management-agent.jar;D:\environment\java_environment\jdk-1.8\jre\lib\resources.jar;D:\environment\java_environment\jdk-1.8\jre\lib\rt.jar;D:\code-file\Ppqppl_Inpatient_Ward_Server\target\classes;C:\Users\ppqpp\.m2\repository\org\springframework\boot\spring-boot-starter-data-jpa\2.2.4.RELEASE\spring-boot-starter-data-jpa-2.2.4.RELEASE.jar;C:\Users\ppqpp\.m2\repository\org\springframework\boot\spring-boot-starter-aop\2.2.4.RELEASE\spring-boot-starter-aop-2.2.4.RELEASE.jar;C:\Users\ppqpp\.m2\repository\org\springframework\spring-aop\5.2.3.RELEASE\spring-aop-5.2.3.RELEASE.jar;C:\Users\ppqpp\.m2\repository\org\aspectj\aspectjweaver\1.9.5\aspectjweaver-1.9.5.jar;C:\Users\ppqpp\.m2\repository\jakarta\activation\jakarta.activation-api\1.2.1\jakarta.activation-api-1.2.1.jar;C:\Users\ppqpp\.m2\repository\jakarta\persistence\jakarta.persistence-api
Launcher Type: SUN_STANDARD

Environment Variables:
JAVA_HOME=D:\environment\java_environment\jdk1.8.0_331
USERNAME=ppqpp
OS=Windows_NT
PROCESSOR_IDENTIFIER=Intel64 Family 6 Model 165 Stepping 2, GenuineIntel



---------------  S Y S T E M  ---------------

OS: Windows 10.0 , 64 bit Build 22621 (10.0.22621.1680)

CPU:total 16 (initial active 16) (8 cores per cpu, 2 threads per core) family 6 model 165 stepping 2, cmov, cx8, fxsr, mmx, sse, sse2, sse3, ssse3, sse4.1, sse4.2, popcnt, avx, avx2, aes, clmul, erms, 3dnowpref, lzcnt, ht, tsc, tscinvbit, bmi1, bmi2, adx

Memory: 4k page, physical 33458992k(19159536k free), swap 35556144k(15481504k free)

vm_info: OpenJDK 64-Bit Server VM (25.322-b06) for windows-amd64 JRE (1.8.0_322-b06), built on Jan 13 2022 23:37:51 by "Administrator" with MS VC++ 12.0 (VS2013)

time: Wed May 17 20:13:40 2023
timezone: ?D1¨²¡À¨º¡Á?¨º¡À??
elapsed time: 8.220083 seconds (0d 0h 0m 8s)

