#
# A fatal error has been detected by the Java Runtime Environment:
#
#  EXCEPTION_ACCESS_VIOLATION (0xc0000005) at pc=0x000001d62ba85b00, pid=23124, tid=0x00000000000047f8
#
# JRE version: OpenJDK Runtime Environment (8.0_322-b06) (build 1.8.0_322-b06)
# Java VM: OpenJDK 64-Bit Server VM (25.322-b06 mixed mode windows-amd64 compressed oops)
# Problematic frame:
# C  [rxtxSerial.dll+0x5b00]
#
# Failed to write core dump. Minidumps are not enabled by default on client versions of Windows
#
# If you would like to submit a bug report, please visit:
#   https://github.com/corretto/corretto-8/issues/
# The crash happened outside the Java Virtual Machine in native code.
# See problematic frame for where to report the bug.
#

---------------  T H R E A D  ---------------

Current thread (0x000001d63290d800):  JavaThread "Thread-16" daemon [_thread_in_native, id=18424, stack(0x0000008f65e00000,0x0000008f65f00000)]

siginfo: ExceptionCode=0xc0000005, reading address 0x0000000065efef58

Registers:
RAX=0x0000000000000001, RBX=0x0000000000000000, RCX=0x000001d62ba9d4d5, RDX=0xfffffffffffff665
RSP=0x0000008f65efe550, RBP=0x00000000ffffffff, RSI=0x0000000000000000, RDI=0x000001d63290da58
R8 =0x0000000000000002, R9 =0xfffffffffffff63c, R10=0x000000000000004c, R11=0x8101010101010100
R12=0x0000000065efef50, R13=0x0000000000000001, R14=0x0000008f65efe730, R15=0x0000000000000000
RIP=0x000001d62ba85b00, EFLAGS=0x0000000000010202

Top of Stack: (sp=0x0000008f65efe550)
0x0000008f65efe550:   0000000000000000 0000000000000000
0x0000008f65efe560:   0000008f65efe738 0000000000000000
0x0000008f65efe570:   0000000000000000 0000008f65efe730
0x0000008f65efe580:   000001d633d585e0 0000000000000001
0x0000008f65efe590:   000001d63290da58 0000000000000001
0x0000008f65efe5a0:   ffffffffffffffff 000001d62ba86211
0x0000008f65efe5b0:   000001d62f3cac70 0000000000000001
0x0000008f65efe5c0:   0000000000000001 000001d62f3cac70
0x0000008f65efe5d0:   000001d600000001 000001d6ffffffff
0x0000008f65efe5e0:   0000008f65efe738 000001d633d585e0
0x0000008f65efe5f0:   000001d632aaf3c0 0000000063d8baa5
0x0000008f65efe600:   0000008f65efebb0 000001d63290d800
0x0000008f65efe610:   000001d633d585e8 0000000063dfc75c
0x0000008f65efe620:   000001d633d585e8 0000881521830c53
0x0000008f65efe630:   000001d633d585e8 000001d633d585e0
0x0000008f65efe640:   000001d63290d800 0000008f65efe738 

Instructions: (pc=0x000001d62ba85b00)
0x000001d62ba85ae0:   15 23 7a 01 00 48 8d 48 60 e8 3a 5d 00 00 4c 8b
0x000001d62ba85af0:   e5 8b ac 24 88 00 00 00 44 8b ac 24 80 00 00 00
0x000001d62ba85b00:   45 8b 74 24 08 41 89 5c 24 08 41 8b fd 85 ed 78
0x000001d62ba85b10:   09 ff 15 e9 14 01 00 44 8b f8 45 85 ed 7e 4a 90 


Register to memory mapping:

RAX=0x0000000000000001 is an unknown value
RBX=0x0000000000000000 is an unknown value
RCX=0x000001d62ba9d4d5 is an unknown value
RDX=0xfffffffffffff665 is an unknown value
RSP=0x0000008f65efe550 is pointing into the stack for thread: 0x000001d63290d800
RBP=0x00000000ffffffff is an unknown value
RSI=0x0000000000000000 is an unknown value
RDI=0x000001d63290da58 is an unknown value
R8 =0x0000000000000002 is an unknown value
R9 =0xfffffffffffff63c is an unknown value
R10=0x000000000000004c is an unknown value
R11=0x8101010101010100 is an unknown value
R12=0x0000000065efef50 is an unknown value
R13=0x0000000000000001 is an unknown value
R14=0x0000008f65efe730 is pointing into the stack for thread: 0x000001d63290d800
R15=0x0000000000000000 is an unknown value


Stack: [0x0000008f65e00000,0x0000008f65f00000],  sp=0x0000008f65efe550,  free space=1017k
Native frames: (J=compiled Java code, j=interpreted, Vv=VM code, C=native code)
C  [rxtxSerial.dll+0x5b00]
C  [rxtxSerial.dll+0x6211]
C  0x000001d609299c8e

Java frames: (J=compiled Java code, j=interpreted, Vv=VM code)
j  gnu.io.RXTXPort.readArray([BII)I+0
j  gnu.io.RXTXPort$SerialInputStream.read([BII)I+212
j  gnu.io.RXTXPort$SerialInputStream.read([B)I+60
j  com.example.ppqppl_inpatient_ward_server.utils.SerialCom.serialEvent(Lgnu/io/SerialPortEvent;)V+99
j  gnu.io.RXTXPort.sendEvent(IZ)Z+382
v  ~StubRoutines::call_stub
j  gnu.io.RXTXPort.eventLoop()V+0
j  gnu.io.RXTXPort$MonitorThread.run()V+12
v  ~StubRoutines::call_stub

---------------  P R O C E S S  ---------------

Java Threads: ( => current thread )
  0x000001d63290e800 JavaThread "DestroyJavaVM" [_thread_blocked, id=19100, stack(0x0000008f62100000,0x0000008f62200000)]
  0x000001d63290c000 JavaThread "Thread-15" [_thread_in_Java, id=27628, stack(0x0000008f65f00000,0x0000008f66000000)]
=>0x000001d63290d800 JavaThread "Thread-16" daemon [_thread_in_native, id=18424, stack(0x0000008f65e00000,0x0000008f65f00000)]
  0x000001d632904000 JavaThread "http-nio-8081-Acceptor" daemon [_thread_in_native, id=21936, stack(0x0000008f65d00000,0x0000008f65e00000)]
  0x000001d63290b000 JavaThread "http-nio-8081-ClientPoller" daemon [_thread_in_native, id=3536, stack(0x0000008f65c00000,0x0000008f65d00000)]
  0x000001d632903800 JavaThread "http-nio-8081-exec-10" daemon [_thread_blocked, id=19052, stack(0x0000008f65b00000,0x0000008f65c00000)]
  0x000001d632909000 JavaThread "http-nio-8081-exec-9" daemon [_thread_blocked, id=8272, stack(0x0000008f65a00000,0x0000008f65b00000)]
  0x000001d632908000 JavaThread "http-nio-8081-exec-8" daemon [_thread_blocked, id=18348, stack(0x0000008f65900000,0x0000008f65a00000)]
  0x000001d632905800 JavaThread "http-nio-8081-exec-7" daemon [_thread_blocked, id=26232, stack(0x0000008f65800000,0x0000008f65900000)]
  0x000001d632905000 JavaThread "http-nio-8081-exec-6" daemon [_thread_blocked, id=28336, stack(0x0000008f65700000,0x0000008f65800000)]
  0x000001d632907800 JavaThread "http-nio-8081-exec-5" daemon [_thread_blocked, id=29220, stack(0x0000008f65600000,0x0000008f65700000)]
  0x000001d63290a800 JavaThread "http-nio-8081-exec-4" daemon [_thread_blocked, id=7436, stack(0x0000008f65500000,0x0000008f65600000)]
  0x000001d632902800 JavaThread "http-nio-8081-exec-3" daemon [_thread_blocked, id=27360, stack(0x0000008f65400000,0x0000008f65500000)]
  0x000001d632909800 JavaThread "http-nio-8081-exec-2" daemon [_thread_blocked, id=7296, stack(0x0000008f65300000,0x0000008f65400000)]
  0x000001d632906800 JavaThread "http-nio-8081-exec-1" daemon [_thread_blocked, id=26472, stack(0x0000008f65200000,0x0000008f65300000)]
  0x000001d62ee09800 JavaThread "http-nio-8081-BlockPoller" daemon [_thread_in_native, id=26072, stack(0x0000008f65100000,0x0000008f65200000)]
  0x000001d62ee08800 JavaThread "File Watcher" daemon [_thread_blocked, id=23204, stack(0x0000008f64f00000,0x0000008f65000000)]
  0x000001d62ee08000 JavaThread "Live Reload Server" daemon [_thread_in_native, id=25780, stack(0x0000008f65000000,0x0000008f65100000)]
  0x000001d62ee07000 JavaThread "HikariPool-1 connection adder" daemon [_thread_blocked, id=12800, stack(0x0000008f64e00000,0x0000008f64f00000)]
  0x000001d62ee06000 JavaThread "HikariPool-1 housekeeper" daemon [_thread_blocked, id=2760, stack(0x0000008f64d00000,0x0000008f64e00000)]
  0x000001d63081c800 JavaThread "mysql-cj-abandoned-connection-cleanup" daemon [_thread_blocked, id=19512, stack(0x0000008f64b00000,0x0000008f64c00000)]
  0x000001d6307a8000 JavaThread "container-0" [_thread_blocked, id=5488, stack(0x0000008f64a00000,0x0000008f64b00000)]
  0x000001d6307a6800 JavaThread "Catalina-utility-2" [_thread_blocked, id=14108, stack(0x0000008f64900000,0x0000008f64a00000)]
  0x000001d6307a5000 JavaThread "Catalina-utility-1" [_thread_blocked, id=3456, stack(0x0000008f64800000,0x0000008f64900000)]
  0x000001d62fefe000 JavaThread "RMI Scheduler(0)" daemon [_thread_blocked, id=29036, stack(0x0000008f64700000,0x0000008f64800000)]
  0x000001d62dadd800 JavaThread "RMI TCP Connection(1)-192.168.180.1" daemon [_thread_in_native, id=19356, stack(0x0000008f64600000,0x0000008f64700000)]
  0x000001d62f132800 JavaThread "RMI TCP Accept-0" daemon [_thread_in_native, id=19240, stack(0x0000008f64200000,0x0000008f64300000)]
  0x000001d62ee9e800 JavaThread "Service Thread" daemon [_thread_blocked, id=20312, stack(0x0000008f64100000,0x0000008f64200000)]
  0x000001d62ee0c800 JavaThread "C1 CompilerThread11" daemon [_thread_blocked, id=20680, stack(0x0000008f64000000,0x0000008f64100000)]
  0x000001d62ee0b800 JavaThread "C1 CompilerThread10" daemon [_thread_blocked, id=8592, stack(0x0000008f63f00000,0x0000008f64000000)]
  0x000001d62ee05800 JavaThread "C1 CompilerThread9" daemon [_thread_blocked, id=20964, stack(0x0000008f63e00000,0x0000008f63f00000)]
  0x000001d62edec800 JavaThread "C1 CompilerThread8" daemon [_thread_blocked, id=17068, stack(0x0000008f63d00000,0x0000008f63e00000)]
  0x000001d62edda000 JavaThread "C2 CompilerThread7" daemon [_thread_blocked, id=27604, stack(0x0000008f63c00000,0x0000008f63d00000)]
  0x000001d62edc9000 JavaThread "C2 CompilerThread6" daemon [_thread_blocked, id=27208, stack(0x0000008f63b00000,0x0000008f63c00000)]
  0x000001d62edb0800 JavaThread "C2 CompilerThread5" daemon [_thread_blocked, id=360, stack(0x0000008f63a00000,0x0000008f63b00000)]
  0x000001d62edae800 JavaThread "C2 CompilerThread4" daemon [_thread_blocked, id=2448, stack(0x0000008f63900000,0x0000008f63a00000)]
  0x000001d62eda8000 JavaThread "C2 CompilerThread3" daemon [_thread_blocked, id=1868, stack(0x0000008f63800000,0x0000008f63900000)]
  0x000001d62eda3800 JavaThread "C2 CompilerThread2" daemon [_thread_blocked, id=19372, stack(0x0000008f63700000,0x0000008f63800000)]
  0x000001d62eda0800 JavaThread "C2 CompilerThread1" daemon [_thread_blocked, id=26904, stack(0x0000008f63600000,0x0000008f63700000)]
  0x000001d62eda0000 JavaThread "C2 CompilerThread0" daemon [_thread_blocked, id=3636, stack(0x0000008f63500000,0x0000008f63600000)]
  0x000001d62ed33800 JavaThread "Monitor Ctrl-Break" daemon [_thread_in_native, id=26784, stack(0x0000008f63400000,0x0000008f63500000)]
  0x000001d62da87000 JavaThread "Attach Listener" daemon [_thread_blocked, id=14096, stack(0x0000008f63300000,0x0000008f63400000)]
  0x000001d62da31000 JavaThread "Signal Dispatcher" daemon [_thread_blocked, id=24080, stack(0x0000008f63200000,0x0000008f63300000)]
  0x000001d62bd0a800 JavaThread "Finalizer" daemon [_thread_blocked, id=18184, stack(0x0000008f63100000,0x0000008f63200000)]
  0x000001d62da12000 JavaThread "Reference Handler" daemon [_thread_blocked, id=7856, stack(0x0000008f63000000,0x0000008f63100000)]

Other Threads:
  0x000001d62d9f1800 VMThread [stack: 0x0000008f62f00000,0x0000008f63000000] [id=26672]
  0x000001d62f149000 WatcherThread [stack: 0x0000008f64300000,0x0000008f64400000] [id=25864]

VM state:not at safepoint (normal execution)

VM Mutex/Monitor currently owned by a thread: None

heap address: 0x00000005c1600000, size: 8170 MB, Compressed Oops mode: Zero based, Oop shift amount: 3
Narrow klass base: 0x0000000000000000, Narrow klass shift: 3
Compressed class space size: 1073741824 Address: 0x00000007c0000000

Heap:
 PSYoungGen      total 240640K, used 35337K [0x0000000715d00000, 0x000000072ca00000, 0x00000007c0000000)
  eden space 219136K, 6% used [0x0000000715d00000,0x0000000716a86988,0x0000000723300000)
  from space 21504K, 99% used [0x0000000723300000,0x00000007247fbe40,0x0000000724800000)
  to   space 22016K, 0% used [0x000000072b480000,0x000000072b480000,0x000000072ca00000)
 ParOldGen       total 263168K, used 19212K [0x00000005c1600000, 0x00000005d1700000, 0x0000000715d00000)
  object space 263168K, 7% used [0x00000005c1600000,0x00000005c28c3328,0x00000005d1700000)
 Metaspace       used 52847K, capacity 55842K, committed 55936K, reserved 1097728K
  class space    used 7500K, capacity 8012K, committed 8064K, reserved 1048576K

Card table byte_map: [0x000001d618640000,0x000001d619640000] byte_map_base: 0x000001d615835000

Marking Bits: (ParMarkBitMap*) 0x00000000644e7860
 Begin Bits: [0x000001d61a0f0000, 0x000001d622098000)
 End Bits:   [0x000001d622098000, 0x000001d62a040000)

Polling page: 0x000001d6073c0000

CodeCache: size=245760Kb used=10702Kb max_used=10702Kb free=235057Kb
 bounds [0x000001d609280000, 0x000001d609d00000, 0x000001d618280000]
 total_blobs=5290 nmethods=4708 adapters=490
 compilation: enabled

Compilation events (10 events):
Event: 5.698 Thread 0x000001d62edec800 4704       1       java.lang.Long::stringSize (38 bytes)
Event: 5.698 Thread 0x000001d62ee0b800 4705       1       java.lang.Long::getChars (221 bytes)
Event: 5.698 Thread 0x000001d62edec800 nmethod 4704 0x000001d609cf0c10 code [0x000001d609cf0d60, 0x000001d609cf0eb8]
Event: 5.698 Thread 0x000001d62ee0b800 nmethod 4705 0x000001d609cf0f50 code [0x000001d609cf1100, 0x000001d609cf1538]
Event: 5.699 Thread 0x000001d62ee05800 4706       1       java.io.ObjectOutputStream::writeByte (9 bytes)
Event: 5.699 Thread 0x000001d62ee05800 nmethod 4706 0x000001d609cf1c10 code [0x000001d609cf1d80, 0x000001d609cf1f10]
Event: 5.700 Thread 0x000001d62ee0c800 4707   !   1       java.io.ObjectInputStream$BlockDataInputStream::readUTFSpan (502 bytes)
Event: 5.701 Thread 0x000001d62ee0c800 nmethod 4707 0x000001d609cf2050 code [0x000001d609cf2260, 0x000001d609cf2b10]
Event: 6.083 Thread 0x000001d62edec800 4708       1       java.io.File::<init> (80 bytes)
Event: 6.083 Thread 0x000001d62edec800 nmethod 4708 0x000001d609cf3810 code [0x000001d609cf3980, 0x000001d609cf3b30]

GC Heap History (10 events):
Event: 2.325 GC heap before
{Heap before GC invocations=3 (full 1):
 PSYoungGen      total 153088K, used 8930K [0x0000000715d00000, 0x0000000728800000, 0x00000007c0000000)
  eden space 131584K, 0% used [0x0000000715d00000,0x0000000715d00000,0x000000071dd80000)
  from space 21504K, 41% used [0x000000071f280000,0x000000071fb38b20,0x0000000720780000)
  to   space 21504K, 0% used [0x000000071dd80000,0x000000071dd80000,0x000000071f280000)
 ParOldGen       total 349696K, used 24K [0x00000005c1600000, 0x00000005d6b80000, 0x0000000715d00000)
  object space 349696K, 0% used [0x00000005c1600000,0x00000005c1606000,0x00000005d6b80000)
 Metaspace       used 20493K, capacity 21162K, committed 21296K, reserved 1067008K
  class space    used 2749K, capacity 2918K, committed 2944K, reserved 1048576K
Event: 2.347 GC heap after
Heap after GC invocations=3 (full 1):
 PSYoungGen      total 153088K, used 0K [0x0000000715d00000, 0x0000000728800000, 0x00000007c0000000)
  eden space 131584K, 0% used [0x0000000715d00000,0x0000000715d00000,0x000000071dd80000)
  from space 21504K, 0% used [0x000000071f280000,0x000000071f280000,0x0000000720780000)
  to   space 21504K, 0% used [0x000000071dd80000,0x000000071dd80000,0x000000071f280000)
 ParOldGen       total 175104K, used 8451K [0x00000005c1600000, 0x00000005cc100000, 0x0000000715d00000)
  object space 175104K, 4% used [0x00000005c1600000,0x00000005c1e40e80,0x00000005cc100000)
 Metaspace       used 20491K, capacity 21156K, committed 21296K, reserved 1067008K
  class space    used 2748K, capacity 2917K, committed 2944K, reserved 1048576K
}
Event: 3.154 GC heap before
{Heap before GC invocations=4 (full 1):
 PSYoungGen      total 153088K, used 131584K [0x0000000715d00000, 0x0000000728800000, 0x00000007c0000000)
  eden space 131584K, 100% used [0x0000000715d00000,0x000000071dd80000,0x000000071dd80000)
  from space 21504K, 0% used [0x000000071f280000,0x000000071f280000,0x0000000720780000)
  to   space 21504K, 0% used [0x000000071dd80000,0x000000071dd80000,0x000000071f280000)
 ParOldGen       total 175104K, used 8451K [0x00000005c1600000, 0x00000005cc100000, 0x0000000715d00000)
  object space 175104K, 4% used [0x00000005c1600000,0x00000005c1e40e80,0x00000005cc100000)
 Metaspace       used 26521K, capacity 27818K, committed 28032K, reserved 1073152K
  class space    used 3647K, capacity 3903K, committed 3968K, reserved 1048576K
Event: 3.159 GC heap after
Heap after GC invocations=4 (full 1):
 PSYoungGen      total 153088K, used 10173K [0x0000000715d00000, 0x0000000725f00000, 0x00000007c0000000)
  eden space 131584K, 0% used [0x0000000715d00000,0x0000000715d00000,0x000000071dd80000)
  from space 21504K, 47% used [0x000000071dd80000,0x000000071e76f588,0x000000071f280000)
  to   space 21504K, 0% used [0x0000000724a00000,0x0000000724a00000,0x0000000725f00000)
 ParOldGen       total 175104K, used 8459K [0x00000005c1600000, 0x00000005cc100000, 0x0000000715d00000)
  object space 175104K, 4% used [0x00000005c1600000,0x00000005c1e42e80,0x00000005cc100000)
 Metaspace       used 26521K, capacity 27818K, committed 28032K, reserved 1073152K
  class space    used 3647K, capacity 3903K, committed 3968K, reserved 1048576K
}
Event: 3.753 GC heap before
{Heap before GC invocations=5 (full 1):
 PSYoungGen      total 153088K, used 99867K [0x0000000715d00000, 0x0000000725f00000, 0x00000007c0000000)
  eden space 131584K, 68% used [0x0000000715d00000,0x000000071b497948,0x000000071dd80000)
  from space 21504K, 47% used [0x000000071dd80000,0x000000071e76f588,0x000000071f280000)
  to   space 21504K, 0% used [0x0000000724a00000,0x0000000724a00000,0x0000000725f00000)
 ParOldGen       total 175104K, used 8459K [0x00000005c1600000, 0x00000005cc100000, 0x0000000715d00000)
  object space 175104K, 4% used [0x00000005c1600000,0x00000005c1e42e80,0x00000005cc100000)
 Metaspace       used 33527K, capacity 35402K, committed 35496K, reserved 1079296K
  class space    used 4674K, capacity 5035K, committed 5120K, reserved 1048576K
Event: 3.761 GC heap after
Heap after GC invocations=5 (full 1):
 PSYoungGen      total 238592K, used 13212K [0x0000000715d00000, 0x0000000725d00000, 0x00000007c0000000)
  eden space 219136K, 0% used [0x0000000715d00000,0x0000000715d00000,0x0000000723300000)
  from space 19456K, 67% used [0x0000000724a00000,0x00000007256e73c0,0x0000000725d00000)
  to   space 21504K, 0% used [0x0000000723300000,0x0000000723300000,0x0000000724800000)
 ParOldGen       total 175104K, used 8467K [0x00000005c1600000, 0x00000005cc100000, 0x0000000715d00000)
  object space 175104K, 4% used [0x00000005c1600000,0x00000005c1e44e80,0x00000005cc100000)
 Metaspace       used 33527K, capacity 35402K, committed 35496K, reserved 1079296K
  class space    used 4674K, capacity 5035K, committed 5120K, reserved 1048576K
}
Event: 3.762 GC heap before
{Heap before GC invocations=6 (full 2):
 PSYoungGen      total 238592K, used 13212K [0x0000000715d00000, 0x0000000725d00000, 0x00000007c0000000)
  eden space 219136K, 0% used [0x0000000715d00000,0x0000000715d00000,0x0000000723300000)
  from space 19456K, 67% used [0x0000000724a00000,0x00000007256e73c0,0x0000000725d00000)
  to   space 21504K, 0% used [0x0000000723300000,0x0000000723300000,0x0000000724800000)
 ParOldGen       total 175104K, used 8467K [0x00000005c1600000, 0x00000005cc100000, 0x0000000715d00000)
  object space 175104K, 4% used [0x00000005c1600000,0x00000005c1e44e80,0x00000005cc100000)
 Metaspace       used 33527K, capacity 35402K, committed 35496K, reserved 1079296K
  class space    used 4674K, capacity 5035K, committed 5120K, reserved 1048576K
Event: 3.793 GC heap after
Heap after GC invocations=6 (full 2):
 PSYoungGen      total 238592K, used 0K [0x0000000715d00000, 0x0000000725d00000, 0x00000007c0000000)
  eden space 219136K, 0% used [0x0000000715d00000,0x0000000715d00000,0x0000000723300000)
  from space 19456K, 0% used [0x0000000724a00000,0x0000000724a00000,0x0000000725d00000)
  to   space 21504K, 0% used [0x0000000723300000,0x0000000723300000,0x0000000724800000)
 ParOldGen       total 263168K, used 17966K [0x00000005c1600000, 0x00000005d1700000, 0x0000000715d00000)
  object space 263168K, 6% used [0x00000005c1600000,0x00000005c278b940,0x00000005d1700000)
 Metaspace       used 33527K, capacity 35402K, committed 35496K, reserved 1079296K
  class space    used 4674K, capacity 5035K, committed 5120K, reserved 1048576K
}
Event: 5.536 GC heap before
{Heap before GC invocations=7 (full 2):
 PSYoungGen      total 238592K, used 219136K [0x0000000715d00000, 0x0000000725d00000, 0x00000007c0000000)
  eden space 219136K, 100% used [0x0000000715d00000,0x0000000723300000,0x0000000723300000)
  from space 19456K, 0% used [0x0000000724a00000,0x0000000724a00000,0x0000000725d00000)
  to   space 21504K, 0% used [0x0000000723300000,0x0000000723300000,0x0000000724800000)
 ParOldGen       total 263168K, used 17966K [0x00000005c1600000, 0x00000005d1700000, 0x0000000715d00000)
  object space 263168K, 6% used [0x00000005c1600000,0x00000005c278b940,0x00000005d1700000)
 Metaspace       used 52747K, capacity 55708K, committed 55936K, reserved 1097728K
  class space    used 7488K, capacity 8011K, committed 8064K, reserved 1048576K
Event: 5.555 GC heap after
Heap after GC invocations=7 (full 2):
 PSYoungGen      total 240640K, used 21487K [0x0000000715d00000, 0x000000072ca00000, 0x00000007c0000000)
  eden space 219136K, 0% used [0x0000000715d00000,0x0000000715d00000,0x0000000723300000)
  from space 21504K, 99% used [0x0000000723300000,0x00000007247fbe40,0x0000000724800000)
  to   space 22016K, 0% used [0x000000072b480000,0x000000072b480000,0x000000072ca00000)
 ParOldGen       total 263168K, used 19212K [0x00000005c1600000, 0x00000005d1700000, 0x0000000715d00000)
  object space 263168K, 7% used [0x00000005c1600000,0x00000005c28c3328,0x00000005d1700000)
 Metaspace       used 52747K, capacity 55708K, committed 55936K, reserved 1097728K
  class space    used 7488K, capacity 8011K, committed 8064K, reserved 1048576K
}

Deoptimization events (0 events):
No events

Classes redefined (0 events):
No events

Internal exceptions (10 events):
Event: 5.096 Thread 0x000001d62f3ca800 Exception <a 'java/lang/ClassNotFoundException': org/springframework/web/servlet/config/annotation/WebMvcConfigurationSupportCustomizer> (0x00000007209adef8) thrown at [C:\wsjdk\Corretto8Src\installers\windows\zip\corretto-build\buildRoot\src\hotspot\src\
Event: 5.097 Thread 0x000001d62f3ca800 Exception <a 'java/lang/ClassNotFoundException': org/springframework/web/servlet/config/annotation/DelegatingWebMvcConfigurationCustomizer> (0x00000007209e42c0) thrown at [C:\wsjdk\Corretto8Src\installers\windows\zip\corretto-build\buildRoot\src\hotspot\s
Event: 5.097 Thread 0x000001d62f3ca800 Exception <a 'java/lang/ClassNotFoundException': org/springframework/boot/autoconfigure/web/servlet/WebMvcAutoConfiguration$EnableWebMvcConfigurationCustomizer> (0x0000000720a105b8) thrown at [C:\wsjdk\Corretto8Src\installers\windows\zip\corretto-build\bu
Event: 5.098 Thread 0x000001d62f3ca800 Exception <a 'java/lang/ClassNotFoundException': org/springframework/context/ResourceLoaderAwareCustomizer> (0x0000000720a39a88) thrown at [C:\wsjdk\Corretto8Src\installers\windows\zip\corretto-build\buildRoot\src\hotspot\src\share\vm\classfile\systemDict
Event: 5.098 Thread 0x000001d62f3ca800 Exception <a 'java/lang/ClassNotFoundException': org/springframework/beans/factory/AwareCustomizer> (0x0000000720a50768) thrown at [C:\wsjdk\Corretto8Src\installers\windows\zip\corretto-build\buildRoot\src\hotspot\src\share\vm\classfile\systemDictionary.c
Event: 5.098 Thread 0x000001d62f3ca800 Exception <a 'java/lang/ClassNotFoundException': org/springframework/context/ApplicationContextAwareCustomizer> (0x0000000720a69e38) thrown at [C:\wsjdk\Corretto8Src\installers\windows\zip\corretto-build\buildRoot\src\hotspot\src\share\vm\classfile\system
Event: 5.099 Thread 0x000001d62f3ca800 Exception <a 'java/lang/ClassNotFoundException': org/springframework/beans/factory/AwareCustomizer> (0x0000000720a810f8) thrown at [C:\wsjdk\Corretto8Src\installers\windows\zip\corretto-build\buildRoot\src\hotspot\src\share\vm\classfile\systemDictionary.c
Event: 5.099 Thread 0x000001d62f3ca800 Exception <a 'java/lang/ClassNotFoundException': org/springframework/web/context/ServletContextAwareCustomizer> (0x0000000720a9a7f0) thrown at [C:\wsjdk\Corretto8Src\installers\windows\zip\corretto-build\buildRoot\src\hotspot\src\share\vm\classfile\system
Event: 5.099 Thread 0x000001d62f3ca800 Exception <a 'java/lang/ClassNotFoundException': org/springframework/beans/factory/AwareCustomizer> (0x0000000720ab1520) thrown at [C:\wsjdk\Corretto8Src\installers\windows\zip\corretto-build\buildRoot\src\hotspot\src\share\vm\classfile\systemDictionary.c
Event: 5.336 Thread 0x000001d62f3ca800 Exception <a 'java/lang/IncompatibleClassChangeError': Found class java.lang.Object, but interface was expected> (0x00000007221ffec0) thrown at [C:\wsjdk\Corretto8Src\installers\windows\zip\corretto-build\buildRoot\src\hotspot\src\share\vm\interpreter\lin

Events (10 events):
Event: 5.603 loading class org/springframework/boot/devtools/restart/SilentExitExceptionHandler$SilentExitException
Event: 5.603 loading class org/springframework/boot/devtools/restart/SilentExitExceptionHandler$SilentExitException done
Event: 5.604 Thread 0x000001d60742b000 Thread exited: 0x000001d60742b000
Event: 5.604 Thread 0x000001d63290e800 Thread added: 0x000001d63290e800
Event: 5.697 Thread 0x000001d63290d000 Thread added: 0x000001d63290d000
Event: 5.700 Executing VM operation: RevokeBias
Event: 5.701 Executing VM operation: RevokeBias done
Event: 5.701 Thread 0x000001d63290d000 Thread exited: 0x000001d63290d000
Event: 6.284 loading class gnu/io/SerialPortEvent
Event: 6.284 loading class gnu/io/SerialPortEvent done


Dynamic libraries:
0x00007ff64e470000 - 0x00007ff64e4aa000 	D:\environment\java_environment\jdk-1.8\bin\java.exe
0x00007ff8211f0000 - 0x00007ff821404000 	C:\WINDOWS\SYSTEM32\ntdll.dll
0x00007ff81f620000 - 0x00007ff81f6e2000 	C:\WINDOWS\System32\KERNEL32.DLL
0x00007ff81e9d0000 - 0x00007ff81ed73000 	C:\WINDOWS\System32\KERNELBASE.dll
0x00007ff8205a0000 - 0x00007ff82064e000 	C:\WINDOWS\System32\ADVAPI32.dll
0x00007ff81fd10000 - 0x00007ff81fdb7000 	C:\WINDOWS\System32\msvcrt.dll
0x00007ff8204f0000 - 0x00007ff820594000 	C:\WINDOWS\System32\sechost.dll
0x00007ff820250000 - 0x00007ff820367000 	C:\WINDOWS\System32\RPCRT4.dll
0x00007ff81f280000 - 0x00007ff81f42b000 	C:\WINDOWS\System32\USER32.dll
0x00007ff81e830000 - 0x00007ff81e856000 	C:\WINDOWS\System32\win32u.dll
0x00007ff81f1f0000 - 0x00007ff81f219000 	C:\WINDOWS\System32\GDI32.dll
0x00007ff81e670000 - 0x00007ff81e788000 	C:\WINDOWS\System32\gdi32full.dll
0x00007ff81e790000 - 0x00007ff81e82a000 	C:\WINDOWS\System32\msvcp_win.dll
0x00007ff81ee40000 - 0x00007ff81ef51000 	C:\WINDOWS\System32\ucrtbase.dll
0x00007ff8036e0000 - 0x00007ff80396e000 	C:\WINDOWS\WinSxS\amd64_microsoft.windows.common-controls_6595b64144ccf1df_6.0.22621.1465_none_271271ab738361f1\COMCTL32.dll
0x00007ff820650000 - 0x00007ff820681000 	C:\WINDOWS\System32\IMM32.DLL
0x00007ff803f10000 - 0x00007ff803fff000 	D:\environment\java_environment\jdk-1.8\jre\bin\msvcr120.dll
0x00007ff803e60000 - 0x00007ff803f06000 	D:\environment\java_environment\jdk-1.8\jre\bin\msvcp120.dll
0x0000000063cf0000 - 0x0000000064566000 	D:\environment\java_environment\jdk-1.8\jre\bin\server\jvm.dll
0x00007ff81fd00000 - 0x00007ff81fd08000 	C:\WINDOWS\System32\PSAPI.DLL
0x00007ff817f80000 - 0x00007ff817f8a000 	C:\WINDOWS\SYSTEM32\VERSION.dll
0x00007ff8199a0000 - 0x00007ff8199a9000 	C:\WINDOWS\SYSTEM32\WSOCK32.dll
0x00007ff817c50000 - 0x00007ff817c84000 	C:\WINDOWS\SYSTEM32\WINMM.dll
0x00007ff820370000 - 0x00007ff8203e1000 	C:\WINDOWS\System32\WS2_32.dll
0x00007ff819c00000 - 0x00007ff819c0f000 	D:\environment\java_environment\jdk-1.8\jre\bin\verify.dll
0x00007ff819800000 - 0x00007ff819829000 	D:\environment\java_environment\jdk-1.8\jre\bin\java.dll
0x00007ff803e10000 - 0x00007ff803e3a000 	D:\environment\java_environment\jdk-1.8\jre\bin\instrument.dll
0x00007ff819bb0000 - 0x00007ff819bc6000 	D:\environment\java_environment\jdk-1.8\jre\bin\zip.dll
0x00007ff820690000 - 0x00007ff820e8a000 	C:\WINDOWS\System32\SHELL32.dll
0x00007ff81c5a0000 - 0x00007ff81ce6e000 	C:\WINDOWS\SYSTEM32\windows.storage.dll
0x00007ff81f970000 - 0x00007ff81fcf9000 	C:\WINDOWS\System32\combase.dll
0x00007ff81c460000 - 0x00007ff81c59e000 	C:\WINDOWS\SYSTEM32\wintypes.dll
0x00007ff81f0f0000 - 0x00007ff81f1e1000 	C:\WINDOWS\System32\SHCORE.dll
0x00007ff821050000 - 0x00007ff8210ae000 	C:\WINDOWS\System32\shlwapi.dll
0x00007ff81e530000 - 0x00007ff81e551000 	C:\WINDOWS\SYSTEM32\profapi.dll
0x00007ff8031b0000 - 0x00007ff8031ca000 	D:\environment\IDE\IntelliJ IDEA 2021.3.3\bin\breakgen64.dll
0x00007ff818da0000 - 0x00007ff818dba000 	D:\environment\java_environment\jdk-1.8\jre\bin\net.dll
0x00007ff81da70000 - 0x00007ff81dad9000 	C:\WINDOWS\system32\mswsock.dll
0x00007ff8022b0000 - 0x00007ff8022e3000 	C:\Program Files (x86)\Sangfor\SSL\ClientComponent\SangforNspX64.dll
0x00007ff81f7d0000 - 0x00007ff81f96c000 	C:\WINDOWS\System32\ole32.dll
0x00007ff81f6f0000 - 0x00007ff81f7c7000 	C:\WINDOWS\System32\OLEAUT32.dll
0x00007ff81d140000 - 0x00007ff81d233000 	C:\WINDOWS\SYSTEM32\DNSAPI.dll
0x00007ff81d0d0000 - 0x00007ff81d0fd000 	C:\WINDOWS\SYSTEM32\IPHLPAPI.DLL
0x00007ff81f610000 - 0x00007ff81f619000 	C:\WINDOWS\System32\NSI.dll
0x00000000648f0000 - 0x0000000064916000 	C:\Program Files\Bonjour\mdnsNSP.dll
0x00007ff8130b0000 - 0x00007ff8130ba000 	C:\Windows\System32\rasadhlp.dll
0x00007ff815af0000 - 0x00007ff815b74000 	C:\WINDOWS\System32\fwpuclnt.dll
0x00007ff805b90000 - 0x00007ff805b9d000 	D:\environment\java_environment\jdk-1.8\jre\bin\management.dll
0x00007ff818d80000 - 0x00007ff818d92000 	D:\environment\java_environment\jdk-1.8\jre\bin\nio.dll
0x00007ff81dd90000 - 0x00007ff81ddab000 	C:\WINDOWS\SYSTEM32\CRYPTSP.dll
0x00007ff81d580000 - 0x00007ff81d5b5000 	C:\WINDOWS\system32\rsaenh.dll
0x00007ff81db10000 - 0x00007ff81db38000 	C:\WINDOWS\SYSTEM32\USERENV.dll
0x00007ff81dec0000 - 0x00007ff81dee8000 	C:\WINDOWS\SYSTEM32\bcrypt.dll
0x00007ff81ef60000 - 0x00007ff81efdb000 	C:\WINDOWS\System32\bcryptprimitives.dll
0x00007ff81dd70000 - 0x00007ff81dd7c000 	C:\WINDOWS\SYSTEM32\CRYPTBASE.dll
0x00007ff817360000 - 0x00007ff817379000 	C:\WINDOWS\SYSTEM32\dhcpcsvc6.DLL
0x00007ff8172e0000 - 0x00007ff8172ff000 	C:\WINDOWS\SYSTEM32\dhcpcsvc.DLL
0x00007ffffdde0000 - 0x00007ffffddf7000 	C:\WINDOWS\system32\napinsp.dll
0x00007ffffd9b0000 - 0x00007ffffd9cb000 	C:\WINDOWS\system32\pnrpnsp.dll
0x00007ffffd7d0000 - 0x00007ffffd7e1000 	C:\WINDOWS\System32\winrnr.dll
0x00007ffffe840000 - 0x00007ffffe855000 	C:\WINDOWS\system32\wshbth.dll
0x00007ffffe6b0000 - 0x00007ffffe6d1000 	C:\WINDOWS\system32\nlansp_c.dll
0x0000000180000000 - 0x0000000180286000 	D:\environment\server_environment\tomcat8\bin\tcnative-1.dll
0x00007ff81e860000 - 0x00007ff81e9c7000 	C:\WINDOWS\System32\CRYPT32.dll
0x00007ff804620000 - 0x00007ff804643000 	D:\environment\java_environment\jdk-1.8\jre\bin\sunec.dll
0x00007ff805ba0000 - 0x00007ff805bac000 	D:\environment\java_environment\jdk-1.8\jre\bin\sunmscapi.dll
0x00007ff81de90000 - 0x00007ff81debe000 	C:\WINDOWS\SYSTEM32\ncrypt.dll
0x00007ff81de50000 - 0x00007ff81de87000 	C:\WINDOWS\SYSTEM32\NTASN1.dll
0x000001d62ba80000 - 0x000001d62baa5000 	D:\environment\java_environment\jdk-1.8\bin\rxtxSerial.dll
0x00007ff81bf30000 - 0x00007ff81c15e000 	C:\WINDOWS\SYSTEM32\dbghelp.dll

VM Arguments:
jvm_args: -XX:TieredStopAtLevel=1 -Xverify:none -Dspring.output.ansi.enabled=always -Dcom.sun.management.jmxremote -Dspring.jmx.enabled=true -Dspring.liveBeansView.mbeanDomain -Dspring.application.admin.enabled=true -javaagent:D:\environment\IDE\IntelliJ IDEA 2021.3.3\lib\idea_rt.jar=3807:D:\environment\IDE\IntelliJ IDEA 2021.3.3\bin -Dfile.encoding=GBK 
java_command: com.example.ppqppl_inpatient_ward_server.PpqpplInpatientWardServerApplication
java_class_path (initial): D:\environment\java_environment\jdk-1.8\jre\lib\charsets.jar;D:\environment\java_environment\jdk-1.8\jre\lib\ext\access-bridge-64.jar;D:\environment\java_environment\jdk-1.8\jre\lib\ext\cldrdata.jar;D:\environment\java_environment\jdk-1.8\jre\lib\ext\dnsns.jar;D:\environment\java_environment\jdk-1.8\jre\lib\ext\jaccess.jar;D:\environment\java_environment\jdk-1.8\jre\lib\ext\jfxrt.jar;D:\environment\java_environment\jdk-1.8\jre\lib\ext\localedata.jar;D:\environment\java_environment\jdk-1.8\jre\lib\ext\nashorn.jar;D:\environment\java_environment\jdk-1.8\jre\lib\ext\sunec.jar;D:\environment\java_environment\jdk-1.8\jre\lib\ext\sunjce_provider.jar;D:\environment\java_environment\jdk-1.8\jre\lib\ext\sunmscapi.jar;D:\environment\java_environment\jdk-1.8\jre\lib\ext\sunpkcs11.jar;D:\environment\java_environment\jdk-1.8\jre\lib\ext\zipfs.jar;D:\environment\java_environment\jdk-1.8\jre\lib\jce.jar;D:\environment\java_environment\jdk-1.8\jre\lib\jfr.jar;D:\environment\java_environment\jdk-1.8\jre\lib\jfxswt.jar;D:\environment\java_environment\jdk-1.8\jre\lib\jsse.jar;D:\environment\java_environment\jdk-1.8\jre\lib\management-agent.jar;D:\environment\java_environment\jdk-1.8\jre\lib\resources.jar;D:\environment\java_environment\jdk-1.8\jre\lib\rt.jar;D:\code-file\Ppqppl_Inpatient_Ward_Server\target\classes;C:\Users\ppqpp\.m2\repository\org\springframework\boot\spring-boot-starter-data-jpa\2.2.4.RELEASE\spring-boot-starter-data-jpa-2.2.4.RELEASE.jar;C:\Users\ppqpp\.m2\repository\org\springframework\boot\spring-boot-starter-aop\2.2.4.RELEASE\spring-boot-starter-aop-2.2.4.RELEASE.jar;C:\Users\ppqpp\.m2\repository\org\springframework\spring-aop\5.2.3.RELEASE\spring-aop-5.2.3.RELEASE.jar;C:\Users\ppqpp\.m2\repository\org\aspectj\aspectjweaver\1.9.5\aspectjweaver-1.9.5.jar;C:\Users\ppqpp\.m2\repository\jakarta\activation\jakarta.activation-api\1.2.1\jakarta.activation-api-1.2.1.jar;C:\Users\ppqpp\.m2\repository\jakarta\persistence\jakarta.persistence-api
Launcher Type: SUN_STANDARD

Environment Variables:
JAVA_HOME=D:\environment\java_environment\jdk1.8.0_331
USERNAME=ppqpp
OS=Windows_NT
PROCESSOR_IDENTIFIER=Intel64 Family 6 Model 165 Stepping 2, GenuineIntel



---------------  S Y S T E M  ---------------

OS: Windows 10.0 , 64 bit Build 22621 (10.0.22621.1680)

CPU:total 16 (initial active 16) (8 cores per cpu, 2 threads per core) family 6 model 165 stepping 2, cmov, cx8, fxsr, mmx, sse, sse2, sse3, ssse3, sse4.1, sse4.2, popcnt, avx, avx2, aes, clmul, erms, 3dnowpref, lzcnt, ht, tsc, tscinvbit, bmi1, bmi2, adx

Memory: 4k page, physical 33458992k(19153352k free), swap 35556144k(15495764k free)

vm_info: OpenJDK 64-Bit Server VM (25.322-b06) for windows-amd64 JRE (1.8.0_322-b06), built on Jan 13 2022 23:37:51 by "Administrator" with MS VC++ 12.0 (VS2013)

time: Wed May 17 20:14:07 2023
timezone: ?D1¨²¡À¨º¡Á?¨º¡À??
elapsed time: 6.316094 seconds (0d 0h 0m 6s)

