#
# A fatal error has been detected by the Java Runtime Environment:
#
#  EXCEPTION_ACCESS_VIOLATION (0xc0000005) at pc=0x0000000180005b00, pid=9388, tid=0x0000000000007254
#
# JRE version: OpenJDK Runtime Environment (8.0_322-b06) (build 1.8.0_322-b06)
# Java VM: OpenJDK 64-Bit Server VM (25.322-b06 mixed mode windows-amd64 compressed oops)
# Problematic frame:
# C  [rxtxSerial.dll+0x5b00]
#
# Failed to write core dump. Minidumps are not enabled by default on client versions of Windows
#
# If you would like to submit a bug report, please visit:
#   https://github.com/corretto/corretto-8/issues/
# The crash happened outside the Java Virtual Machine in native code.
# See problematic frame for where to report the bug.
#

---------------  T H R E A D  ---------------

Current thread (0x000001a8d04ae000):  JavaThread "Thread-1" daemon [_thread_in_native, id=29268, stack(0x0000004fc2600000,0x0000004fc2700000)]

siginfo: ExceptionCode=0xc0000005, reading address 0xffffffffc26febe8

Registers:
RAX=0x0000000000000001, RBX=0x0000000000000000, RCX=0x000000018001d4d5, RDX=0xfffffffffffff665
RSP=0x0000004fc26fe1e0, RBP=0x00000000ffffffff, RSI=0x0000000000000000, RDI=0x000001a8d04ae258
R8 =0x0000000000000002, R9 =0xfffffffffffff63c, R10=0x0000000000000004, R11=0x8101010101010100
R12=0xffffffffc26febe0, R13=0x0000000000000007, R14=0x0000004fc26fe3c0, R15=0x0000000000000000
RIP=0x0000000180005b00, EFLAGS=0x0000000000010202

Top of Stack: (sp=0x0000004fc26fe1e0)
0x0000004fc26fe1e0:   0000000000000000 0000000000000000
0x0000004fc26fe1f0:   0000004fc26fe3c8 0000000000000000
0x0000004fc26fe200:   0000000000000000 0000004fc26fe3c0
0x0000004fc26fe210:   000001a8cc56daf8 0000000000000001
0x0000004fc26fe220:   000001a8d04ae258 0000000000000007
0x0000004fc26fe230:   ffffffffffffffff 0000000180006211
0x0000004fc26fe240:   000001a8cff8ffc0 0000000000000007
0x0000004fc26fe250:   0000000000000001 000001a8cff8ffc0
0x0000004fc26fe260:   000001a800000007 000001a8ffffffff
0x0000004fc26fe270:   0000004fc26fe3c8 000001a8cc56daf8
0x0000004fc26fe280:   000001a8d0578cc0 0000000063d8baa5
0x0000004fc26fe290:   0000004fc26fe840 000001a8d04ae000
0x0000004fc26fe2a0:   000001a8cc56db00 0000000063dfc75c
0x0000004fc26fe2b0:   000001a8cc56db00 000088e21e298e6f
0x0000004fc26fe2c0:   000001a8cc56db00 000001a8cc56daf8
0x0000004fc26fe2d0:   000001a8d04ae000 0000004fc26fe3c8 

Instructions: (pc=0x0000000180005b00)
0x0000000180005ae0:   15 23 7a 01 00 48 8d 48 60 e8 3a 5d 00 00 4c 8b
0x0000000180005af0:   e5 8b ac 24 88 00 00 00 44 8b ac 24 80 00 00 00
0x0000000180005b00:   45 8b 74 24 08 41 89 5c 24 08 41 8b fd 85 ed 78
0x0000000180005b10:   09 ff 15 e9 14 01 00 44 8b f8 45 85 ed 7e 4a 90 


Register to memory mapping:

RAX=0x0000000000000001 is an unknown value
RBX=0x0000000000000000 is an unknown value
RCX=0x000000018001d4d5 is an unknown value
RDX=0xfffffffffffff665 is an unknown value
RSP=0x0000004fc26fe1e0 is pointing into the stack for thread: 0x000001a8d04ae000
RBP=0x00000000ffffffff is an unknown value
RSI=0x0000000000000000 is an unknown value
RDI=0x000001a8d04ae258 is an unknown value
R8 =0x0000000000000002 is an unknown value
R9 =0xfffffffffffff63c is an unknown value
R10=0x0000000000000004 is an unknown value
R11=0x8101010101010100 is an unknown value
R12=0xffffffffc26febe0 is an unknown value
R13=0x0000000000000007 is an unknown value
R14=0x0000004fc26fe3c0 is pointing into the stack for thread: 0x000001a8d04ae000
R15=0x0000000000000000 is an unknown value


Stack: [0x0000004fc2600000,0x0000004fc2700000],  sp=0x0000004fc26fe1e0,  free space=1016k
Native frames: (J=compiled Java code, j=interpreted, Vv=VM code, C=native code)
C  [rxtxSerial.dll+0x5b00]
C  [rxtxSerial.dll+0x6211]
C  0x000001a8aa349c8e

Java frames: (J=compiled Java code, j=interpreted, Vv=VM code)
j  gnu.io.RXTXPort.readArray([BII)I+0
j  gnu.io.RXTXPort$SerialInputStream.read([BII)I+212
j  gnu.io.RXTXPort$SerialInputStream.read([B)I+60
j  com.example.ppqppl_inpatient_ward_server.utils.SerialCom.serialEvent(Lgnu/io/SerialPortEvent;)V+99
j  gnu.io.RXTXPort.sendEvent(IZ)Z+382
v  ~StubRoutines::call_stub
j  gnu.io.RXTXPort.eventLoop()V+0
j  gnu.io.RXTXPort$MonitorThread.run()V+12
v  ~StubRoutines::call_stub

---------------  P R O C E S S  ---------------

Java Threads: ( => current thread )
  0x000001a8a84b9800 JavaThread "DestroyJavaVM" [_thread_blocked, id=19168, stack(0x0000004fc0400000,0x0000004fc0500000)]
  0x000001a8d0594800 JavaThread "Thread-0" [_thread_in_Java, id=23556, stack(0x0000004fc2700000,0x0000004fc2800000)]
=>0x000001a8d04ae000 JavaThread "Thread-1" daemon [_thread_in_native, id=29268, stack(0x0000004fc2600000,0x0000004fc2700000)]
  0x000001a8cff88800 JavaThread "Service Thread" daemon [_thread_blocked, id=29672, stack(0x0000004fc2400000,0x0000004fc2500000)]
  0x000001a8cfea1000 JavaThread "C1 CompilerThread11" daemon [_thread_blocked, id=27096, stack(0x0000004fc2300000,0x0000004fc2400000)]
  0x000001a8cfe9a800 JavaThread "C1 CompilerThread10" daemon [_thread_blocked, id=22576, stack(0x0000004fc2200000,0x0000004fc2300000)]
  0x000001a8cfea0000 JavaThread "C1 CompilerThread9" daemon [_thread_blocked, id=26784, stack(0x0000004fc2100000,0x0000004fc2200000)]
  0x000001a8cfe9e800 JavaThread "C1 CompilerThread8" daemon [_thread_blocked, id=26788, stack(0x0000004fc2000000,0x0000004fc2100000)]
  0x000001a8cfe9c000 JavaThread "C2 CompilerThread7" daemon [_thread_blocked, id=27700, stack(0x0000004fc1f00000,0x0000004fc2000000)]
  0x000001a8cfe9d000 JavaThread "C2 CompilerThread6" daemon [_thread_blocked, id=17560, stack(0x0000004fc1e00000,0x0000004fc1f00000)]
  0x000001a8cfe9e000 JavaThread "C2 CompilerThread5" daemon [_thread_blocked, id=1672, stack(0x0000004fc1d00000,0x0000004fc1e00000)]
  0x000001a8cfe9b800 JavaThread "C2 CompilerThread4" daemon [_thread_blocked, id=19860, stack(0x0000004fc1c00000,0x0000004fc1d00000)]
  0x000001a8cfe9f800 JavaThread "C2 CompilerThread3" daemon [_thread_blocked, id=19864, stack(0x0000004fc1b00000,0x0000004fc1c00000)]
  0x000001a8cfe95000 JavaThread "C2 CompilerThread2" daemon [_thread_blocked, id=18808, stack(0x0000004fc1a00000,0x0000004fc1b00000)]
  0x000001a8cfe91000 JavaThread "C2 CompilerThread1" daemon [_thread_blocked, id=24736, stack(0x0000004fc1900000,0x0000004fc1a00000)]
  0x000001a8cfe90800 JavaThread "C2 CompilerThread0" daemon [_thread_blocked, id=21652, stack(0x0000004fc1800000,0x0000004fc1900000)]
  0x000001a8cfe87800 JavaThread "Monitor Ctrl-Break" daemon [_thread_in_native, id=25504, stack(0x0000004fc1700000,0x0000004fc1800000)]
  0x000001a8ceb17000 JavaThread "Attach Listener" daemon [_thread_blocked, id=1920, stack(0x0000004fc1600000,0x0000004fc1700000)]
  0x000001a8ceb6b000 JavaThread "Signal Dispatcher" daemon [_thread_blocked, id=25644, stack(0x0000004fc1500000,0x0000004fc1600000)]
  0x000001a8ccdce000 JavaThread "Finalizer" daemon [_thread_blocked, id=18652, stack(0x0000004fc1400000,0x0000004fc1500000)]
  0x000001a8ceaf1000 JavaThread "Reference Handler" daemon [_thread_blocked, id=18812, stack(0x0000004fc1300000,0x0000004fc1400000)]

Other Threads:
  0x000001a8cead0800 VMThread [stack: 0x0000004fc1200000,0x0000004fc1300000] [id=18796]
  0x000001a8cff90800 WatcherThread [stack: 0x0000004fc2500000,0x0000004fc2600000] [id=30072]

VM state:not at safepoint (normal execution)

VM Mutex/Monitor currently owned by a thread: None

heap address: 0x00000005c1600000, size: 8170 MB, Compressed Oops mode: Zero based, Oop shift amount: 3
Narrow klass base: 0x0000000000000000, Narrow klass shift: 3
Compressed class space size: 1073741824 Address: 0x00000007c0000000

Heap:
 PSYoungGen      total 153088K, used 34212K [0x0000000715d00000, 0x0000000720780000, 0x00000007c0000000)
  eden space 131584K, 26% used [0x0000000715d00000,0x0000000717e69260,0x000000071dd80000)
  from space 21504K, 0% used [0x000000071f280000,0x000000071f280000,0x0000000720780000)
  to   space 21504K, 0% used [0x000000071dd80000,0x000000071dd80000,0x000000071f280000)
 ParOldGen       total 349696K, used 0K [0x00000005c1600000, 0x00000005d6b80000, 0x0000000715d00000)
  object space 349696K, 0% used [0x00000005c1600000,0x00000005c1600000,0x00000005d6b80000)
 Metaspace       used 5352K, capacity 5532K, committed 5760K, reserved 1056768K
  class space    used 579K, capacity 628K, committed 640K, reserved 1048576K

Card table byte_map: [0x000001a8b96f0000,0x000001a8ba6f0000] byte_map_base: 0x000001a8b68e5000

Marking Bits: (ParMarkBitMap*) 0x00000000644e7860
 Begin Bits: [0x000001a8bb1a0000, 0x000001a8c3148000)
 End Bits:   [0x000001a8c3148000, 0x000001a8cb0f0000)

Polling page: 0x000001a8a8710000

CodeCache: size=245760Kb used=3778Kb max_used=3794Kb free=241981Kb
 bounds [0x000001a8aa330000, 0x000001a8aa6f0000, 0x000001a8b9330000]
 total_blobs=624 nmethods=335 adapters=199
 compilation: enabled

Compilation events (10 events):
Event: 1.096 Thread 0x000001a8cfea0000 nmethod 328 0x000001a8aa6b7810 code [0x000001a8aa6b79a0, 0x000001a8aa6b7df8]
Event: 1.096 Thread 0x000001a8cfe9e800 nmethod 330 0x000001a8aa6b7390 code [0x000001a8aa6b7500, 0x000001a8aa6b7738]
Event: 1.096 Thread 0x000001a8cfe9a800 nmethod 332 0x000001a8aa6ded10 code [0x000001a8aa6dee60, 0x000001a8aa6def78]
Event: 1.097 Thread 0x000001a8cfea1000 nmethod 331 0x000001a8aa6de490 code [0x000001a8aa6de620, 0x000001a8aa6deb70]
Event: 1.097 Thread 0x000001a8cfe9e800  333  s    3       java.util.Hashtable::put (104 bytes)
Event: 1.097 Thread 0x000001a8cfea0000  334       3       java.util.Hashtable::addEntry (87 bytes)
Event: 1.097 Thread 0x000001a8cfe9a800  335       3       java.util.Hashtable$Entry::<init> (26 bytes)
Event: 1.098 Thread 0x000001a8cfe9a800 nmethod 335 0x000001a8aa6de050 code [0x000001a8aa6de1a0, 0x000001a8aa6de3b8]
Event: 1.098 Thread 0x000001a8cfe9e800 nmethod 333 0x000001a8aa6dd350 code [0x000001a8aa6dd520, 0x000001a8aa6ddce0]
Event: 1.098 Thread 0x000001a8cfea0000 nmethod 334 0x000001a8aa6dc810 code [0x000001a8aa6dc9c0, 0x000001a8aa6dd020]

GC Heap History (0 events):
No events

Deoptimization events (2 events):
Event: 0.371 Thread 0x000001a8a84b9800 Uncommon trap: reason=null_check action=make_not_entrant pc=0x000001a8aa60344c method=java.lang.String.equals(Ljava/lang/Object;)Z @ 8
Event: 0.437 Thread 0x000001a8a84b9800 Uncommon trap: reason=unstable_if action=reinterpret pc=0x000001a8aa689820 method=sun.misc.MetaIndex.mayContain(Ljava/lang/String;)Z @ 38

Classes redefined (0 events):
No events

Internal exceptions (10 events):
Event: 0.258 Thread 0x000001a8a84b9800 Exception <a 'java/security/PrivilegedActionException'> (0x0000000715efea08) thrown at [C:\wsjdk\Corretto8Src\installers\windows\zip\corretto-build\buildRoot\src\hotspot\src\share\vm\prims\jvm.cpp, line 1524]
Event: 0.258 Thread 0x000001a8a84b9800 Exception <a 'java/security/PrivilegedActionException'> (0x0000000715effde0) thrown at [C:\wsjdk\Corretto8Src\installers\windows\zip\corretto-build\buildRoot\src\hotspot\src\share\vm\prims\jvm.cpp, line 1524]
Event: 0.258 Thread 0x000001a8a84b9800 Exception <a 'java/security/PrivilegedActionException'> (0x0000000715effff0) thrown at [C:\wsjdk\Corretto8Src\installers\windows\zip\corretto-build\buildRoot\src\hotspot\src\share\vm\prims\jvm.cpp, line 1524]
Event: 0.355 Thread 0x000001a8a84b9800 Exception <a 'java/security/PrivilegedActionException'> (0x0000000716130248) thrown at [C:\wsjdk\Corretto8Src\installers\windows\zip\corretto-build\buildRoot\src\hotspot\src\share\vm\prims\jvm.cpp, line 1524]
Event: 0.355 Thread 0x000001a8a84b9800 Exception <a 'java/security/PrivilegedActionException'> (0x0000000716130458) thrown at [C:\wsjdk\Corretto8Src\installers\windows\zip\corretto-build\buildRoot\src\hotspot\src\share\vm\prims\jvm.cpp, line 1524]
Event: 0.356 Thread 0x000001a8a84b9800 Exception <a 'java/security/PrivilegedActionException'> (0x0000000716133510) thrown at [C:\wsjdk\Corretto8Src\installers\windows\zip\corretto-build\buildRoot\src\hotspot\src\share\vm\prims\jvm.cpp, line 1524]
Event: 0.356 Thread 0x000001a8a84b9800 Exception <a 'java/security/PrivilegedActionException'> (0x0000000716133720) thrown at [C:\wsjdk\Corretto8Src\installers\windows\zip\corretto-build\buildRoot\src\hotspot\src\share\vm\prims\jvm.cpp, line 1524]
Event: 0.371 Thread 0x000001a8a84b9800 Implicit null exception at 0x000001a8aa603255 to 0x000001a8aa60343d
Event: 0.399 Thread 0x000001a8a84b9800 Exception <a 'java/io/FileNotFoundException'> (0x0000000716a79bd0) thrown at [C:\wsjdk\Corretto8Src\installers\windows\zip\corretto-build\buildRoot\src\hotspot\src\share\vm\prims\jni.cpp, line 711]
Event: 0.487 Thread 0x000001a8a84b9800 Exception <a 'java/lang/NoSuchMethodError': org.slf4j.impl.StaticMDCBinder.getSingleton()Lorg/slf4j/impl/StaticMDCBinder;> (0x000000071731cb00) thrown at [C:\wsjdk\Corretto8Src\installers\windows\zip\corretto-build\buildRoot\src\hotspot\src\share\vm\inter

Events (10 events):
Event: 1.094 loading class sun/util/locale/provider/TimeZoneNameUtility$TimeZoneNameGetter
Event: 1.094 loading class sun/util/locale/provider/TimeZoneNameUtility$TimeZoneNameGetter done
Event: 1.094 loading class sun/util/resources/TimeZoneNames
Event: 1.095 loading class sun/util/resources/TimeZoneNamesBundle
Event: 1.095 loading class sun/util/resources/TimeZoneNamesBundle done
Event: 1.095 loading class sun/util/resources/TimeZoneNames done
Event: 1.095 loading class sun/util/resources/en/TimeZoneNames_en
Event: 1.095 loading class sun/util/resources/en/TimeZoneNames_en done
Event: 1.095 loading class java/util/LinkedHashMap$LinkedKeySet
Event: 1.095 loading class java/util/LinkedHashMap$LinkedKeySet done


Dynamic libraries:
0x00007ff64e470000 - 0x00007ff64e4aa000 	D:\environment\java_environment\jdk-1.8\bin\java.exe
0x00007ff8211f0000 - 0x00007ff821404000 	C:\WINDOWS\SYSTEM32\ntdll.dll
0x00007ff81f620000 - 0x00007ff81f6e2000 	C:\WINDOWS\System32\KERNEL32.DLL
0x00007ff81e9d0000 - 0x00007ff81ed73000 	C:\WINDOWS\System32\KERNELBASE.dll
0x00007ff8205a0000 - 0x00007ff82064e000 	C:\WINDOWS\System32\ADVAPI32.dll
0x00007ff81fd10000 - 0x00007ff81fdb7000 	C:\WINDOWS\System32\msvcrt.dll
0x00007ff8204f0000 - 0x00007ff820594000 	C:\WINDOWS\System32\sechost.dll
0x00007ff820250000 - 0x00007ff820367000 	C:\WINDOWS\System32\RPCRT4.dll
0x00007ff81f280000 - 0x00007ff81f42b000 	C:\WINDOWS\System32\USER32.dll
0x00007ff81e830000 - 0x00007ff81e856000 	C:\WINDOWS\System32\win32u.dll
0x00007ff81f1f0000 - 0x00007ff81f219000 	C:\WINDOWS\System32\GDI32.dll
0x00007ff81e670000 - 0x00007ff81e788000 	C:\WINDOWS\System32\gdi32full.dll
0x00007ff81e790000 - 0x00007ff81e82a000 	C:\WINDOWS\System32\msvcp_win.dll
0x00007ff81ee40000 - 0x00007ff81ef51000 	C:\WINDOWS\System32\ucrtbase.dll
0x00007ff8036e0000 - 0x00007ff80396e000 	C:\WINDOWS\WinSxS\amd64_microsoft.windows.common-controls_6595b64144ccf1df_6.0.22621.1465_none_271271ab738361f1\COMCTL32.dll
0x00007ff820650000 - 0x00007ff820681000 	C:\WINDOWS\System32\IMM32.DLL
0x00007ff803f10000 - 0x00007ff803fff000 	D:\environment\java_environment\jdk-1.8\jre\bin\msvcr120.dll
0x00007ff803e60000 - 0x00007ff803f06000 	D:\environment\java_environment\jdk-1.8\jre\bin\msvcp120.dll
0x0000000063cf0000 - 0x0000000064566000 	D:\environment\java_environment\jdk-1.8\jre\bin\server\jvm.dll
0x00007ff81fd00000 - 0x00007ff81fd08000 	C:\WINDOWS\System32\PSAPI.DLL
0x00007ff8199a0000 - 0x00007ff8199a9000 	C:\WINDOWS\SYSTEM32\WSOCK32.dll
0x00007ff817c50000 - 0x00007ff817c84000 	C:\WINDOWS\SYSTEM32\WINMM.dll
0x00007ff817f80000 - 0x00007ff817f8a000 	C:\WINDOWS\SYSTEM32\VERSION.dll
0x00007ff820370000 - 0x00007ff8203e1000 	C:\WINDOWS\System32\WS2_32.dll
0x00007ff819c00000 - 0x00007ff819c0f000 	D:\environment\java_environment\jdk-1.8\jre\bin\verify.dll
0x00007ff819800000 - 0x00007ff819829000 	D:\environment\java_environment\jdk-1.8\jre\bin\java.dll
0x00007ff80eb30000 - 0x00007ff80eb5a000 	D:\environment\java_environment\jdk-1.8\jre\bin\instrument.dll
0x00007ff819bb0000 - 0x00007ff819bc6000 	D:\environment\java_environment\jdk-1.8\jre\bin\zip.dll
0x00007ff820690000 - 0x00007ff820e8a000 	C:\WINDOWS\System32\SHELL32.dll
0x00007ff81c5a0000 - 0x00007ff81ce6e000 	C:\WINDOWS\SYSTEM32\windows.storage.dll
0x00007ff81f970000 - 0x00007ff81fcf9000 	C:\WINDOWS\System32\combase.dll
0x00007ff81c460000 - 0x00007ff81c59e000 	C:\WINDOWS\SYSTEM32\wintypes.dll
0x00007ff81f0f0000 - 0x00007ff81f1e1000 	C:\WINDOWS\System32\SHCORE.dll
0x00007ff821050000 - 0x00007ff8210ae000 	C:\WINDOWS\System32\shlwapi.dll
0x00007ff81e530000 - 0x00007ff81e551000 	C:\WINDOWS\SYSTEM32\profapi.dll
0x00007ff818d60000 - 0x00007ff818d7a000 	D:\environment\IDE\IntelliJ IDEA 2021.3.3\bin\breakgen64.dll
0x00007ff818da0000 - 0x00007ff818dba000 	D:\environment\java_environment\jdk-1.8\jre\bin\net.dll
0x00007ff81da70000 - 0x00007ff81dad9000 	C:\WINDOWS\system32\mswsock.dll
0x0000000180000000 - 0x0000000180025000 	D:\environment\java_environment\jdk-1.8\bin\rxtxSerial.dll
0x00007ff81bf30000 - 0x00007ff81c15e000 	C:\WINDOWS\SYSTEM32\dbghelp.dll
0x00007ff81f6f0000 - 0x00007ff81f7c7000 	C:\WINDOWS\System32\OLEAUT32.dll
0x00007ff81ef60000 - 0x00007ff81efdb000 	C:\WINDOWS\System32\bcryptPrimitives.dll

VM Arguments:
jvm_args: -javaagent:D:\environment\IDE\IntelliJ IDEA 2021.3.3\lib\idea_rt.jar=6573:D:\environment\IDE\IntelliJ IDEA 2021.3.3\bin -Dfile.encoding=GBK 
java_command: com.example.ppqppl_inpatient_ward_server.utils.SerialCom
java_class_path (initial): D:\environment\java_environment\jdk-1.8\jre\lib\charsets.jar;D:\environment\java_environment\jdk-1.8\jre\lib\ext\access-bridge-64.jar;D:\environment\java_environment\jdk-1.8\jre\lib\ext\cldrdata.jar;D:\environment\java_environment\jdk-1.8\jre\lib\ext\dnsns.jar;D:\environment\java_environment\jdk-1.8\jre\lib\ext\jaccess.jar;D:\environment\java_environment\jdk-1.8\jre\lib\ext\jfxrt.jar;D:\environment\java_environment\jdk-1.8\jre\lib\ext\localedata.jar;D:\environment\java_environment\jdk-1.8\jre\lib\ext\nashorn.jar;D:\environment\java_environment\jdk-1.8\jre\lib\ext\sunec.jar;D:\environment\java_environment\jdk-1.8\jre\lib\ext\sunjce_provider.jar;D:\environment\java_environment\jdk-1.8\jre\lib\ext\sunmscapi.jar;D:\environment\java_environment\jdk-1.8\jre\lib\ext\sunpkcs11.jar;D:\environment\java_environment\jdk-1.8\jre\lib\ext\zipfs.jar;D:\environment\java_environment\jdk-1.8\jre\lib\jce.jar;D:\environment\java_environment\jdk-1.8\jre\lib\jfr.jar;D:\environment\java_environment\jdk-1.8\jre\lib\jfxswt.jar;D:\environment\java_environment\jdk-1.8\jre\lib\jsse.jar;D:\environment\java_environment\jdk-1.8\jre\lib\management-agent.jar;D:\environment\java_environment\jdk-1.8\jre\lib\resources.jar;D:\environment\java_environment\jdk-1.8\jre\lib\rt.jar;D:\code-file\Ppqppl_Inpatient_Ward_Server\target\classes;C:\Users\ppqpp\.m2\repository\org\springframework\boot\spring-boot-starter-data-jpa\2.2.4.RELEASE\spring-boot-starter-data-jpa-2.2.4.RELEASE.jar;C:\Users\ppqpp\.m2\repository\org\springframework\boot\spring-boot-starter-aop\2.2.4.RELEASE\spring-boot-starter-aop-2.2.4.RELEASE.jar;C:\Users\ppqpp\.m2\repository\org\springframework\spring-aop\5.2.3.RELEASE\spring-aop-5.2.3.RELEASE.jar;C:\Users\ppqpp\.m2\repository\org\aspectj\aspectjweaver\1.9.5\aspectjweaver-1.9.5.jar;C:\Users\ppqpp\.m2\repository\jakarta\activation\jakarta.activation-api\1.2.1\jakarta.activation-api-1.2.1.jar;C:\Users\ppqpp\.m2\repository\jakarta\persistence\jakarta.persistence-api
Launcher Type: SUN_STANDARD

Environment Variables:
JAVA_HOME=D:\environment\java_environment\jdk1.8.0_331
USERNAME=ppqpp
OS=Windows_NT
PROCESSOR_IDENTIFIER=Intel64 Family 6 Model 165 Stepping 2, GenuineIntel



---------------  S Y S T E M  ---------------

OS: Windows 10.0 , 64 bit Build 22621 (10.0.22621.1680)

CPU:total 16 (initial active 16) (8 cores per cpu, 2 threads per core) family 6 model 165 stepping 2, cmov, cx8, fxsr, mmx, sse, sse2, sse3, ssse3, sse4.1, sse4.2, popcnt, avx, avx2, aes, clmul, erms, 3dnowpref, lzcnt, ht, tsc, tscinvbit, bmi1, bmi2, adx

Memory: 4k page, physical 33458992k(22388708k free), swap 35556144k(20056336k free)

vm_info: OpenJDK 64-Bit Server VM (25.322-b06) for windows-amd64 JRE (1.8.0_322-b06), built on Jan 13 2022 23:37:51 by "Administrator" with MS VC++ 12.0 (VS2013)

time: Wed May 17 19:37:20 2023
timezone: ?D1¨²¡À¨º¡Á?¨º¡À??
elapsed time: 3.769235 seconds (0d 0h 0m 3s)

