#
# A fatal error has been detected by the Java Runtime Environment:
#
#  EXCEPTION_ACCESS_VIOLATION (0xc0000005) at pc=0x0000000180005b00, pid=16848, tid=0x0000000000004034
#
# JRE version: OpenJDK Runtime Environment (8.0_322-b06) (build 1.8.0_322-b06)
# Java VM: OpenJDK 64-Bit Server VM (25.322-b06 mixed mode windows-amd64 compressed oops)
# Problematic frame:
# C  [rxtxSerial.dll+0x5b00]
#
# Failed to write core dump. Minidumps are not enabled by default on client versions of Windows
#
# If you would like to submit a bug report, please visit:
#   https://github.com/corretto/corretto-8/issues/
# The crash happened outside the Java Virtual Machine in native code.
# See problematic frame for where to report the bug.
#

---------------  T H R E A D  ---------------

Current thread (0x00000166fe5e6800):  JavaThread "Thread-1" daemon [_thread_in_native, id=16436, stack(0x0000000595600000,0x0000000595700000)]

siginfo: ExceptionCode=0xc0000005, reading address 0xffffffff956ff3d8

Registers:
RAX=0x0000000000000001, RBX=0x0000000000000000, RCX=0x000000018001d4d5, RDX=0xfffffffffffff665
RSP=0x00000005956fe9d0, RBP=0x00000000ffffffff, RSI=0x0000000000000000, RDI=0x00000166fe5e6a58
R8 =0x0000000000000002, R9 =0xfffffffffffff63c, R10=0x0000000000000006, R11=0x8101010101010100
R12=0xffffffff956ff3d0, R13=0x0000000000000007, R14=0x00000005956febb0, R15=0x0000000000000000
RIP=0x0000000180005b00, EFLAGS=0x0000000000010202

Top of Stack: (sp=0x00000005956fe9d0)
0x00000005956fe9d0:   0000000000000000 0000000000000000
0x00000005956fe9e0:   00000005956febb8 0000000000000000
0x00000005956fe9f0:   0000000000000000 00000005956febb0
0x00000005956fea00:   00000166fa6edaf8 0000000000000001
0x00000005956fea10:   00000166fe5e6a58 0000000000000007
0x00000005956fea20:   ffffffffffffffff 0000000180006211
0x00000005956fea30:   00000166f56bc4d0 0000000000000007
0x00000005956fea40:   0000000000000001 00000166f56bc4d0
0x00000005956fea50:   0000016600000007 00000166ffffffff
0x00000005956fea60:   00000005956febb8 00000166fa6edaf8
0x00000005956fea70:   00000166feb75b30 0000000063d8baa5
0x00000005956fea80:   00000005956ff030 00000166fe5e6800
0x00000005956fea90:   00000166fa6edb00 0000000063dfc75c
0x00000005956feaa0:   00000166fa6edb00 000088afd62e0aee
0x00000005956feab0:   00000166fa6edb00 00000166fa6edaf8
0x00000005956feac0:   00000166fe5e6800 00000005956febb8 

Instructions: (pc=0x0000000180005b00)
0x0000000180005ae0:   15 23 7a 01 00 48 8d 48 60 e8 3a 5d 00 00 4c 8b
0x0000000180005af0:   e5 8b ac 24 88 00 00 00 44 8b ac 24 80 00 00 00
0x0000000180005b00:   45 8b 74 24 08 41 89 5c 24 08 41 8b fd 85 ed 78
0x0000000180005b10:   09 ff 15 e9 14 01 00 44 8b f8 45 85 ed 7e 4a 90 


Register to memory mapping:

RAX=0x0000000000000001 is an unknown value
RBX=0x0000000000000000 is an unknown value
RCX=0x000000018001d4d5 is an unknown value
RDX=0xfffffffffffff665 is an unknown value
RSP=0x00000005956fe9d0 is pointing into the stack for thread: 0x00000166fe5e6800
RBP=0x00000000ffffffff is an unknown value
RSI=0x0000000000000000 is an unknown value
RDI=0x00000166fe5e6a58 is an unknown value
R8 =0x0000000000000002 is an unknown value
R9 =0xfffffffffffff63c is an unknown value
R10=0x0000000000000006 is an unknown value
R11=0x8101010101010100 is an unknown value
R12=0xffffffff956ff3d0 is an unknown value
R13=0x0000000000000007 is an unknown value
R14=0x00000005956febb0 is pointing into the stack for thread: 0x00000166fe5e6800
R15=0x0000000000000000 is an unknown value


Stack: [0x0000000595600000,0x0000000595700000],  sp=0x00000005956fe9d0,  free space=1018k
Native frames: (J=compiled Java code, j=interpreted, Vv=VM code, C=native code)
C  [rxtxSerial.dll+0x5b00]
C  [rxtxSerial.dll+0x6211]
C  0x0000016680019c8e

Java frames: (J=compiled Java code, j=interpreted, Vv=VM code)
j  gnu.io.RXTXPort.readArray([BII)I+0
j  gnu.io.RXTXPort$SerialInputStream.read([BII)I+212
j  gnu.io.RXTXPort$SerialInputStream.read([B)I+60
j  com.example.ppqppl_inpatient_ward_server.utils.SerialCom.serialEvent(Lgnu/io/SerialPortEvent;)V+99
j  gnu.io.RXTXPort.sendEvent(IZ)Z+382
v  ~StubRoutines::call_stub
j  gnu.io.RXTXPort.eventLoop()V+0
j  gnu.io.RXTXPort$MonitorThread.run()V+12
v  ~StubRoutines::call_stub

---------------  P R O C E S S  ---------------

Java Threads: ( => current thread )
  0x00000166f56a9800 JavaThread "DestroyJavaVM" [_thread_blocked, id=26848, stack(0x0000000593400000,0x0000000593500000)]
  0x00000166fe5e7800 JavaThread "Thread-0" [_thread_in_Java, id=17812, stack(0x0000000595700000,0x0000000595800000)]
=>0x00000166fe5e6800 JavaThread "Thread-1" daemon [_thread_in_native, id=16436, stack(0x0000000595600000,0x0000000595700000)]
  0x00000166fdf9a000 JavaThread "Service Thread" daemon [_thread_blocked, id=18640, stack(0x0000000595400000,0x0000000595500000)]
  0x00000166fe061800 JavaThread "C1 CompilerThread11" daemon [_thread_blocked, id=6380, stack(0x0000000595300000,0x0000000595400000)]
  0x00000166fe05a000 JavaThread "C1 CompilerThread10" daemon [_thread_blocked, id=20444, stack(0x0000000595200000,0x0000000595300000)]
  0x00000166fe045800 JavaThread "C1 CompilerThread9" daemon [_thread_blocked, id=25308, stack(0x0000000595100000,0x0000000595200000)]
  0x00000166fe024800 JavaThread "C1 CompilerThread8" daemon [_thread_blocked, id=26992, stack(0x0000000595000000,0x0000000595100000)]
  0x00000166fe00a000 JavaThread "C2 CompilerThread7" daemon [_thread_blocked, id=16476, stack(0x0000000594f00000,0x0000000595000000)]
  0x00000166fe001000 JavaThread "C2 CompilerThread6" daemon [_thread_blocked, id=6636, stack(0x0000000594e00000,0x0000000594f00000)]
  0x00000166fdfff800 JavaThread "C2 CompilerThread5" daemon [_thread_blocked, id=4348, stack(0x0000000594d00000,0x0000000594e00000)]
  0x00000166fdffe800 JavaThread "C2 CompilerThread4" daemon [_thread_blocked, id=4352, stack(0x0000000594c00000,0x0000000594d00000)]
  0x00000166fdff4000 JavaThread "C2 CompilerThread3" daemon [_thread_blocked, id=5704, stack(0x0000000594b00000,0x0000000594c00000)]
  0x00000166fdff3000 JavaThread "C2 CompilerThread2" daemon [_thread_blocked, id=22716, stack(0x0000000594a00000,0x0000000594b00000)]
  0x00000166fdff1800 JavaThread "C2 CompilerThread1" daemon [_thread_blocked, id=25024, stack(0x0000000594900000,0x0000000594a00000)]
  0x00000166fdff0800 JavaThread "C2 CompilerThread0" daemon [_thread_blocked, id=30100, stack(0x0000000594800000,0x0000000594900000)]
  0x00000166fdf99000 JavaThread "Monitor Ctrl-Break" daemon [_thread_in_native, id=25092, stack(0x0000000594700000,0x0000000594800000)]
  0x00000166fcc73000 JavaThread "Attach Listener" daemon [_thread_blocked, id=19268, stack(0x0000000594600000,0x0000000594700000)]
  0x00000166fccc8800 JavaThread "Signal Dispatcher" daemon [_thread_blocked, id=11844, stack(0x0000000594500000,0x0000000594600000)]
  0x00000166fcc52000 JavaThread "Finalizer" daemon [_thread_blocked, id=30644, stack(0x0000000594400000,0x0000000594500000)]
  0x00000166faf4e800 JavaThread "Reference Handler" daemon [_thread_blocked, id=24388, stack(0x0000000594300000,0x0000000594400000)]

Other Threads:
  0x00000166fcc31800 VMThread [stack: 0x0000000594200000,0x0000000594300000] [id=10916]
  0x00000166fe0e0800 WatcherThread [stack: 0x0000000595500000,0x0000000595600000] [id=23376]

VM state:not at safepoint (normal execution)

VM Mutex/Monitor currently owned by a thread: None

heap address: 0x00000005c1600000, size: 8170 MB, Compressed Oops mode: Zero based, Oop shift amount: 3
Narrow klass base: 0x0000000000000000, Narrow klass shift: 3
Compressed class space size: 1073741824 Address: 0x00000007c0000000

Heap:
 PSYoungGen      total 153088K, used 34212K [0x0000000715d00000, 0x0000000720780000, 0x00000007c0000000)
  eden space 131584K, 26% used [0x0000000715d00000,0x0000000717e69330,0x000000071dd80000)
  from space 21504K, 0% used [0x000000071f280000,0x000000071f280000,0x0000000720780000)
  to   space 21504K, 0% used [0x000000071dd80000,0x000000071dd80000,0x000000071f280000)
 ParOldGen       total 349696K, used 0K [0x00000005c1600000, 0x00000005d6b80000, 0x0000000715d00000)
  object space 349696K, 0% used [0x00000005c1600000,0x00000005c1600000,0x00000005d6b80000)
 Metaspace       used 5353K, capacity 5532K, committed 5760K, reserved 1056768K
  class space    used 580K, capacity 628K, committed 640K, reserved 1048576K

Card table byte_map: [0x00000166f77c0000,0x00000166f87c0000] byte_map_base: 0x00000166f49b5000

Marking Bits: (ParMarkBitMap*) 0x00000000644e7860
 Begin Bits: [0x000001668f000000, 0x0000016696fa8000)
 End Bits:   [0x0000016696fa8000, 0x000001669ef50000)

Polling page: 0x00000166f5820000

CodeCache: size=245760Kb used=3765Kb max_used=3781Kb free=241994Kb
 bounds [0x0000016680000000, 0x00000166803c0000, 0x000001668f000000]
 total_blobs=621 nmethods=332 adapters=199
 compilation: enabled

Compilation events (10 events):
Event: 1.074 Thread 0x00000166fe024800 nmethod 325 0x00000166803abc10 code [0x00000166803abda0, 0x00000166803ac1f8]
Event: 1.074 Thread 0x00000166fe05a000  329       1       java.util.LinkedHashMap::removeEldestEntry (2 bytes)
Event: 1.074 Thread 0x00000166fe05a000 nmethod 329 0x0000016680390910 code [0x0000016680390a60, 0x0000016680390b78]
Event: 1.074 Thread 0x00000166fe061800 nmethod 328 0x00000166803ab390 code [0x00000166803ab520, 0x00000166803aba70]
Event: 1.075 Thread 0x00000166fe045800  330  s    3       java.util.Hashtable::put (104 bytes)
Event: 1.075 Thread 0x00000166fe024800  331       3       java.util.Hashtable::addEntry (87 bytes)
Event: 1.075 Thread 0x00000166fe05a000  332       3       java.util.Hashtable$Entry::<init> (26 bytes)
Event: 1.075 Thread 0x00000166fe05a000 nmethod 332 0x00000166803aaf50 code [0x00000166803ab0a0, 0x00000166803ab2b8]
Event: 1.076 Thread 0x00000166fe024800 nmethod 331 0x00000166803aa410 code [0x00000166803aa5c0, 0x00000166803aac20]
Event: 1.076 Thread 0x00000166fe045800 nmethod 330 0x00000166803a9710 code [0x00000166803a98e0, 0x00000166803aa0a0]

GC Heap History (0 events):
No events

Deoptimization events (1 events):
Event: 0.377 Thread 0x00000166f56a9800 Uncommon trap: reason=null_check action=make_not_entrant pc=0x00000166802d500c method=java.lang.String.equals(Ljava/lang/Object;)Z @ 8

Classes redefined (0 events):
No events

Internal exceptions (10 events):
Event: 0.277 Thread 0x00000166f56a9800 Exception <a 'java/security/PrivilegedActionException'> (0x0000000715efea08) thrown at [C:\wsjdk\Corretto8Src\installers\windows\zip\corretto-build\buildRoot\src\hotspot\src\share\vm\prims\jvm.cpp, line 1524]
Event: 0.277 Thread 0x00000166f56a9800 Exception <a 'java/security/PrivilegedActionException'> (0x0000000715effde0) thrown at [C:\wsjdk\Corretto8Src\installers\windows\zip\corretto-build\buildRoot\src\hotspot\src\share\vm\prims\jvm.cpp, line 1524]
Event: 0.277 Thread 0x00000166f56a9800 Exception <a 'java/security/PrivilegedActionException'> (0x0000000715effff0) thrown at [C:\wsjdk\Corretto8Src\installers\windows\zip\corretto-build\buildRoot\src\hotspot\src\share\vm\prims\jvm.cpp, line 1524]
Event: 0.361 Thread 0x00000166f56a9800 Exception <a 'java/security/PrivilegedActionException'> (0x0000000716130248) thrown at [C:\wsjdk\Corretto8Src\installers\windows\zip\corretto-build\buildRoot\src\hotspot\src\share\vm\prims\jvm.cpp, line 1524]
Event: 0.361 Thread 0x00000166f56a9800 Exception <a 'java/security/PrivilegedActionException'> (0x0000000716130458) thrown at [C:\wsjdk\Corretto8Src\installers\windows\zip\corretto-build\buildRoot\src\hotspot\src\share\vm\prims\jvm.cpp, line 1524]
Event: 0.361 Thread 0x00000166f56a9800 Exception <a 'java/security/PrivilegedActionException'> (0x0000000716133510) thrown at [C:\wsjdk\Corretto8Src\installers\windows\zip\corretto-build\buildRoot\src\hotspot\src\share\vm\prims\jvm.cpp, line 1524]
Event: 0.361 Thread 0x00000166f56a9800 Exception <a 'java/security/PrivilegedActionException'> (0x0000000716133720) thrown at [C:\wsjdk\Corretto8Src\installers\windows\zip\corretto-build\buildRoot\src\hotspot\src\share\vm\prims\jvm.cpp, line 1524]
Event: 0.377 Thread 0x00000166f56a9800 Implicit null exception at 0x00000166802d4e15 to 0x00000166802d4ffd
Event: 0.404 Thread 0x00000166f56a9800 Exception <a 'java/io/FileNotFoundException'> (0x0000000716d0baa0) thrown at [C:\wsjdk\Corretto8Src\installers\windows\zip\corretto-build\buildRoot\src\hotspot\src\share\vm\prims\jni.cpp, line 711]
Event: 0.496 Thread 0x00000166f56a9800 Exception <a 'java/lang/NoSuchMethodError': org.slf4j.impl.StaticMDCBinder.getSingleton()Lorg/slf4j/impl/StaticMDCBinder;> (0x000000071708aaf8) thrown at [C:\wsjdk\Corretto8Src\installers\windows\zip\corretto-build\buildRoot\src\hotspot\src\share\vm\inter

Events (10 events):
Event: 1.071 loading class sun/util/resources/TimeZoneNames
Event: 1.072 loading class sun/util/resources/TimeZoneNamesBundle
Event: 1.072 loading class sun/util/resources/TimeZoneNamesBundle done
Event: 1.072 loading class sun/util/resources/TimeZoneNames done
Event: 1.072 loading class sun/util/resources/en/TimeZoneNames_en
Event: 1.072 loading class sun/util/resources/en/TimeZoneNames_en done
Event: 1.072 loading class java/util/LinkedHashMap$LinkedKeySet
Event: 1.072 loading class java/util/LinkedHashMap$LinkedKeySet done
Event: 4.380 Executing VM operation: EnableBiasedLocking
Event: 4.381 Executing VM operation: EnableBiasedLocking done


Dynamic libraries:
0x00007ff64e470000 - 0x00007ff64e4aa000 	D:\environment\java_environment\jdk-1.8\bin\java.exe
0x00007ff8211f0000 - 0x00007ff821404000 	C:\WINDOWS\SYSTEM32\ntdll.dll
0x00007ff81f620000 - 0x00007ff81f6e2000 	C:\WINDOWS\System32\KERNEL32.DLL
0x00007ff81e9d0000 - 0x00007ff81ed73000 	C:\WINDOWS\System32\KERNELBASE.dll
0x00007ff8205a0000 - 0x00007ff82064e000 	C:\WINDOWS\System32\ADVAPI32.dll
0x00007ff81fd10000 - 0x00007ff81fdb7000 	C:\WINDOWS\System32\msvcrt.dll
0x00007ff8204f0000 - 0x00007ff820594000 	C:\WINDOWS\System32\sechost.dll
0x00007ff820250000 - 0x00007ff820367000 	C:\WINDOWS\System32\RPCRT4.dll
0x00007ff81f280000 - 0x00007ff81f42b000 	C:\WINDOWS\System32\USER32.dll
0x00007ff81e830000 - 0x00007ff81e856000 	C:\WINDOWS\System32\win32u.dll
0x00007ff81f1f0000 - 0x00007ff81f219000 	C:\WINDOWS\System32\GDI32.dll
0x00007ff81e670000 - 0x00007ff81e788000 	C:\WINDOWS\System32\gdi32full.dll
0x00007ff81e790000 - 0x00007ff81e82a000 	C:\WINDOWS\System32\msvcp_win.dll
0x00007ff81ee40000 - 0x00007ff81ef51000 	C:\WINDOWS\System32\ucrtbase.dll
0x00007ff8036e0000 - 0x00007ff80396e000 	C:\WINDOWS\WinSxS\amd64_microsoft.windows.common-controls_6595b64144ccf1df_6.0.22621.1465_none_271271ab738361f1\COMCTL32.dll
0x00007ff820650000 - 0x00007ff820681000 	C:\WINDOWS\System32\IMM32.DLL
0x00007ff803f10000 - 0x00007ff803fff000 	D:\environment\java_environment\jdk-1.8\jre\bin\msvcr120.dll
0x00007ff803e60000 - 0x00007ff803f06000 	D:\environment\java_environment\jdk-1.8\jre\bin\msvcp120.dll
0x0000000063cf0000 - 0x0000000064566000 	D:\environment\java_environment\jdk-1.8\jre\bin\server\jvm.dll
0x00007ff81fd00000 - 0x00007ff81fd08000 	C:\WINDOWS\System32\PSAPI.DLL
0x00007ff8199a0000 - 0x00007ff8199a9000 	C:\WINDOWS\SYSTEM32\WSOCK32.dll
0x00007ff817f80000 - 0x00007ff817f8a000 	C:\WINDOWS\SYSTEM32\VERSION.dll
0x00007ff817c50000 - 0x00007ff817c84000 	C:\WINDOWS\SYSTEM32\WINMM.dll
0x00007ff820370000 - 0x00007ff8203e1000 	C:\WINDOWS\System32\WS2_32.dll
0x00007ff819c00000 - 0x00007ff819c0f000 	D:\environment\java_environment\jdk-1.8\jre\bin\verify.dll
0x00007ff819800000 - 0x00007ff819829000 	D:\environment\java_environment\jdk-1.8\jre\bin\java.dll
0x00007ff804620000 - 0x00007ff80464a000 	D:\environment\java_environment\jdk-1.8\jre\bin\instrument.dll
0x00007ff819bb0000 - 0x00007ff819bc6000 	D:\environment\java_environment\jdk-1.8\jre\bin\zip.dll
0x00007ff820690000 - 0x00007ff820e8a000 	C:\WINDOWS\System32\SHELL32.dll
0x00007ff81c5a0000 - 0x00007ff81ce6e000 	C:\WINDOWS\SYSTEM32\windows.storage.dll
0x00007ff81f970000 - 0x00007ff81fcf9000 	C:\WINDOWS\System32\combase.dll
0x00007ff81c460000 - 0x00007ff81c59e000 	C:\WINDOWS\SYSTEM32\wintypes.dll
0x00007ff81f0f0000 - 0x00007ff81f1e1000 	C:\WINDOWS\System32\SHCORE.dll
0x00007ff821050000 - 0x00007ff8210ae000 	C:\WINDOWS\System32\shlwapi.dll
0x00007ff81e530000 - 0x00007ff81e551000 	C:\WINDOWS\SYSTEM32\profapi.dll
0x00007ff818d60000 - 0x00007ff818d7a000 	D:\environment\IDE\IntelliJ IDEA 2021.3.3\bin\breakgen64.dll
0x00007ff818da0000 - 0x00007ff818dba000 	D:\environment\java_environment\jdk-1.8\jre\bin\net.dll
0x00007ff81da70000 - 0x00007ff81dad9000 	C:\WINDOWS\system32\mswsock.dll
0x0000000180000000 - 0x0000000180025000 	D:\environment\java_environment\jdk-1.8\bin\rxtxSerial.dll
0x00007ff81bf30000 - 0x00007ff81c15e000 	C:\WINDOWS\SYSTEM32\dbghelp.dll
0x00007ff81f6f0000 - 0x00007ff81f7c7000 	C:\WINDOWS\System32\OLEAUT32.dll
0x00007ff81ef60000 - 0x00007ff81efdb000 	C:\WINDOWS\System32\bcryptPrimitives.dll

VM Arguments:
jvm_args: -javaagent:D:\environment\IDE\IntelliJ IDEA 2021.3.3\lib\idea_rt.jar=7006:D:\environment\IDE\IntelliJ IDEA 2021.3.3\bin -Dfile.encoding=GBK 
java_command: com.example.ppqppl_inpatient_ward_server.utils.SerialCom
java_class_path (initial): D:\environment\java_environment\jdk-1.8\jre\lib\charsets.jar;D:\environment\java_environment\jdk-1.8\jre\lib\ext\access-bridge-64.jar;D:\environment\java_environment\jdk-1.8\jre\lib\ext\cldrdata.jar;D:\environment\java_environment\jdk-1.8\jre\lib\ext\dnsns.jar;D:\environment\java_environment\jdk-1.8\jre\lib\ext\jaccess.jar;D:\environment\java_environment\jdk-1.8\jre\lib\ext\jfxrt.jar;D:\environment\java_environment\jdk-1.8\jre\lib\ext\localedata.jar;D:\environment\java_environment\jdk-1.8\jre\lib\ext\nashorn.jar;D:\environment\java_environment\jdk-1.8\jre\lib\ext\sunec.jar;D:\environment\java_environment\jdk-1.8\jre\lib\ext\sunjce_provider.jar;D:\environment\java_environment\jdk-1.8\jre\lib\ext\sunmscapi.jar;D:\environment\java_environment\jdk-1.8\jre\lib\ext\sunpkcs11.jar;D:\environment\java_environment\jdk-1.8\jre\lib\ext\zipfs.jar;D:\environment\java_environment\jdk-1.8\jre\lib\jce.jar;D:\environment\java_environment\jdk-1.8\jre\lib\jfr.jar;D:\environment\java_environment\jdk-1.8\jre\lib\jfxswt.jar;D:\environment\java_environment\jdk-1.8\jre\lib\jsse.jar;D:\environment\java_environment\jdk-1.8\jre\lib\management-agent.jar;D:\environment\java_environment\jdk-1.8\jre\lib\resources.jar;D:\environment\java_environment\jdk-1.8\jre\lib\rt.jar;D:\code-file\Ppqppl_Inpatient_Ward_Server\target\classes;C:\Users\ppqpp\.m2\repository\org\springframework\boot\spring-boot-starter-data-jpa\2.2.4.RELEASE\spring-boot-starter-data-jpa-2.2.4.RELEASE.jar;C:\Users\ppqpp\.m2\repository\org\springframework\boot\spring-boot-starter-aop\2.2.4.RELEASE\spring-boot-starter-aop-2.2.4.RELEASE.jar;C:\Users\ppqpp\.m2\repository\org\springframework\spring-aop\5.2.3.RELEASE\spring-aop-5.2.3.RELEASE.jar;C:\Users\ppqpp\.m2\repository\org\aspectj\aspectjweaver\1.9.5\aspectjweaver-1.9.5.jar;C:\Users\ppqpp\.m2\repository\jakarta\activation\jakarta.activation-api\1.2.1\jakarta.activation-api-1.2.1.jar;C:\Users\ppqpp\.m2\repository\jakarta\persistence\jakarta.persistence-api
Launcher Type: SUN_STANDARD

Environment Variables:
JAVA_HOME=D:\environment\java_environment\jdk1.8.0_331
USERNAME=ppqpp
OS=Windows_NT
PROCESSOR_IDENTIFIER=Intel64 Family 6 Model 165 Stepping 2, GenuineIntel



---------------  S Y S T E M  ---------------

OS: Windows 10.0 , 64 bit Build 22621 (10.0.22621.1680)

CPU:total 16 (initial active 16) (8 cores per cpu, 2 threads per core) family 6 model 165 stepping 2, cmov, cx8, fxsr, mmx, sse, sse2, sse3, ssse3, sse4.1, sse4.2, popcnt, avx, avx2, aes, clmul, erms, 3dnowpref, lzcnt, ht, tsc, tscinvbit, bmi1, bmi2, adx

Memory: 4k page, physical 33458992k(22367136k free), swap 35556144k(19937976k free)

vm_info: OpenJDK 64-Bit Server VM (25.322-b06) for windows-amd64 JRE (1.8.0_322-b06), built on Jan 13 2022 23:37:51 by "Administrator" with MS VC++ 12.0 (VS2013)

time: Wed May 17 19:39:43 2023
timezone: ?D1¨²¡À¨º¡Á?¨º¡À??
elapsed time: 23.417840 seconds (0d 0h 0m 23s)

