#
# A fatal error has been detected by the Java Runtime Environment:
#
#  EXCEPTION_ACCESS_VIOLATION (0xc0000005) at pc=0x0000026db25a5b00, pid=15452, tid=0x0000000000003f8c
#
# JRE version: OpenJDK Runtime Environment (8.0_322-b06) (build 1.8.0_322-b06)
# Java VM: OpenJDK 64-Bit Server VM (25.322-b06 mixed mode windows-amd64 compressed oops)
# Problematic frame:
# C  [rxtxSerial.dll+0x5b00]
#
# Failed to write core dump. Minidumps are not enabled by default on client versions of Windows
#
# If you would like to submit a bug report, please visit:
#   https://github.com/corretto/corretto-8/issues/
# The crash happened outside the Java Virtual Machine in native code.
# See problematic frame for where to report the bug.
#

---------------  T H R E A D  ---------------

Current thread (0x0000026db5041000):  JavaThread "Thread-13" daemon [_thread_in_native, id=16268, stack(0x000000f862a00000,0x000000f862b00000)]

siginfo: ExceptionCode=0xc0000005, reading address 0x0000000062afec98

Registers:
RAX=0x0000000000000001, RBX=0x0000000000000000, RCX=0x0000026db25bd4d5, RDX=0xfffffffffffff665
RSP=0x000000f862afe250, RBP=0x00000000ffffffff, RSI=0x0000000000000000, RDI=0x0000026db5041258
R8 =0x0000000000000002, R9 =0xfffffffffffff63c, R10=0x0000000000000058, R11=0x8101010101010100
R12=0x0000000062afec90, R13=0x0000000000000007, R14=0x000000f862afe430, R15=0x0000000000000000
RIP=0x0000026db25a5b00, EFLAGS=0x0000000000010202

Top of Stack: (sp=0x000000f862afe250)
0x000000f862afe250:   0000000000000000 0000000000000000
0x000000f862afe260:   000000f862afe438 0000000000000000
0x000000f862afe270:   0000000000000000 000000f862afe430
0x000000f862afe280:   0000026db6c05fe8 0000000000000001
0x000000f862afe290:   0000026db5041258 0000000000000007
0x000000f862afe2a0:   ffffffffffffffff 0000026db25a6211
0x000000f862afe2b0:   0000026db1eee3c0 0000000000000007
0x000000f862afe2c0:   0000000000000001 0000026db1eee3c0
0x000000f862afe2d0:   0000026d00000007 0000026dffffffff
0x000000f862afe2e0:   000000f862afe438 0000026db6c05fe8
0x000000f862afe2f0:   0000026db569baf0 0000000063d8baa5
0x000000f862afe300:   000000f862afe8b0 0000026db5041000
0x000000f862afe310:   0000026db6c05ff0 0000000063dfc75c
0x000000f862afe320:   0000026db6c05ff0 0000886faefcaa8b
0x000000f862afe330:   0000026db6c05ff0 0000026db6c05fe8
0x000000f862afe340:   0000026db5041000 000000f862afe438 

Instructions: (pc=0x0000026db25a5b00)
0x0000026db25a5ae0:   15 23 7a 01 00 48 8d 48 60 e8 3a 5d 00 00 4c 8b
0x0000026db25a5af0:   e5 8b ac 24 88 00 00 00 44 8b ac 24 80 00 00 00
0x0000026db25a5b00:   45 8b 74 24 08 41 89 5c 24 08 41 8b fd 85 ed 78
0x0000026db25a5b10:   09 ff 15 e9 14 01 00 44 8b f8 45 85 ed 7e 4a 90 


Register to memory mapping:

RAX=0x0000000000000001 is an unknown value
RBX=0x0000000000000000 is an unknown value
RCX=0x0000026db25bd4d5 is an unknown value
RDX=0xfffffffffffff665 is an unknown value
RSP=0x000000f862afe250 is pointing into the stack for thread: 0x0000026db5041000
RBP=0x00000000ffffffff is an unknown value
RSI=0x0000000000000000 is an unknown value
RDI=0x0000026db5041258 is an unknown value
R8 =0x0000000000000002 is an unknown value
R9 =0xfffffffffffff63c is an unknown value
R10=0x0000000000000058 is an unknown value
R11=0x8101010101010100 is an unknown value
R12=0x0000000062afec90 is an unknown value
R13=0x0000000000000007 is an unknown value
R14=0x000000f862afe430 is pointing into the stack for thread: 0x0000026db5041000
R15=0x0000000000000000 is an unknown value


Stack: [0x000000f862a00000,0x000000f862b00000],  sp=0x000000f862afe250,  free space=1016k
Native frames: (J=compiled Java code, j=interpreted, Vv=VM code, C=native code)
C  [rxtxSerial.dll+0x5b00]
C  [rxtxSerial.dll+0x6211]
C  0x0000026d8c009c8e

Java frames: (J=compiled Java code, j=interpreted, Vv=VM code)
j  gnu.io.RXTXPort.readArray([BII)I+0
j  gnu.io.RXTXPort$SerialInputStream.read([BII)I+212
j  gnu.io.RXTXPort$SerialInputStream.read([B)I+60
j  com.example.ppqppl_inpatient_ward_server.utils.SerialCom.serialEvent(Lgnu/io/SerialPortEvent;)V+99
j  gnu.io.RXTXPort.sendEvent(IZ)Z+382
v  ~StubRoutines::call_stub
j  gnu.io.RXTXPort.eventLoop()V+0
j  gnu.io.RXTXPort$MonitorThread.run()V+12
v  ~StubRoutines::call_stub

---------------  P R O C E S S  ---------------

Java Threads: ( => current thread )
  0x0000026db5046800 JavaThread "RMI TCP Connection(idle)" daemon [_thread_blocked, id=13740, stack(0x000000f861100000,0x000000f861200000)]
  0x0000026db5046000 JavaThread "RMI TCP Connection(5)-192.168.180.1" daemon [_thread_in_native, id=12916, stack(0x000000f861000000,0x000000f861100000)]
  0x0000026db5047800 JavaThread "DestroyJavaVM" [_thread_blocked, id=24276, stack(0x000000f85ed00000,0x000000f85ee00000)]
  0x0000026db5045000 JavaThread "Thread-12" [_thread_in_Java, id=16260, stack(0x000000f862b00000,0x000000f862c00000)]
=>0x0000026db5041000 JavaThread "Thread-13" daemon [_thread_in_native, id=16268, stack(0x000000f862a00000,0x000000f862b00000)]
  0x0000026db503d000 JavaThread "http-nio-8081-Acceptor" daemon [_thread_in_native, id=23772, stack(0x000000f862900000,0x000000f862a00000)]
  0x0000026db5044800 JavaThread "http-nio-8081-ClientPoller" daemon [_thread_in_native, id=28476, stack(0x000000f862800000,0x000000f862900000)]
  0x0000026db503c800 JavaThread "http-nio-8081-exec-10" daemon [_thread_blocked, id=21624, stack(0x000000f862700000,0x000000f862800000)]
  0x0000026db5043800 JavaThread "http-nio-8081-exec-9" daemon [_thread_blocked, id=23424, stack(0x000000f862600000,0x000000f862700000)]
  0x0000026db5042800 JavaThread "http-nio-8081-exec-8" daemon [_thread_blocked, id=26528, stack(0x000000f862500000,0x000000f862600000)]
  0x0000026db5042000 JavaThread "http-nio-8081-exec-7" daemon [_thread_blocked, id=25348, stack(0x000000f862400000,0x000000f862500000)]
  0x0000026db503e000 JavaThread "http-nio-8081-exec-6" daemon [_thread_blocked, id=7816, stack(0x000000f862300000,0x000000f862400000)]
  0x0000026db503f800 JavaThread "http-nio-8081-exec-5" daemon [_thread_blocked, id=2820, stack(0x000000f862200000,0x000000f862300000)]
  0x0000026db5040800 JavaThread "http-nio-8081-exec-4" daemon [_thread_blocked, id=28284, stack(0x000000f862100000,0x000000f862200000)]
  0x0000026db503f000 JavaThread "http-nio-8081-exec-3" daemon [_thread_blocked, id=25316, stack(0x000000f862000000,0x000000f862100000)]
  0x0000026db503b800 JavaThread "http-nio-8081-exec-2" daemon [_thread_blocked, id=19256, stack(0x000000f861f00000,0x000000f862000000)]
  0x0000026db503b000 JavaThread "http-nio-8081-exec-1" daemon [_thread_blocked, id=23560, stack(0x000000f861e00000,0x000000f861f00000)]
  0x0000026db1c1f800 JavaThread "http-nio-8081-BlockPoller" daemon [_thread_in_native, id=704, stack(0x000000f861d00000,0x000000f861e00000)]
  0x0000026db1c1e800 JavaThread "File Watcher" daemon [_thread_blocked, id=22448, stack(0x000000f861c00000,0x000000f861d00000)]
  0x0000026db1c1e000 JavaThread "Live Reload Server" daemon [_thread_in_native, id=4852, stack(0x000000f861b00000,0x000000f861c00000)]
  0x0000026db1c1c800 JavaThread "HikariPool-1 housekeeper" daemon [_thread_blocked, id=19908, stack(0x000000f861900000,0x000000f861a00000)]
  0x0000026db36e1800 JavaThread "mysql-cj-abandoned-connection-cleanup" daemon [_thread_blocked, id=30332, stack(0x000000f861700000,0x000000f861800000)]
  0x0000026db367b000 JavaThread "container-0" [_thread_blocked, id=18156, stack(0x000000f861600000,0x000000f861700000)]
  0x0000026db367a800 JavaThread "Catalina-utility-2" [_thread_blocked, id=17856, stack(0x000000f861500000,0x000000f861600000)]
  0x0000026db3644000 JavaThread "Catalina-utility-1" [_thread_blocked, id=11576, stack(0x000000f861400000,0x000000f861500000)]
  0x0000026db2f84800 JavaThread "RMI Scheduler(0)" daemon [_thread_blocked, id=5880, stack(0x000000f861300000,0x000000f861400000)]
  0x0000026db0bb3000 JavaThread "RMI TCP Connection(2)-192.168.180.1" daemon [_thread_in_native, id=24056, stack(0x000000f861200000,0x000000f861300000)]
  0x0000026db1f61000 JavaThread "RMI TCP Accept-0" daemon [_thread_in_native, id=28820, stack(0x000000f860e00000,0x000000f860f00000)]
  0x0000026db1cea800 JavaThread "Service Thread" daemon [_thread_blocked, id=5072, stack(0x000000f860d00000,0x000000f860e00000)]
  0x0000026db1c21000 JavaThread "C1 CompilerThread11" daemon [_thread_blocked, id=11596, stack(0x000000f860c00000,0x000000f860d00000)]
  0x0000026db1c1b800 JavaThread "C1 CompilerThread10" daemon [_thread_blocked, id=8228, stack(0x000000f860b00000,0x000000f860c00000)]
  0x0000026db1c20800 JavaThread "C1 CompilerThread9" daemon [_thread_blocked, id=23148, stack(0x000000f860a00000,0x000000f860b00000)]
  0x0000026db1c09000 JavaThread "C1 CompilerThread8" daemon [_thread_blocked, id=21480, stack(0x000000f860900000,0x000000f860a00000)]
  0x0000026db1bf6000 JavaThread "C2 CompilerThread7" daemon [_thread_blocked, id=16496, stack(0x000000f860800000,0x000000f860900000)]
  0x0000026db1bf5000 JavaThread "C2 CompilerThread6" daemon [_thread_blocked, id=26860, stack(0x000000f860700000,0x000000f860800000)]
  0x0000026db1bf2000 JavaThread "C2 CompilerThread5" daemon [_thread_blocked, id=29700, stack(0x000000f860600000,0x000000f860700000)]
  0x0000026db1bf1800 JavaThread "C2 CompilerThread4" daemon [_thread_blocked, id=6120, stack(0x000000f860500000,0x000000f860600000)]
  0x0000026db1bec800 JavaThread "C2 CompilerThread3" daemon [_thread_blocked, id=6076, stack(0x000000f860400000,0x000000f860500000)]
  0x0000026db1bea000 JavaThread "C2 CompilerThread2" daemon [_thread_blocked, id=24828, stack(0x000000f860300000,0x000000f860400000)]
  0x0000026db1be7000 JavaThread "C2 CompilerThread1" daemon [_thread_blocked, id=15564, stack(0x000000f860200000,0x000000f860300000)]
  0x0000026db1be5800 JavaThread "C2 CompilerThread0" daemon [_thread_blocked, id=15804, stack(0x000000f860100000,0x000000f860200000)]
  0x0000026db1bd6000 JavaThread "Monitor Ctrl-Break" daemon [_thread_in_native, id=21208, stack(0x000000f860000000,0x000000f860100000)]
  0x0000026db08c3000 JavaThread "Attach Listener" daemon [_thread_blocked, id=19884, stack(0x000000f85ff00000,0x000000f860000000)]
  0x0000026db086c800 JavaThread "Signal Dispatcher" daemon [_thread_blocked, id=21016, stack(0x000000f85fe00000,0x000000f85ff00000)]
  0x0000026daeb2e800 JavaThread "Finalizer" daemon [_thread_blocked, id=27972, stack(0x000000f85fd00000,0x000000f85fe00000)]
  0x0000026db0842000 JavaThread "Reference Handler" daemon [_thread_blocked, id=22440, stack(0x000000f85fc00000,0x000000f85fd00000)]

Other Threads:
  0x0000026db0821800 VMThread [stack: 0x000000f85fb00000,0x000000f85fc00000] [id=708]
  0x0000026db1f74800 WatcherThread [stack: 0x000000f860f00000,0x000000f861000000] [id=21672]

VM state:not at safepoint (normal execution)

VM Mutex/Monitor currently owned by a thread: None

heap address: 0x00000005c1600000, size: 8170 MB, Compressed Oops mode: Zero based, Oop shift amount: 3
Narrow klass base: 0x0000000000000000, Narrow klass shift: 3
Compressed class space size: 1073741824 Address: 0x00000007c0000000

Heap:
 PSYoungGen      total 235520K, used 42167K [0x0000000715d00000, 0x000000072c080000, 0x00000007c0000000)
  eden space 214016K, 9% used [0x0000000715d00000,0x00000007171356a8,0x0000000722e00000)
  from space 21504K, 99% used [0x0000000722e00000,0x00000007242f8708,0x0000000724300000)
  to   space 22016K, 0% used [0x000000072ab00000,0x000000072ab00000,0x000000072c080000)
 ParOldGen       total 273408K, used 19252K [0x00000005c1600000, 0x00000005d2100000, 0x0000000715d00000)
  object space 273408K, 7% used [0x00000005c1600000,0x00000005c28cd130,0x00000005d2100000)
 Metaspace       used 52886K, capacity 55892K, committed 55936K, reserved 1097728K
  class space    used 7509K, capacity 8047K, committed 8064K, reserved 1048576K

Card table byte_map: [0x0000026d9b3b0000,0x0000026d9c3b0000] byte_map_base: 0x0000026d985a5000

Marking Bits: (ParMarkBitMap*) 0x00000000644e7860
 Begin Bits: [0x0000026d9ce60000, 0x0000026da4e08000)
 End Bits:   [0x0000026da4e08000, 0x0000026dacdb0000)

Polling page: 0x0000026d8bfc0000

CodeCache: size=245760Kb used=10727Kb max_used=10727Kb free=235032Kb
 bounds [0x0000026d8bff0000, 0x0000026d8ca70000, 0x0000026d9aff0000]
 total_blobs=5292 nmethods=4710 adapters=490
 compilation: enabled

Compilation events (10 events):
Event: 7.065 Thread 0x0000026db1c21000 4705       1       java.io.File::length (33 bytes)
Event: 7.066 Thread 0x0000026db1c21000 nmethod 4705 0x0000026d8ca63390 code [0x0000026d8ca63520, 0x0000026d8ca637f0]
Event: 7.068 Thread 0x0000026db1c20800 4707       1       org.springframework.boot.devtools.filewatch.FileSnapshot::<init> (64 bytes)
Event: 7.068 Thread 0x0000026db1c20800 nmethod 4707 0x0000026d8ca639d0 code [0x0000026d8ca63c00, 0x0000026d8ca64290]
Event: 7.481 Thread 0x0000026db1c1b800 4708       1       org.springframework.boot.devtools.filewatch.FileSnapshot::equals (110 bytes)
Event: 7.482 Thread 0x0000026db1c1b800 nmethod 4708 0x0000026d8ca64910 code [0x0000026d8ca64a80, 0x0000026d8ca64e10]
Event: 12.899 Thread 0x0000026db1c21000 4709   !   1       java.io.ObjectInputStream::readObject0 (671 bytes)
Event: 12.899 Thread 0x0000026db1c09000 4710       1       java.io.ObjectInputStream$HandleTable::markDependency (171 bytes)
Event: 12.900 Thread 0x0000026db1c09000 nmethod 4710 0x0000026d8ca65010 code [0x0000026d8ca651e0, 0x0000026d8ca65750]
Event: 12.901 Thread 0x0000026db1c21000 nmethod 4709 0x0000026d8ca65b90 code [0x0000026d8ca66120, 0x0000026d8ca67b50]

GC Heap History (10 events):
Event: 2.425 GC heap before
{Heap before GC invocations=3 (full 1):
 PSYoungGen      total 153088K, used 9083K [0x0000000715d00000, 0x0000000728800000, 0x00000007c0000000)
  eden space 131584K, 0% used [0x0000000715d00000,0x0000000715d00000,0x000000071dd80000)
  from space 21504K, 42% used [0x000000071f280000,0x000000071fb5efe0,0x0000000720780000)
  to   space 21504K, 0% used [0x000000071dd80000,0x000000071dd80000,0x000000071f280000)
 ParOldGen       total 349696K, used 24K [0x00000005c1600000, 0x00000005d6b80000, 0x0000000715d00000)
  object space 349696K, 0% used [0x00000005c1600000,0x00000005c1606000,0x00000005d6b80000)
 Metaspace       used 20520K, capacity 21228K, committed 21296K, reserved 1067008K
  class space    used 2742K, capacity 2919K, committed 2944K, reserved 1048576K
Event: 2.449 GC heap after
Heap after GC invocations=3 (full 1):
 PSYoungGen      total 153088K, used 0K [0x0000000715d00000, 0x0000000728800000, 0x00000007c0000000)
  eden space 131584K, 0% used [0x0000000715d00000,0x0000000715d00000,0x000000071dd80000)
  from space 21504K, 0% used [0x000000071f280000,0x000000071f280000,0x0000000720780000)
  to   space 21504K, 0% used [0x000000071dd80000,0x000000071dd80000,0x000000071f280000)
 ParOldGen       total 180736K, used 8582K [0x00000005c1600000, 0x00000005cc680000, 0x0000000715d00000)
  object space 180736K, 4% used [0x00000005c1600000,0x00000005c1e61ad0,0x00000005cc680000)
 Metaspace       used 20518K, capacity 21222K, committed 21296K, reserved 1067008K
  class space    used 2742K, capacity 2918K, committed 2944K, reserved 1048576K
}
Event: 3.243 GC heap before
{Heap before GC invocations=4 (full 1):
 PSYoungGen      total 153088K, used 131584K [0x0000000715d00000, 0x0000000728800000, 0x00000007c0000000)
  eden space 131584K, 100% used [0x0000000715d00000,0x000000071dd80000,0x000000071dd80000)
  from space 21504K, 0% used [0x000000071f280000,0x000000071f280000,0x0000000720780000)
  to   space 21504K, 0% used [0x000000071dd80000,0x000000071dd80000,0x000000071f280000)
 ParOldGen       total 180736K, used 8582K [0x00000005c1600000, 0x00000005cc680000, 0x0000000715d00000)
  object space 180736K, 4% used [0x00000005c1600000,0x00000005c1e61ad0,0x00000005cc680000)
 Metaspace       used 26527K, capacity 27818K, committed 28032K, reserved 1073152K
  class space    used 3641K, capacity 3903K, committed 3968K, reserved 1048576K
Event: 3.248 GC heap after
Heap after GC invocations=4 (full 1):
 PSYoungGen      total 153088K, used 10151K [0x0000000715d00000, 0x0000000725900000, 0x00000007c0000000)
  eden space 131584K, 0% used [0x0000000715d00000,0x0000000715d00000,0x000000071dd80000)
  from space 21504K, 47% used [0x000000071dd80000,0x000000071e769d58,0x000000071f280000)
  to   space 21504K, 0% used [0x0000000724400000,0x0000000724400000,0x0000000725900000)
 ParOldGen       total 180736K, used 8590K [0x00000005c1600000, 0x00000005cc680000, 0x0000000715d00000)
  object space 180736K, 4% used [0x00000005c1600000,0x00000005c1e63ad0,0x00000005cc680000)
 Metaspace       used 26527K, capacity 27818K, committed 28032K, reserved 1073152K
  class space    used 3641K, capacity 3903K, committed 3968K, reserved 1048576K
}
Event: 3.823 GC heap before
{Heap before GC invocations=5 (full 1):
 PSYoungGen      total 153088K, used 98888K [0x0000000715d00000, 0x0000000725900000, 0x00000007c0000000)
  eden space 131584K, 67% used [0x0000000715d00000,0x000000071b3a83a8,0x000000071dd80000)
  from space 21504K, 47% used [0x000000071dd80000,0x000000071e769d58,0x000000071f280000)
  to   space 21504K, 0% used [0x0000000724400000,0x0000000724400000,0x0000000725900000)
 ParOldGen       total 180736K, used 8590K [0x00000005c1600000, 0x00000005cc680000, 0x0000000715d00000)
  object space 180736K, 4% used [0x00000005c1600000,0x00000005c1e63ad0,0x00000005cc680000)
 Metaspace       used 33549K, capacity 35402K, committed 35496K, reserved 1079296K
  class space    used 4676K, capacity 5035K, committed 5120K, reserved 1048576K
Event: 3.831 GC heap after
Heap after GC invocations=5 (full 1):
 PSYoungGen      total 234496K, used 13216K [0x0000000715d00000, 0x0000000725800000, 0x00000007c0000000)
  eden space 214016K, 0% used [0x0000000715d00000,0x0000000715d00000,0x0000000722e00000)
  from space 20480K, 64% used [0x0000000724400000,0x00000007250e8278,0x0000000725800000)
  to   space 21504K, 0% used [0x0000000722e00000,0x0000000722e00000,0x0000000724300000)
 ParOldGen       total 180736K, used 8598K [0x00000005c1600000, 0x00000005cc680000, 0x0000000715d00000)
  object space 180736K, 4% used [0x00000005c1600000,0x00000005c1e65ad0,0x00000005cc680000)
 Metaspace       used 33549K, capacity 35402K, committed 35496K, reserved 1079296K
  class space    used 4676K, capacity 5035K, committed 5120K, reserved 1048576K
}
Event: 3.831 GC heap before
{Heap before GC invocations=6 (full 2):
 PSYoungGen      total 234496K, used 13216K [0x0000000715d00000, 0x0000000725800000, 0x00000007c0000000)
  eden space 214016K, 0% used [0x0000000715d00000,0x0000000715d00000,0x0000000722e00000)
  from space 20480K, 64% used [0x0000000724400000,0x00000007250e8278,0x0000000725800000)
  to   space 21504K, 0% used [0x0000000722e00000,0x0000000722e00000,0x0000000724300000)
 ParOldGen       total 180736K, used 8598K [0x00000005c1600000, 0x00000005cc680000, 0x0000000715d00000)
  object space 180736K, 4% used [0x00000005c1600000,0x00000005c1e65ad0,0x00000005cc680000)
 Metaspace       used 33549K, capacity 35402K, committed 35496K, reserved 1079296K
  class space    used 4676K, capacity 5035K, committed 5120K, reserved 1048576K
Event: 3.859 GC heap after
Heap after GC invocations=6 (full 2):
 PSYoungGen      total 234496K, used 0K [0x0000000715d00000, 0x0000000725800000, 0x00000007c0000000)
  eden space 214016K, 0% used [0x0000000715d00000,0x0000000715d00000,0x0000000722e00000)
  from space 20480K, 0% used [0x0000000724400000,0x0000000724400000,0x0000000725800000)
  to   space 21504K, 0% used [0x0000000722e00000,0x0000000722e00000,0x0000000724300000)
 ParOldGen       total 273408K, used 18033K [0x00000005c1600000, 0x00000005d2100000, 0x0000000715d00000)
  object space 273408K, 6% used [0x00000005c1600000,0x00000005c279c760,0x00000005d2100000)
 Metaspace       used 33549K, capacity 35402K, committed 35496K, reserved 1079296K
  class space    used 4676K, capacity 5035K, committed 5120K, reserved 1048576K
}
Event: 5.484 GC heap before
{Heap before GC invocations=7 (full 2):
 PSYoungGen      total 234496K, used 214016K [0x0000000715d00000, 0x0000000725800000, 0x00000007c0000000)
  eden space 214016K, 100% used [0x0000000715d00000,0x0000000722e00000,0x0000000722e00000)
  from space 20480K, 0% used [0x0000000724400000,0x0000000724400000,0x0000000725800000)
  to   space 21504K, 0% used [0x0000000722e00000,0x0000000722e00000,0x0000000724300000)
 ParOldGen       total 273408K, used 18033K [0x00000005c1600000, 0x00000005d2100000, 0x0000000715d00000)
  object space 273408K, 6% used [0x00000005c1600000,0x00000005c279c760,0x00000005d2100000)
 Metaspace       used 52632K, capacity 55520K, committed 55680K, reserved 1097728K
  class space    used 7468K, capacity 7998K, committed 8064K, reserved 1048576K
Event: 5.500 GC heap after
Heap after GC invocations=7 (full 2):
 PSYoungGen      total 235520K, used 21473K [0x0000000715d00000, 0x000000072c080000, 0x00000007c0000000)
  eden space 214016K, 0% used [0x0000000715d00000,0x0000000715d00000,0x0000000722e00000)
  from space 21504K, 99% used [0x0000000722e00000,0x00000007242f8708,0x0000000724300000)
  to   space 22016K, 0% used [0x000000072ab00000,0x000000072ab00000,0x000000072c080000)
 ParOldGen       total 273408K, used 19252K [0x00000005c1600000, 0x00000005d2100000, 0x0000000715d00000)
  object space 273408K, 7% used [0x00000005c1600000,0x00000005c28cd130,0x00000005d2100000)
 Metaspace       used 52632K, capacity 55520K, committed 55680K, reserved 1097728K
  class space    used 7468K, capacity 7998K, committed 8064K, reserved 1048576K
}

Deoptimization events (0 events):
No events

Classes redefined (0 events):
No events

Internal exceptions (10 events):
Event: 5.114 Thread 0x0000026db218f000 Exception <a 'java/lang/ClassNotFoundException': org/springframework/web/servlet/config/annotation/WebMvcConfigurationSupportCustomizer> (0x000000072057c918) thrown at [C:\wsjdk\Corretto8Src\installers\windows\zip\corretto-build\buildRoot\src\hotspot\src\
Event: 5.114 Thread 0x0000026db218f000 Exception <a 'java/lang/ClassNotFoundException': org/springframework/web/servlet/config/annotation/DelegatingWebMvcConfigurationCustomizer> (0x00000007205b2ce0) thrown at [C:\wsjdk\Corretto8Src\installers\windows\zip\corretto-build\buildRoot\src\hotspot\s
Event: 5.115 Thread 0x0000026db218f000 Exception <a 'java/lang/ClassNotFoundException': org/springframework/boot/autoconfigure/web/servlet/WebMvcAutoConfiguration$EnableWebMvcConfigurationCustomizer> (0x00000007205defd8) thrown at [C:\wsjdk\Corretto8Src\installers\windows\zip\corretto-build\bu
Event: 5.116 Thread 0x0000026db218f000 Exception <a 'java/lang/ClassNotFoundException': org/springframework/context/ResourceLoaderAwareCustomizer> (0x00000007206084a8) thrown at [C:\wsjdk\Corretto8Src\installers\windows\zip\corretto-build\buildRoot\src\hotspot\src\share\vm\classfile\systemDict
Event: 5.116 Thread 0x0000026db218f000 Exception <a 'java/lang/ClassNotFoundException': org/springframework/beans/factory/AwareCustomizer> (0x000000072061f160) thrown at [C:\wsjdk\Corretto8Src\installers\windows\zip\corretto-build\buildRoot\src\hotspot\src\share\vm\classfile\systemDictionary.c
Event: 5.116 Thread 0x0000026db218f000 Exception <a 'java/lang/ClassNotFoundException': org/springframework/context/ApplicationContextAwareCustomizer> (0x0000000720638850) thrown at [C:\wsjdk\Corretto8Src\installers\windows\zip\corretto-build\buildRoot\src\hotspot\src\share\vm\classfile\system
Event: 5.117 Thread 0x0000026db218f000 Exception <a 'java/lang/ClassNotFoundException': org/springframework/beans/factory/AwareCustomizer> (0x000000072064fb10) thrown at [C:\wsjdk\Corretto8Src\installers\windows\zip\corretto-build\buildRoot\src\hotspot\src\share\vm\classfile\systemDictionary.c
Event: 5.117 Thread 0x0000026db218f000 Exception <a 'java/lang/ClassNotFoundException': org/springframework/web/context/ServletContextAwareCustomizer> (0x0000000720669208) thrown at [C:\wsjdk\Corretto8Src\installers\windows\zip\corretto-build\buildRoot\src\hotspot\src\share\vm\classfile\system
Event: 5.117 Thread 0x0000026db218f000 Exception <a 'java/lang/ClassNotFoundException': org/springframework/beans/factory/AwareCustomizer> (0x000000072067ff38) thrown at [C:\wsjdk\Corretto8Src\installers\windows\zip\corretto-build\buildRoot\src\hotspot\src\share\vm\classfile\systemDictionary.c
Event: 5.331 Thread 0x0000026db218f000 Exception <a 'java/lang/IncompatibleClassChangeError': Found class java.lang.Object, but interface was expected> (0x0000000721d5b110) thrown at [C:\wsjdk\Corretto8Src\installers\windows\zip\corretto-build\buildRoot\src\hotspot\src\share\vm\interpreter\lin

Events (10 events):
Event: 6.855 loading class javax/management/ObjectName$PatternProperty
Event: 6.855 loading class javax/management/ObjectName$PatternProperty done
Event: 6.856 loading class com/sun/jmx/mbeanserver/Repository$ObjectNamePattern
Event: 6.856 loading class com/sun/jmx/mbeanserver/Repository$ObjectNamePattern done
Event: 6.863 Executing VM operation: RevokeBias
Event: 6.863 Executing VM operation: RevokeBias done
Event: 6.863 Thread 0x0000026db5048000 Thread exited: 0x0000026db5048000
Event: 9.704 Thread 0x0000026db1c1d000 Thread exited: 0x0000026db1c1d000
Event: 13.083 loading class gnu/io/SerialPortEvent
Event: 13.083 loading class gnu/io/SerialPortEvent done


Dynamic libraries:
0x00007ff64e470000 - 0x00007ff64e4aa000 	D:\environment\java_environment\jdk-1.8\bin\java.exe
0x00007ff8211f0000 - 0x00007ff821404000 	C:\WINDOWS\SYSTEM32\ntdll.dll
0x00007ff81f620000 - 0x00007ff81f6e2000 	C:\WINDOWS\System32\KERNEL32.DLL
0x00007ff81e9d0000 - 0x00007ff81ed73000 	C:\WINDOWS\System32\KERNELBASE.dll
0x00007ff8205a0000 - 0x00007ff82064e000 	C:\WINDOWS\System32\ADVAPI32.dll
0x00007ff81fd10000 - 0x00007ff81fdb7000 	C:\WINDOWS\System32\msvcrt.dll
0x00007ff8204f0000 - 0x00007ff820594000 	C:\WINDOWS\System32\sechost.dll
0x00007ff820250000 - 0x00007ff820367000 	C:\WINDOWS\System32\RPCRT4.dll
0x00007ff81f280000 - 0x00007ff81f42b000 	C:\WINDOWS\System32\USER32.dll
0x00007ff81e830000 - 0x00007ff81e856000 	C:\WINDOWS\System32\win32u.dll
0x00007ff81f1f0000 - 0x00007ff81f219000 	C:\WINDOWS\System32\GDI32.dll
0x00007ff81e670000 - 0x00007ff81e788000 	C:\WINDOWS\System32\gdi32full.dll
0x00007ff81e790000 - 0x00007ff81e82a000 	C:\WINDOWS\System32\msvcp_win.dll
0x00007ff81ee40000 - 0x00007ff81ef51000 	C:\WINDOWS\System32\ucrtbase.dll
0x00007ff8036e0000 - 0x00007ff80396e000 	C:\WINDOWS\WinSxS\amd64_microsoft.windows.common-controls_6595b64144ccf1df_6.0.22621.1465_none_271271ab738361f1\COMCTL32.dll
0x00007ff820650000 - 0x00007ff820681000 	C:\WINDOWS\System32\IMM32.DLL
0x00007ff803f10000 - 0x00007ff803fff000 	D:\environment\java_environment\jdk-1.8\jre\bin\msvcr120.dll
0x00007ff803e60000 - 0x00007ff803f06000 	D:\environment\java_environment\jdk-1.8\jre\bin\msvcp120.dll
0x0000000063cf0000 - 0x0000000064566000 	D:\environment\java_environment\jdk-1.8\jre\bin\server\jvm.dll
0x00007ff81fd00000 - 0x00007ff81fd08000 	C:\WINDOWS\System32\PSAPI.DLL
0x00007ff8199a0000 - 0x00007ff8199a9000 	C:\WINDOWS\SYSTEM32\WSOCK32.dll
0x00007ff820370000 - 0x00007ff8203e1000 	C:\WINDOWS\System32\WS2_32.dll
0x00007ff817c50000 - 0x00007ff817c84000 	C:\WINDOWS\SYSTEM32\WINMM.dll
0x00007ff817f80000 - 0x00007ff817f8a000 	C:\WINDOWS\SYSTEM32\VERSION.dll
0x00007ff819c00000 - 0x00007ff819c0f000 	D:\environment\java_environment\jdk-1.8\jre\bin\verify.dll
0x00007ff819800000 - 0x00007ff819829000 	D:\environment\java_environment\jdk-1.8\jre\bin\java.dll
0x00007ff804620000 - 0x00007ff80464a000 	D:\environment\java_environment\jdk-1.8\jre\bin\instrument.dll
0x00007ff819bb0000 - 0x00007ff819bc6000 	D:\environment\java_environment\jdk-1.8\jre\bin\zip.dll
0x00007ff820690000 - 0x00007ff820e8a000 	C:\WINDOWS\System32\SHELL32.dll
0x00007ff81c5a0000 - 0x00007ff81ce6e000 	C:\WINDOWS\SYSTEM32\windows.storage.dll
0x00007ff81f970000 - 0x00007ff81fcf9000 	C:\WINDOWS\System32\combase.dll
0x00007ff81c460000 - 0x00007ff81c59e000 	C:\WINDOWS\SYSTEM32\wintypes.dll
0x00007ff81f0f0000 - 0x00007ff81f1e1000 	C:\WINDOWS\System32\SHCORE.dll
0x00007ff821050000 - 0x00007ff8210ae000 	C:\WINDOWS\System32\shlwapi.dll
0x00007ff81e530000 - 0x00007ff81e551000 	C:\WINDOWS\SYSTEM32\profapi.dll
0x00007ff803110000 - 0x00007ff80312a000 	D:\environment\IDE\IntelliJ IDEA 2021.3.3\bin\breakgen64.dll
0x00007ff818da0000 - 0x00007ff818dba000 	D:\environment\java_environment\jdk-1.8\jre\bin\net.dll
0x00007ff81da70000 - 0x00007ff81dad9000 	C:\WINDOWS\system32\mswsock.dll
0x00007ff8022b0000 - 0x00007ff8022e3000 	C:\Program Files (x86)\Sangfor\SSL\ClientComponent\SangforNspX64.dll
0x00007ff81f7d0000 - 0x00007ff81f96c000 	C:\WINDOWS\System32\ole32.dll
0x00007ff81f6f0000 - 0x00007ff81f7c7000 	C:\WINDOWS\System32\OLEAUT32.dll
0x00007ff81d140000 - 0x00007ff81d233000 	C:\WINDOWS\SYSTEM32\DNSAPI.dll
0x00007ff81d0d0000 - 0x00007ff81d0fd000 	C:\WINDOWS\SYSTEM32\IPHLPAPI.DLL
0x00007ff81f610000 - 0x00007ff81f619000 	C:\WINDOWS\System32\NSI.dll
0x00000000648f0000 - 0x0000000064916000 	C:\Program Files\Bonjour\mdnsNSP.dll
0x00007ff8130b0000 - 0x00007ff8130ba000 	C:\Windows\System32\rasadhlp.dll
0x00007ff815af0000 - 0x00007ff815b74000 	C:\WINDOWS\System32\fwpuclnt.dll
0x00007ff818d60000 - 0x00007ff818d6d000 	D:\environment\java_environment\jdk-1.8\jre\bin\management.dll
0x00007ff818d80000 - 0x00007ff818d92000 	D:\environment\java_environment\jdk-1.8\jre\bin\nio.dll
0x00007ff81dd90000 - 0x00007ff81ddab000 	C:\WINDOWS\SYSTEM32\CRYPTSP.dll
0x00007ff81d580000 - 0x00007ff81d5b5000 	C:\WINDOWS\system32\rsaenh.dll
0x00007ff81db10000 - 0x00007ff81db38000 	C:\WINDOWS\SYSTEM32\USERENV.dll
0x00007ff81dec0000 - 0x00007ff81dee8000 	C:\WINDOWS\SYSTEM32\bcrypt.dll
0x00007ff81ef60000 - 0x00007ff81efdb000 	C:\WINDOWS\System32\bcryptprimitives.dll
0x00007ff81dd70000 - 0x00007ff81dd7c000 	C:\WINDOWS\SYSTEM32\CRYPTBASE.dll
0x00007ff817360000 - 0x00007ff817379000 	C:\WINDOWS\SYSTEM32\dhcpcsvc6.DLL
0x00007ff8172e0000 - 0x00007ff8172ff000 	C:\WINDOWS\SYSTEM32\dhcpcsvc.DLL
0x00007ffffdde0000 - 0x00007ffffddf7000 	C:\WINDOWS\system32\napinsp.dll
0x00007ffffd9b0000 - 0x00007ffffd9cb000 	C:\WINDOWS\system32\pnrpnsp.dll
0x00007ffffd7d0000 - 0x00007ffffd7e1000 	C:\WINDOWS\System32\winrnr.dll
0x00007ffffe840000 - 0x00007ffffe855000 	C:\WINDOWS\system32\wshbth.dll
0x00007ffffe6b0000 - 0x00007ffffe6d1000 	C:\WINDOWS\system32\nlansp_c.dll
0x0000000180000000 - 0x0000000180286000 	D:\environment\server_environment\tomcat8\bin\tcnative-1.dll
0x00007ff81e860000 - 0x00007ff81e9c7000 	C:\WINDOWS\System32\CRYPT32.dll
0x00007ff802df0000 - 0x00007ff802e13000 	D:\environment\java_environment\jdk-1.8\jre\bin\sunec.dll
0x00007ff805ba0000 - 0x00007ff805bac000 	D:\environment\java_environment\jdk-1.8\jre\bin\sunmscapi.dll
0x00007ff81de90000 - 0x00007ff81debe000 	C:\WINDOWS\SYSTEM32\ncrypt.dll
0x00007ff81de50000 - 0x00007ff81de87000 	C:\WINDOWS\SYSTEM32\NTASN1.dll
0x0000026db25a0000 - 0x0000026db25c5000 	D:\environment\java_environment\jdk-1.8\bin\rxtxSerial.dll
0x00007ff81bf30000 - 0x00007ff81c15e000 	C:\WINDOWS\SYSTEM32\dbghelp.dll

VM Arguments:
jvm_args: -XX:TieredStopAtLevel=1 -Xverify:none -Dspring.output.ansi.enabled=always -Dcom.sun.management.jmxremote -Dspring.jmx.enabled=true -Dspring.liveBeansView.mbeanDomain -Dspring.application.admin.enabled=true -javaagent:D:\environment\IDE\IntelliJ IDEA 2021.3.3\lib\idea_rt.jar=14659:D:\environment\IDE\IntelliJ IDEA 2021.3.3\bin -Dfile.encoding=GBK 
java_command: com.example.ppqppl_inpatient_ward_server.PpqpplInpatientWardServerApplication
java_class_path (initial): D:\environment\java_environment\jdk-1.8\jre\lib\charsets.jar;D:\environment\java_environment\jdk-1.8\jre\lib\ext\access-bridge-64.jar;D:\environment\java_environment\jdk-1.8\jre\lib\ext\cldrdata.jar;D:\environment\java_environment\jdk-1.8\jre\lib\ext\dnsns.jar;D:\environment\java_environment\jdk-1.8\jre\lib\ext\jaccess.jar;D:\environment\java_environment\jdk-1.8\jre\lib\ext\jfxrt.jar;D:\environment\java_environment\jdk-1.8\jre\lib\ext\localedata.jar;D:\environment\java_environment\jdk-1.8\jre\lib\ext\nashorn.jar;D:\environment\java_environment\jdk-1.8\jre\lib\ext\sunec.jar;D:\environment\java_environment\jdk-1.8\jre\lib\ext\sunjce_provider.jar;D:\environment\java_environment\jdk-1.8\jre\lib\ext\sunmscapi.jar;D:\environment\java_environment\jdk-1.8\jre\lib\ext\sunpkcs11.jar;D:\environment\java_environment\jdk-1.8\jre\lib\ext\zipfs.jar;D:\environment\java_environment\jdk-1.8\jre\lib\jce.jar;D:\environment\java_environment\jdk-1.8\jre\lib\jfr.jar;D:\environment\java_environment\jdk-1.8\jre\lib\jfxswt.jar;D:\environment\java_environment\jdk-1.8\jre\lib\jsse.jar;D:\environment\java_environment\jdk-1.8\jre\lib\management-agent.jar;D:\environment\java_environment\jdk-1.8\jre\lib\resources.jar;D:\environment\java_environment\jdk-1.8\jre\lib\rt.jar;D:\code-file\Ppqppl_Inpatient_Ward_Server\target\classes;C:\Users\ppqpp\.m2\repository\org\springframework\boot\spring-boot-starter-data-jpa\2.2.4.RELEASE\spring-boot-starter-data-jpa-2.2.4.RELEASE.jar;C:\Users\ppqpp\.m2\repository\org\springframework\boot\spring-boot-starter-aop\2.2.4.RELEASE\spring-boot-starter-aop-2.2.4.RELEASE.jar;C:\Users\ppqpp\.m2\repository\org\springframework\spring-aop\5.2.3.RELEASE\spring-aop-5.2.3.RELEASE.jar;C:\Users\ppqpp\.m2\repository\org\aspectj\aspectjweaver\1.9.5\aspectjweaver-1.9.5.jar;C:\Users\ppqpp\.m2\repository\jakarta\activation\jakarta.activation-api\1.2.1\jakarta.activation-api-1.2.1.jar;C:\Users\ppqpp\.m2\repository\jakarta\persistence\jakarta.persistence-api
Launcher Type: SUN_STANDARD

Environment Variables:
JAVA_HOME=D:\environment\java_environment\jdk1.8.0_331
USERNAME=ppqpp
OS=Windows_NT
PROCESSOR_IDENTIFIER=Intel64 Family 6 Model 165 Stepping 2, GenuineIntel



---------------  S Y S T E M  ---------------

OS: Windows 10.0 , 64 bit Build 22621 (10.0.22621.1680)

CPU:total 16 (initial active 16) (8 cores per cpu, 2 threads per core) family 6 model 165 stepping 2, cmov, cx8, fxsr, mmx, sse, sse2, sse3, ssse3, sse4.1, sse4.2, popcnt, avx, avx2, aes, clmul, erms, 3dnowpref, lzcnt, ht, tsc, tscinvbit, bmi1, bmi2, adx

Memory: 4k page, physical 33458992k(19632544k free), swap 35556144k(16626516k free)

vm_info: OpenJDK 64-Bit Server VM (25.322-b06) for windows-amd64 JRE (1.8.0_322-b06), built on Jan 13 2022 23:37:51 by "Administrator" with MS VC++ 12.0 (VS2013)

time: Wed May 17 19:57:47 2023
timezone: ?D1¨²¡À¨º¡Á?¨º¡À??
elapsed time: 13.110730 seconds (0d 0h 0m 13s)

